# Logfile created on 2017-12-29 12:55:05 +0300 by logger.rb/61378
   Lyrics:lyrics3.yml
Load YAML:  0.856000   0.016000   0.872000 (  0.878970)
Add2array:  3.284000   0.036000   3.320000 (  3.332985)
Init hash:  0.852000   0.020000   0.872000 (  0.876449)
 Level 6:1
Question:одКга ннеонозяб вттемзбоевусл оно
  Answer:Когда боязненно безмолвствует оно...
    Time:  0.012000   0.000000   0.012000 (  0.011379)

 Level 6:2
Question:аРзоаллми юенумт нуетцим
  Answer:Разломали темную темницу...
    Time:  0.056000   0.000000   0.056000 (  0.056275)

 Level 6:3
Question:   Но   отоиплдс ьопшлбое псисе в емн
  Answer:     Но подлости побольше спеси в нем.
    Time:  0.064000   0.000000   0.064000 (  0.063217)

 Level 6:4
Question:оЧт лыбо  ебутд ввьон
  Answer:Что было — будет вновь.

    Time:  0.072000   0.000000   0.072000 (  0.071912)

 Level 6:5
Question:адН мико тнахеч йтрсаы ртсжаилну
  Answer:Над коим чахнет старый журналист,
    Time:  0.072000   0.000000   0.072000 (  0.074638)

 Level 6:6
Question:На ныешяроб праа плтгыядоаев
  Answer:На боярышен арап поглядывает.
    Time:  0.088000   0.000000   0.088000 (  0.087993)

 Level 6:7
Question:нлойодГы лев тесдил нлоея бег ичухайп
  Answer:Голодный лев следит оленя бег пахучий.
    Time:  0.092000   0.000000   0.092000 (  0.093706)

 Level 6:8
Question:иСцтуан дгоюру скыоохнпй ебдйеел
  Answer:Станицу гордую спокойных лебедей.
    Time:  0.104000   0.000000   0.104000 (  0.104508)

 Level 6:9
Question:И уйсчал бог зьрталтбиеое
  Answer:И случай, бог изобретатель...
    Time:  0.128000   0.000000   0.128000 (  0.130876)

 Level 6:10
Question:Их суитнелпесны явньижед
  Answer:Их исступленные движенья,
    Time:  0.132000   0.000000   0.132000 (  0.135431)

 Level 6:11
Question:инД атсжвреуд лбвию днеажд и иуртсг жненйо
  Answer:Дни дружества, любви, надежд и грусти нежной,
    Time:  0.132000   0.000000   0.132000 (  0.135829)

 Level 6:12
Question:акК ссро цмиепмто ывлас лпа
  Answer:Как росс, питомцем славы пал!
    Time:  0.144000   0.000000   0.144000 (  0.149770)

 Level 6:13
Question:И их йызтаыб одедоомцн
  Answer:И их забытый однодомец,
    Time:  0.160000   0.000000   0.160000 (  0.165360)

 Level 6:14
Question:атвсиОм ртстиса адежбуязьнл
  Answer:Оставим страсти заблужденья;
    Time:  0.176000   0.000000   0.176000 (  0.180191)

 Level 6:15
Question:Не епл с рврпындмиио имчаьякд
  Answer:Не пел с придворными дьячками,
    Time:  0.188000   0.000000   0.188000 (  0.192450)

 Level 6:16
Question:ветжоНеесв раиьзт фмеаойан гйирвои
  Answer:Невежество разить анафемой игривой.
    Time:  0.192000   0.000000   0.192000 (  0.195972)

 Level 6:17
Question:оКторую смаа аооразжвли
  Answer:Которую сама заворожила.
    Time:  0.228000   0.000000   0.228000 (  0.229301)

 Level 6:18
Question:С воьюлюб юеьнстол лропве йелевсы евк
  Answer:С любовью, леностью провел веселый век,
    Time:  0.232000   0.000000   0.232000 (  0.231726)

 Level 6:19
Question:Пдо нмии нрбявае олаз
  Answer:Под ними вербная лоза
    Time:  0.320000   0.004000   0.324000 (  0.323962)

 Level 6:20
Question:лькСо ты асочт разсаляадв
  Answer:Сколь ты часто раздавался
    Time:  0.320000   0.004000   0.324000 (  0.323962)

 Level 6:21
Question:Д  т ори ж и лее ишдыт
  Answer:    Дрожит и еле дышит.
    Time:  0.332000   0.004000   0.336000 (  0.333129)

 Level 6:22
Question:аюУзнт нйкое ртыиевх
  Answer:Узнают коней ретивых
    Time:  0.368000   0.008000   0.376000 (  0.371615)

 Level 6:23
Question:Кадог б мели я сот чейо
  Answer:Когда б имел я сто очей,
    Time:  0.424000   0.012000   0.436000 (  0.429523)

 Level 6:24
Question:иОнд ндио оаслтяс я
  Answer:Один, один остался я,
    Time:  0.440000   0.012000   0.452000 (  0.446810)

 Level 6:25
Question:иМхо йшеу нсялкоус но
  Answer:Моих ушей коснулся он, —
    Time:  0.448000   0.012000   0.460000 (  0.453288)

 Level 6:26
Question:еН юрве оввнь аон еснаттвсо
  Answer:Не верю! вновь она восстанет!
    Time:  0.456000   0.016000   0.472000 (  0.465089)

 Level 6:27
Question:аН оопдхе на йнево
  Answer:На походе, на войне
    Time:  0.460000   0.016000   0.476000 (  0.466917)

 Level 6:28
Question:И R и О обаызаюпв
  Answer:И R и О позабываю
    Time:  0.460000   0.016000   0.476000 (  0.469699)

 Level 6:29
Question:дПаюаптося деон
  Answer:Попадаются одне...
    Time:  0.464000   0.016000   0.480000 (  0.472066)

 Level 6:30
Question:Нвоюел рседцем аюжобо
  Answer:Неволю сердцем обожаю.
    Time:  0.508000   0.020000   0.528000 (  0.518387)

 Level 6:31
Question:втОсая зинлудеайбж птьу
  Answer:Оставя заблуждений путь,
    Time:  0.524000   0.020000   0.544000 (  0.545293)

 Level 6:32
Question:И в ыасйм глкийе рмлгадаи
  Answer:И в самый легкий мадригал
    Time:  0.552000   0.020000   0.572000 (  0.574987)

 Level 6:33
Question:аКк еысптр ыевд лдоймоо
  Answer:Как персты девы молодой.
    Time:  0.556000   0.020000   0.576000 (  0.585789)

 Level 6:34
Question:еН льдуаос пьркыирт освих праозк
  Answer:Не удалось прикрыть своих проказ:
    Time:  0.556000   0.020000   0.576000 (  0.587375)

 Level 6:35
Question:         ихСво нлыооелхбзн нсыво
  Answer:         Своих озлобленных сынов:
    Time:  0.600000   0.024000   0.624000 (  0.636083)

 Level 6:36
Question:нмоОтен лвя тнооемн уокнтсвач
  Answer:Отменно вял, отменно скучноват,
    Time:  0.620000   0.024000   0.644000 (  0.655421)

 Level 6:37
Question:ногилБже ркяриуеМ
  Answer:Ближнего Меркурия,
    Time:  0.632000   0.024000   0.656000 (  0.668174)

 Level 6:38
Question:Марк нышйуедв гвми иезчс
  Answer:Мрак душевный вмиг исчез!
    Time:  0.640000   0.024000   0.664000 (  0.673982)

 Level 6:39
Question:шНа ругд рфТида юбиецлм Кмао
  Answer:Наш друг Тардиф, любимец Кома,
    Time:  0.700000   0.024000   0.724000 (  0.733229)

 Level 6:40
Question:Мхио свтхио ты ен нриопнулк
  Answer:Моих стихов ты не проникнул.
    Time:  0.780000   0.024000   0.804000 (  0.813835)

 Level 6:41
Question:оориохчсенМагк
  Answer:Монархического.
    Time:  0.780000   0.024000   0.804000 (  0.814850)

 Level 6:42
Question:пиешеСт же пдо екилссьй ынрйим врок
  Answer:Спешите же под сельский мирный кров,
    Time:  0.792000   0.024000   0.816000 (  0.825535)

 Level 6:43
Question:олоТкь евырст соолтпыа
  Answer:Только версты полосаты
    Time:  0.816000   0.024000   0.840000 (  0.846069)

 Level 6:44
Question:Пдо деийон осрулйкпо
  Answer:Под единой скорлупой.
    Time:  0.832000   0.024000   0.856000 (  0.864761)

 Level 6:45
Question:обЧт пеосолдп хайилМо вийКанкчеос
  Answer:Чтоб подоспел Михайло Каченовский.
    Time:  0.836000   0.024000   0.860000 (  0.866713)

 Level 6:46
Question:Ни ткиос ни иерпот
  Answer:Ни тоски, ни потери,
    Time:  0.840000   0.024000   0.864000 (  0.870471)

 Level 6:47
Question:И дажл теяб внещу кемсрипсхе вде
  Answer:И ждал тебя, вещун пермесских дев,
    Time:  0.840000   0.024000   0.864000 (  0.870729)

 Level 6:48
Question:В теркос ненаылав он их ажзге он тсовхди
  Answer:В костер навалены; он их зажег; он всходит;
    Time:  0.844000   0.024000   0.868000 (  0.873979)

 Level 6:49
Question:нНеор же езб гное впрувдиа ертмьс зрути
  Answer:Нерон же без него правдиву смерть узрит.
    Time:  0.848000   0.024000   0.872000 (  0.880419)

 Level 6:50
Question:иЧь тресоиг иисхт ыйетнпоын эпот
  Answer:Чьи строгие стихи, неопытный поэт,
    Time:  0.860000   0.024000   0.884000 (  0.905296)

 Level 6:51
Question:каТ венундоья рьуб еыхнзм
  Answer:Так дуновенья бурь земных
    Time:  0.892000   0.024000   0.916000 (  0.964595)

 Level 6:52
Question:     Бмкоо номди с орзцабмо сохж и его оведпер
  Answer:     Боком одним с образцом схож и его перевод.
    Time:  0.892000   0.024000   0.916000 (  0.966325)

 Level 6:53
Question:аДуш тйооб увязлеан
  Answer:Душа тобой уязвлена,
    Time:  0.896000   0.024000   0.920000 (  0.967432)

 Level 6:54
Question:оС овзодмх уачсу алксза
  Answer:Со вздохом усачу сказал:
    Time:  0.900000   0.024000   0.924000 (  0.977997)

 Level 6:55
Question:аН ебрге ыброневш зргоюо
  Answer:На берег выброшен грозою,
    Time:  0.904000   0.024000   0.928000 (  0.978795)

 Level 6:56
Question:То гаурезль ладуео
  Answer:То разгулье удалое,
    Time:  0.908000   0.024000   0.932000 (  0.982468)

 Level 6:57
Question:рлбОока оябр гкмруо
  Answer:Обокрал бояр кругом,
    Time:  0.916000   0.024000   0.940000 (  0.996144)

 Level 6:58
Question:И вот щлеьеу хначмыр касл
  Answer:И вот ущелье мрачных скал
    Time:  0.928000   0.024000   0.952000 (  1.010077)

 Level 6:59
Question:На ежол аквом и лйлие
  Answer:На ложе маков и лилей;
    Time:  0.936000   0.024000   0.960000 (  1.021378)

 Level 6:60
Question:еМн бждаур круу длпоаа
  Answer:Мне дружба руку подала,
    Time:  0.964000   0.024000   0.988000 (  1.049352)

 Level 6:61
Question:А еонвндго ияьаппотрн
  Answer:А дневного пропитанья
    Time:  0.984000   0.024000   1.008000 (  1.070245)

 Level 6:62
Question:тО сав зуанл я нпел вВашрыа
  Answer:От вас узнал я плен Варшавы.
    Time:  1.004000   0.024000   1.028000 (  1.091449)

 Level 6:63
Question:вуорабС ты еатвлолек
  Answer:Сабуров, ты оклеветал
    Time:  1.016000   0.024000   1.040000 (  1.101394)

 Level 6:64
Question:ьуПтс будут влыачтсис вес евс оивт ряузьд
  Answer:Пусть будут счастливы все, все твои друзья!
    Time:  1.020000   0.024000   1.044000 (  1.102266)

 Level 6:65
Question:Вам все чем адр и чем бгтоа
  Answer:Вам все, чем рад и чем богат;
    Time:  1.036000   0.024000   1.060000 (  1.116066)

 Level 6:66
Question:тО ыпдазанх омрйе до ыахсм тавр оохсвычнт
  Answer:От западных морей до самых врат восточных
    Time:  1.040000   0.024000   1.064000 (  1.119320)

 Level 6:67
Question:боТюо йнспныреене
  Answer:Тобою пренесенный
    Time:  1.048000   0.024000   1.072000 (  1.127450)

 Level 6:68
Question:нчтоПеия юиблв и нойнже быджру идар
  Answer:Почтения, любви и нежной дружбы ради
    Time:  1.060000   0.024000   1.084000 (  1.140078)

 Level 6:69
Question:В саурнт дге пумннлаею дтьлмоса
  Answer:В страну, где пламенную младость
    Time:  1.068000   0.024000   1.092000 (  1.148177)

 Level 6:70
Question:веГеро ерсаве угбя
  Answer:Героев севера губя
    Time:  1.092000   0.024000   1.116000 (  1.171635)

 Level 6:71
Question:Вдпьре ебет нежвае анаку
  Answer:Впредь тебе, невежа, наука:
    Time:  1.168000   0.024000   1.192000 (  1.245555)

 Level 6:72
Question:еН иужв я тхови оечй
  Answer:Не вижу я твоих очей,
    Time:  1.180000   0.024000   1.204000 (  1.256388)

 Level 6:73
Question:н  ов   и
  Answer:     воин;
    Time:  1.180000   0.024000   1.204000 (  1.256489)

 Level 6:74
Question:Аумр лтеив  и зртаав иесл жноом
  Answer:Амур велит — и завтра, если можно,
    Time:  1.188000   0.024000   1.212000 (  1.263777)

 Level 6:75
Question:отЧ ртпедой то бдтеу ломи
  Answer:Что пройдет, то будет мило.
    Time:  1.228000   0.024000   1.252000 (  1.302351)

 Level 6:76
Question:В весосдтсо абог тькырсяс енм
  Answer:В соседство бога скрыться мне!..
    Time:  1.244000   0.024000   1.268000 (  1.316463)

 Level 6:77
Question:аитлемтннсьСтеино оеайнмрн
  Answer:Сентиментальности манерной
    Time:  1.280000   0.024000   1.304000 (  1.349744)

 Level 6:78
Question:оожнМ етудб в кикяпот
  Answer:Можно будет в кипяток
    Time:  1.300000   0.024000   1.324000 (  1.390358)

 Level 6:79
Question:лоавыБ в алосдмк лееьплнсое
  Answer:Бывало в сладком ослепленье
    Time:  1.308000   0.024000   1.332000 (  1.399647)

 Level 6:80
Question:В птоел ачынзесихвт гурпод
  Answer:В толпе застенчивых подруг,
    Time:  1.352000   0.024000   1.376000 (  1.491867)

 Level 6:81
Question:Полно саратх и таысд
  Answer:Полон страха и стыда;
    Time:  1.368000   0.024000   1.392000 (  1.524069)

 Level 6:82
Question:В иинзж армчйон и пйнеоензрр
  Answer:В жизни мрачной и презренной
    Time:  1.376000   0.024000   1.400000 (  1.540237)

 Level 6:83
Question:В ммуишнве тблюи твьябыаасз
  Answer:В минувшем любит забываться.
    Time:  1.408000   0.028000   1.436000 (  1.574905)

 Level 6:84
Question:И ылееб в енти еведр рикыум
  Answer:И белые в тени дерев кумиры,
    Time:  1.416000   0.028000   1.444000 (  1.581568)

 Level 6:85
Question:желаБн кот тежом орьл зьаыбт
  Answer:Блажен, кто может роль забыть
    Time:  1.432000   0.032000   1.464000 (  1.602496)

 Level 6:86
Question:авДно иушмихвн хеымнт тел
  Answer:Давно минувших темных лет.
    Time:  1.500000   0.032000   1.532000 (  1.668345)

 Level 6:87
Question:мтрткыыО сермдце ряоовг
  Answer:Открытым сердцем говоря
    Time:  1.500000   0.032000   1.532000 (  1.668565)

 Level 6:88
Question:нйнаеР йорпо
  Answer:Ранней порой
    Time:  1.500000   0.032000   1.532000 (  1.669038)

 Level 6:89
Question:кТа онгсйнолыеелкм шйоуд
  Answer:Так легкомысленной душой,
    Time:  1.524000   0.032000   1.556000 (  1.695942)

 Level 6:90
Question:еоснБке по еергбу коусмомр
  Answer:Бесенок по берегу морскому,
    Time:  1.600000   0.032000   1.632000 (  1.772110)

 Level 6:91
Question:оН дмсцере онсиинт ежлюа
  Answer:Но сердцем истинно жалею,
    Time:  1.600000   0.032000   1.632000 (  1.772110)

 Level 6:92
Question:реПд дженннйаоио йзаре
  Answer:Пред неожиданной зарей?
    Time:  1.624000   0.032000   1.656000 (  1.793388)

 Level 6:93
Question:нСот ирыл рвеной не тнякеосс
  Answer:Стон лиры верной не коснется
    Time:  1.672000   0.032000   1.704000 (  1.839802)

 Level 6:94
Question:агКдо овкснил ко емн ьмлыетеитон рызов
  Answer:Когда, склонив ко мне томительные взоры
    Time:  1.676000   0.032000   1.708000 (  1.843102)

 Level 6:95
Question:рТпьее мне ьттссеонч  аврртнтыа
  Answer:нет
    Time:  1.704000   0.032000   1.736000 (  1.874284)

 Level 6:96
Question:И перусдоитош с зньйтвеиляо клйуобы
  Answer:И простодушие с язвительной улыбкой.
    Time:  1.708000   0.036000   1.744000 (  1.883829)

 Level 6:97
Question:Дзярьму он йнырев рудг самакицрав члтуеиьм
  Answer:Друзьям он верный друг, красавицам мучитель,
    Time:  1.708000   0.036000   1.744000 (  1.884280)

 Level 6:98
Question:ьлсксПаяе емечорв ткуилоч ойтв идопхр
  Answer:Плескаясь вечером, окличут твой приход,
    Time:  1.728000   0.036000   1.764000 (  1.902612)

 Level 6:99
Question:еиньсПрйазт  ман ааслизк
  Answer:«Признайтесь, — нам сказали, —
    Time:  1.748000   0.036000   1.784000 (  1.920787)

 Level 6:100
Question:хИ типюдоджа в елйиЭз
  Answer:Их поджидают в Элизей,
    Time:  1.764000   0.036000   1.800000 (  1.935752)

 Level 6:101
Question:Кка зуро в ниишет еагарм
  Answer:Как розу, в тишине гарема
    Time:  1.764000   0.036000   1.800000 (  1.936798)

 Level 6:102
Question:руДг нрйыедчес нем аендмни лриовго
  Answer:Друг сердечный мне намедни говорил:
    Time:  1.768000   0.036000   1.804000 (  1.941072)

 Level 6:103
Question:войТ сйлтрантысасдо зовргаор
  Answer:Твой сладострастный разговор
    Time:  1.772000   0.040000   1.812000 (  1.947896)

 Level 6:104
Question:рдПе кме дьсре еессчкхинм пичну
  Answer:Пред кем средь чесменских пучин
    Time:  1.780000   0.040000   1.820000 (  1.958869)

 Level 6:105
Question:руянСыда жнеа не илскааалпр
  Answer:Сударыня жена не приласкала.
    Time:  1.800000   0.044000   1.844000 (  1.984186)

 Level 6:106
Question:     В еупыст есбаен
  Answer:     В пустые небеса;
    Time:  1.800000   0.044000   1.844000 (  1.985973)

 Level 6:107
Question:сеВ ечуптш хА кка оршоха
  Answer:Все шепчут: «Ах! как хороша!»
    Time:  1.816000   0.044000   1.860000 (  2.003489)

 Level 6:108
Question:зохВду онпл ныьедмах аврал
  Answer:Воздух полн дыханьем лавра,
    Time:  1.816000   0.044000   1.860000 (  2.005586)

 Level 6:109
Question:егЭ еумлнкс в тнумиу я
  Answer:Эге! смекнул в минуту я:
    Time:  1.820000   0.044000   1.864000 (  2.014696)

 Level 6:110
Question:   Я  инзиж лдиев иьлш аночла
  Answer:    Я жизни видел лишь начало
    Time:  1.840000   0.048000   1.888000 (  2.040145)

 Level 6:111
Question:Я сам нвьтасмоябыа рда
  Answer:Я сам обманываться рад!
    Time:  1.872000   0.048000   1.920000 (  2.073209)

 Level 7:1
Question:млььИтирысгмлыоо р  екбепмн
  Answer:И смерть погибельным крылом
    Time:  0.008000   0.000000   0.008000 (  0.007520)

 Level 7:2
Question:иаеулмж кьрвроол н Ики юыювп
  Answer:И первою кровью умыли кинжал.
    Time:  0.020000   0.000000   0.020000 (  0.026848)

 Level 7:3
Question:оаннти дбоиыо  д  аЧшапмл
  Answer:Чтоб и под ним она дышала,
    Time:  0.028000   0.000000   0.028000 (  0.033952)

 Level 7:4
Question:рНдт ая н  алпу кабеезедзя 
  Answer:Ну, так! я празден, я без дела,
    Time:  0.044000   0.004000   0.048000 (  0.051555)

 Level 7:5
Question:лябитсоаябтжзаы вмПоушо оунох юр дрийе 
  Answer:Противу ямба, хорея злобой ужасною дышит;
    Time:  0.048000   0.004000   0.052000 (  0.052805)

 Level 7:6
Question:е хмрсровнс ьВа биоожеахыяптчч адовев н
  Answer:В беспечных радостях, в живом очарованье,
    Time:  0.048000   0.004000   0.052000 (  0.054136)

 Level 7:7
Question:оимеаарН чтйоевтенстйс 
  Answer:Несчастной матери твоей.
    Time:  0.080000   0.004000   0.084000 (  0.084830)

 Level 7:8
Question:s e a mrètl nieCaieuemQc
  Answer:Que serait ce, ma Climène,
    Time:  0.080000   0.004000   0.084000 (  0.084936)

 Level 7:9
Question:  а онреТепцб  сеентосейуд гаожнеГч
  Answer:Где Тасса не поет уже ночной гребец,
    Time:  0.092000   0.004000   0.096000 (  0.096754)

 Level 7:10
Question:л п сууя скатуьймПмну о уюрбур
  Answer:Пускай умру, но пусть умру любя!
    Time:  0.100000   0.004000   0.104000 (  0.106182)

 Level 7:11
Question:жуюо  яылр лохтсоСбгтп ре уи
  Answer:С глупых лет брожу я сиротою;
    Time:  0.128000   0.004000   0.132000 (  0.132651)

 Level 7:12
Question:в сеейлхаенвнивыжейцозС тв 
  Answer:Схватив железный свой венец,
    Time:  0.144000   0.004000   0.148000 (  0.148659)

 Level 7:13
Question:зЯ пакДыаа втооэ
  Answer:Да Языкова поэта
    Time:  0.144000   0.004000   0.148000 (  0.150253)

 Level 7:14
Question:оБпсиител ев зеж йиеу пдозд сп
  Answer:Без подписи ж пустив ее, злодей.
    Time:  0.144000   0.004000   0.148000 (  0.150600)

 Level 7:15
Question:иайугсПваркс чыыр ниткиацо илг
  Answer:Проигрывал ты кучки ассигнаций,
    Time:  0.152000   0.004000   0.156000 (  0.160003)

 Level 7:16
Question:чмооьтюю лу снй дЯоож
  Answer:Я молод юностью чужой
    Time:  0.152000   0.004000   0.156000 (  0.160256)

 Level 7:17
Question: адотнгсл пой Иуннееашмй
  Answer:И гаснет пламенной душой.
    Time:  0.168000   0.008000   0.176000 (  0.181412)

 Level 7:18
Question:Снулеенд гщмреынне п ат о
  Answer:Слог дурен, темен, напыщен —
    Time:  0.188000   0.008000   0.196000 (  0.201448)

 Level 7:19
Question:ож  еенл йнлае не а бжБялбн о  
  Answer:     Блажен! но я блаженней боле.
    Time:  0.224000   0.008000   0.232000 (  0.236249)

 Level 7:20
Question:лрс емп  втеуо апвж ьаАо
  Answer:А вам в постель уже пора.
    Time:  0.224000   0.008000   0.232000 (  0.236321)

 Level 7:21
Question:ихосжздооо ге о   рмоеаб цнмсд имо Бпрео   в к
  Answer:     Боком одним с образцом схож и его перевод.
    Time:  0.228000   0.008000   0.236000 (  0.238767)

 Level 7:22
Question: стЧ  сиьс юто  аттв е янаочйус рв
  Answer:     Что с участью твоей сравнится?
    Time:  0.244000   0.008000   0.252000 (  0.254226)

 Level 7:23
Question:нСтея ед   б   е смцрвеь
  Answer:     Сердце бьется в нем,
    Time:  0.252000   0.008000   0.260000 (  0.261449)

 Level 7:24
Question:я тоаа е х  ряс бохЯьн а бздредтеынл
  Answer:Я не забыл себя, хоть рад, хотя не рад.
    Time:  0.256000   0.008000   0.264000 (  0.266029)

 Level 7:25
Question:лооаехсет й в Сньеейм
  Answer:Со мной ехать веселей.
    Time:  0.268000   0.008000   0.276000 (  0.276213)

 Level 7:26
Question:уС илоелро мсипуп т
  Answer:Село по миру пустил,
    Time:  0.272000   0.008000   0.280000 (  0.280030)

 Level 7:27
Question:пыооте лвлибЧАйолнюс
  Answer:Честолюбивый Аполлон.
    Time:  0.296000   0.008000   0.304000 (  0.307232)

 Level 7:28
Question:хаойлтыабмд ы и стизехзанин дбуолИж сл
  Answer:И сладостных забот, и милых заблуждений!
    Time:  0.300000   0.008000   0.308000 (  0.308529)

 Level 7:29
Question:оывшааиркб тонлиаН  тб н нео с
  Answer:  Но никто барабанов не слышит,
    Time:  0.312000   0.008000   0.320000 (  0.322003)

 Level 7:30
Question:ензнларом о тисВьгйу тбяедхжне
  Answer:В томленьях грусти безнадежной,
    Time:  0.316000   0.008000   0.324000 (  0.327930)

 Level 7:31
Question:ои дапортеуяБн
  Answer:Боярину подает,
    Time:  0.320000   0.008000   0.328000 (  0.329562)

 Level 7:32
Question:н рннчлры д мивДауогмсйее еегндрио
  Answer:Друг сердечный мне намедни говорил:
    Time:  0.320000   0.012000   0.332000 (  0.332251)

 Level 7:33
Question:о иутшдрм зймглуВоасо
  Answer:Вдруг соломой зашумит,
    Time:  0.320000   0.012000   0.332000 (  0.333728)

 Level 7:34
Question:Пилнтбуа сеаяорр
  Answer:Пробирается луна,
    Time:  0.324000   0.012000   0.336000 (  0.336167)

 Level 7:35
Question:ееЯяс  сзлнандбоа ьж едльастс 
  Answer:Я здесь остался б — наслажденье
    Time:  0.336000   0.012000   0.348000 (  0.347750)

 Level 7:36
Question: ркейжезыйсоанс  твев к аеорглтеИч
  Answer:И строгой век, расчета век железный,
    Time:  0.388000   0.012000   0.400000 (  0.400198)

 Level 7:37
Question:бт босч  т ниаый в   осельоО с
  Answer:     Остались вечно бы с тобой.
    Time:  0.388000   0.012000   0.400000 (  0.400198)

 Level 7:38
Question:и рил уи   кбенБвтрыбОАн сР вые еаПхлмф
  Answer:Он в Риме был бы Брут, в Афинах Периклес,
    Time:  0.392000   0.012000   0.404000 (  0.404038)

 Level 7:39
Question:пллноеог в ерйПрнааыин
  Answer:Поварни полный генерал,
    Time:  0.432000   0.012000   0.444000 (  0.446642)

 Level 7:40
Question:кеБлчдзв онев рапаыоыйрбо
  Answer:Безбрачной девы покрывало.
    Time:  0.456000   0.012000   0.468000 (  0.470821)

 Level 7:41
Question:вняс ися юеВк еимуьюоестдл
  Answer:В великую семью соединятся.
    Time:  0.472000   0.012000   0.484000 (  0.487062)

 Level 7:42
Question:тва са тонимлпяи сяоледилчянв оЖ  аск
  Answer:Желания кипят — я снова счастлив, молод,
    Time:  0.476000   0.012000   0.488000 (  0.492918)

 Level 7:43
Question:уетср ррнктоег дпГогесой 
  Answer:Где просторен круг гостей,
    Time:  0.480000   0.012000   0.492000 (  0.496574)

 Level 7:44
Question: ь п ййп Тышрснные оошк ааин чтло
  Answer:   Ты посетишь наш край полночный,
    Time:  0.480000   0.012000   0.492000 (  0.497628)

 Level 7:45
Question:  вбяпКднгудшеун ееоа о
  Answer:Когда не буду я повешен,
    Time:  0.488000   0.012000   0.500000 (  0.505584)

 Level 7:46
Question:рмкмудейшой  е Вв оои ве
  Answer:В моей душе, в моей крови!
    Time:  0.492000   0.012000   0.504000 (  0.509771)

 Level 7:47
Question:щ ояИивиоплнргндкшивы еесви каюесо  пт дййвонс н укж
  Answer:Или, свой подвиг свершив, я стою, как поденщик ненужный,
    Time:  0.492000   0.012000   0.504000 (  0.509910)

 Level 7:48
Question:нг омп мрыоз  нфеНмоиоиорг 
  Answer:Не много рифм и много прозы.
    Time:  0.508000   0.012000   0.520000 (  0.528664)

 Level 7:49
Question:а оовйрсзовылть тибЧутюв 
  Answer:Чьи взоры властвуют тобой;
    Time:  0.540000   0.012000   0.552000 (  0.559389)

 Level 7:50
Question:нолумгоуЕд иаьмбеса 
  Answer:Его судьба неумолима.
    Time:  0.544000   0.012000   0.556000 (  0.562819)

 Level 7:51
Question:ивалсдбсе оеНивьорихпдт 
  Answer:Несправедливость их обид:
    Time:  0.560000   0.012000   0.572000 (  0.578651)

 Level 7:52
Question:ловв ентоНпсеып а о
  Answer:Но повеса ты вполне.
    Time:  0.576000   0.012000   0.588000 (  0.594661)

 Level 7:53
Question:о оюнпой рпзнРщолауо
  Answer:Раз, полунощной порою,
    Time:  0.584000   0.012000   0.596000 (  0.603300)

 Level 7:54
Question:зым нш  асеснптвоуИ отвей
  Answer:И позовет нас шумный свет,
    Time:  0.588000   0.012000   0.600000 (  0.606199)

 Level 7:55
Question:ян нцеволиоай  мнаедоро Уканв н
  Answer:Увяла наконец, и верно надо мной
    Time:  0.604000   0.012000   0.616000 (  0.621385)

 Level 7:56
Question:мзмяеули Ззпрярвче тлао
  Answer:Земля промерзлая звучит!
    Time:  0.624000   0.012000   0.636000 (  0.641945)

 Level 7:57
Question:абнк Генрямлу о жгоожу
  Answer:Гляжу кругом — обнажено
    Time:  0.644000   0.012000   0.656000 (  0.662163)

 Level 7:58
Question:мшхрИ оий едатавоспчьти яп
  Answer:И память радостей почивших
    Time:  0.648000   0.012000   0.660000 (  0.665908)

 Level 7:59
Question:н д моон еовогьнедноуТом
  Answer:Тому одно, одно мгновенье
    Time:  0.692000   0.012000   0.704000 (  0.710455)

 Level 7:60
Question:оу сой алрприГс  м во  
  Answer:    Гусар мой вопросил. —
    Time:  0.696000   0.012000   0.708000 (  0.711657)

 Level 7:61
Question:ррякооо д  чжд д  огоелниоНсяон
  Answer:Но скоро я дожил до черного дня.
    Time:  0.700000   0.012000   0.712000 (  0.715909)

 Level 7:62
Question:нснк тстт Иеоу еяЭр
  Answer:И не стукнется Эрот
    Time:  0.704000   0.012000   0.716000 (  0.721098)

 Level 7:63
Question: мо  оеНилваочил н сияемннюашм
  Answer:Но если юноши, внимая молча мне,
    Time:  0.724000   0.012000   0.736000 (  0.739790)

 Level 7:64
Question:пцомифнид ыйТйи оелгиар
  Answer:Тардиф, полицией гонимый
    Time:  0.756000   0.012000   0.768000 (  0.769286)

 Level 7:65
Question:зиаи  у д  лвая абза  сяС ьтвл 
  Answer:        Судьба завистливая, злая!
    Time:  0.760000   0.012000   0.772000 (  0.773169)

 Level 7:66
Question:р нитйПоарчаабон  киир
  Answer:Порой на барина кричит
    Time:  0.764000   0.012000   0.776000 (  0.777096)

 Level 7:67
Question:окьлообьенсртн о Ив жяльоа
  Answer:Иль только сон воображенья
    Time:  0.792000   0.012000   0.804000 (  0.808568)

 Level 7:68
Question:ерТдтт  ааеейтримнож 
  Answer:Тартар тени ждет моей.
    Time:  0.812000   0.012000   0.824000 (  0.831371)

 Level 7:69
Question: fa tieemolscmu  ilver uas Jila
  Answer:Je la servais comme il lui faut,
    Time:  0.812000   0.012000   0.824000 (  0.831815)

 Level 7:70
Question:испкслам Рдяуоар сай
  Answer:Расписался мой дурак?
    Time:  0.820000   0.016000   0.836000 (  0.844229)

 Level 7:71
Question:людоьао рУястмст овот
  Answer:Утратя молодость свою.
    Time:  0.844000   0.016000   0.860000 (  0.868980)

 Level 7:72
Question:ы ьенМатррскшиеуо утпр 
  Answer:Мне руку простираешь ты,
    Time:  0.848000   0.016000   0.864000 (  0.871759)

 Level 7:73
Question:гикмзионайсж Цыю ноей
  Answer:Цыганской жизнию моей
    Time:  0.856000   0.020000   0.876000 (  0.886720)

 Level 7:74
Question:елНет д юбялл ьжй иназйиаьнонв
  Answer:Нельзя ль найти любви надежной?»
    Time:  0.856000   0.020000   0.876000 (  0.887553)

 Level 7:75
Question:соссилу ияъбкриоя огпВхх  тиобтйвой
  Answer:В объятиях твоих российский полубог.
    Time:  0.860000   0.024000   0.884000 (  0.893895)

 Level 7:76
Question:отоа рокиьНна пп тхраозр
  Answer:На тронах поразить порок.
    Time:  0.864000   0.024000   0.888000 (  0.895801)

 Level 7:77
Question:чч о тд  Н    о у  н о
  Answer:Но что          чудно —
    Time:  0.864000   0.024000   0.888000 (  0.896333)

 Level 7:78
Question: у нзее Ие тежниедн тмс йеьушбви
  Answer:И в жизни сей мне будет утешенье:
    Time:  0.868000   0.024000   0.892000 (  0.899320)

 Level 7:79
Question: оси пМеловр ваннзк У меул
  Answer:Узрел он в пламени Москву —
    Time:  0.876000   0.024000   0.900000 (  0.907485)

 Level 7:80
Question:я йео мдзиу мчакИсо
  Answer:И, ездой скучая мимо
    Time:  0.880000   0.024000   0.904000 (  0.910338)

 Level 7:81
Question:йунм ойцзро  воотие хяАпчл
  Answer:А твой зоил прямой чухонец.
    Time:  0.896000   0.024000   0.920000 (  0.928980)

 Level 7:82
Question:диуоКзоагд  чаоаяж урзогбво дмрм 
  Answer:Когда за городом, задумчив, я брожу
    Time:  0.904000   0.024000   0.928000 (  0.938364)

 Level 7:83
Question:ссн  дчеабеИп йритоаевйшо
  Answer:И вашей радости беспечной
    Time:  0.908000   0.024000   0.932000 (  0.939919)

 Level 7:84
Question:ио цемега дчвПо влуавтаизря
  Answer:Певец готов; задумчивая лира
    Time:  0.908000   0.024000   0.932000 (  0.940560)

 Level 7:85
Question:е лдеи енес цмя анравнииМем
  Answer:Милее мне смиренная девица —
    Time:  0.948000   0.028000   0.976000 (  0.986138)

 Level 7:86
Question:ндь ылрбаапоые т еа пкБк
  Answer:Была ты к папеньке добра,
    Time:  0.948000   0.028000   0.976000 (  0.986138)

 Level 7:87
Question:ттр ьмябрЗ т нтеееиант юссев
  Answer:Знаю, смерть тебя не встретит:
    Time:  0.960000   0.028000   0.988000 (  0.999022)

 Level 7:88
Question:ео д тгвнмаиамаркрожла аОанлс
  Answer:Отражена волнами скал громада,
    Time:  0.968000   0.028000   0.996000 (  1.006342)

 Level 7:89
Question:елмвнБпос ьовлеолыа  клаесд
  Answer:Бывало в сладком ослепленье
    Time:  0.968000   0.032000   1.000000 (  1.009706)

 Level 7:90
Question:ебк вмилуад ыю  бвллМоса а
  Answer:Мы любим славу да в бокале
    Time:  0.972000   0.032000   1.004000 (  1.014546)

 Level 7:91
Question: ешльгаоева ровтнеТынде асзе уонт т
  Answer:Ты знаешь: удален от ветреного света,
    Time:  0.976000   0.032000   1.008000 (  1.019253)

 Level 7:92
Question: гкст ешорсаааоечдН нпьи
  Answer:Никогда про счастье наше
    Time:  0.976000   0.032000   1.008000 (  1.021705)

 Level 7:93
Question:оддненТомнео мв ьооно гу
  Answer:Тому одно, одно мгновенье
    Time:  1.012000   0.036000   1.048000 (  1.063969)

 Level 7:94
Question:стз ьйсдьоо длжет елетнуитВн об
  Answer:Вот здесь лежит больной студент;
    Time:  1.016000   0.036000   1.052000 (  1.066999)

 Level 7:95
Question:выйарст  гтоиоа Ирсз    пл орн
  Answer:     И страсти полный разговор.
    Time:  1.032000   0.036000   1.068000 (  1.081215)

 Level 7:96
Question: поюьмейюП ансжм  роылмю
  Answer:Поймаю прежню мысль мою, —
    Time:  1.052000   0.036000   1.088000 (  1.102953)

 Level 7:97
Question:Внвнриепи я сеяпожо
  Answer:Венерин пояс повяжи,
    Time:  1.052000   0.036000   1.088000 (  1.105321)

 Level 7:98
Question:е дуягноп ийлнвцннербоя грОлой чоода
  Answer:Один, ночной гребец, гондолой управляя,
    Time:  1.052000   0.036000   1.088000 (  1.106558)

 Level 7:99
Question:пю оьонПавмх одыулснаен
  Answer:По воспаленному дыханью
    Time:  1.072000   0.036000   1.108000 (  1.129573)

 Level 7:100
Question:д ее юЛтаоНтцувт
  Answer:Над Летою цветут.
    Time:  1.072000   0.036000   1.108000 (  1.131793)

 Level 7:101
Question: тчаКс оеяк  кнбоюьсипоир
  Answer:Как беспокоюсь я! три ночи,
    Time:  1.076000   0.036000   1.112000 (  1.133439)

 Level 7:102
Question:фа аатнан огмНрмоае лчеоьнопр
  Answer:На мраморе печального фонтана?
    Time:  1.076000   0.036000   1.112000 (  1.135512)

 Level 7:103
Question: оюгеоюпи й Соашстнлкв
  Answer:Стою с поникшею главой...
    Time:  1.096000   0.040000   1.136000 (  1.159253)

 Level 7:104
Question:вормнен д оаийе иез евГидобеирпс
  Answer:Гораздо менее бесов и привидений;
    Time:  1.100000   0.040000   1.140000 (  1.165507)

 Level 7:105
Question:азяьтшь ат  в еи аДрпстир и
  Answer:Два, три раза, и пять, и шесть
    Time:  1.120000   0.040000   1.160000 (  1.184976)

 Level 7:106
Question:м  юесоаеЛд дуенеч бнирцьов
  Answer:Любовь одна — мучение сердец:
    Time:  1.136000   0.040000   1.176000 (  1.203165)

 Level 7:107
Question: этдо Пл оиеа намшан
  Answer:Поэта дома не нашли —
    Time:  1.140000   0.040000   1.180000 (  1.208313)

 Level 7:108
Question:гко алпж ьдОуцонеглдтао
  Answer:Отдельно каждого глупца,
    Time:  1.156000   0.040000   1.196000 (  1.223923)

 Level 7:109
Question:яшнпохтоеч нь аь вилкрнСиоосреео р
  Answer:Сравненья прочие не столько хороши;
    Time:  1.164000   0.044000   1.208000 (  1.236777)

 Level 7:110
Question:еврн ив кбнс яадтВеойи ипоо лонзл
  Answer:В последний раз обняв твои колени,
    Time:  1.168000   0.044000   1.212000 (  1.239115)

 Level 7:111
Question:млоао яхтхосгам оииеПоисрв  рвгнр
  Answer:Прияли с хохотом всемирного врага
    Time:  1.172000   0.044000   1.216000 (  1.243450)

 Level 7:112
Question:бь споин уямВтеяые
  Answer:Все упоеньям бытия.
    Time:  1.180000   0.044000   1.224000 (  1.248221)

 Level 7:113
Question:ье йчоачслдшеье иых нИн 
  Answer:Иль не хочешь час единый
    Time:  1.188000   0.044000   1.232000 (  1.254485)

 Level 8:1
Question:заово   оилша жолиы игкЧьнл л го ошзимт
  Answer:Что ж вышло из того? — лишь ноги изломала.
    Time:  0.004000   0.000000   0.004000 (  0.005509)

 Level 8:2
Question:вдйуо тЕк иьаКсйензасчи
  Answer:Ей Каченовский застудил
    Time:  0.032000   0.000000   0.032000 (  0.034669)

 Level 8:3
Question:Opièseil mtbre amln eo e dteun
  Answer:нет
    Time:  0.052000   0.000000   0.052000 (  0.054600)

 Level 8:4
Question:ц  рроСшлтик тар ипт глйа  о кл лсе одедСонапиее о
  Answer:нет
    Time:  0.052000   0.000000   0.052000 (  0.055100)

 Level 8:5
Question:нелоееямецныьгИрни  
  Answer:И лицемерные гоненья:
    Time:  0.064000   0.000000   0.064000 (  0.068923)

 Level 8:6
Question:вн  пыжвлрОбнхе лхов  хиижыби
  Answer:Он вежлив был в иных прихожих,
    Time:  0.080000   0.000000   0.080000 (  0.083749)

 Level 8:7
Question:бИстсткег ж ыао ыа нвур гймясйа
  Answer:И, кажется, мой быстрый гнев угас;
    Time:  0.084000   0.000000   0.084000 (  0.087260)

 Level 8:8
Question:с имееют Брнооооплсчйеой
  Answer:Беспечной, милой остротою
    Time:  0.132000   0.000000   0.132000 (  0.137178)

 Level 8:9
Question: кс унпрдхй ианлКмкчуттоооре виага
  Answer:Курганов сам над критикой хлопочет,
    Time:  0.132000   0.000000   0.132000 (  0.139672)

 Level 8:10
Question:оипжьн еен инмдпрунунВео
  Answer:В непринужденном упоенье
    Time:  0.160000   0.000000   0.160000 (  0.170239)

 Level 8:11
Question: Ни    и   к   у       о
  Answer:нет
    Time:  0.160000   0.000000   0.160000 (  0.170476)

 Level 8:12
Question:вдирзахд  хо зогв ооа тльеПмыезултд
  Answer:Пылает грудь, за вздохом вздох летит...
    Time:  0.164000   0.000000   0.164000 (  0.172461)

 Level 8:13
Question: воое утушЯсевсН ьйд лгчо тсру
  Answer:Но слушай — чувство есть другое:
    Time:  0.172000   0.000000   0.172000 (  0.182399)

 Level 8:14
Question:болв зин я з  нирнидуск ьяавиеоызаеадутЧтсрой
  Answer:Чудо! не сякнет вода, изливаясь из урны разбитой;
    Time:  0.172000   0.000000   0.172000 (  0.182769)

 Level 8:15
Question:л оведНднюатрей ебгт аФАи
  Answer:нет
    Time:  0.216000   0.000000   0.216000 (  0.227150)

 Level 8:16
Question:кНоалдзтн лбдееюод йо ас
  Answer:Над адской бездною летал.
    Time:  0.220000   0.000000   0.220000 (  0.227916)

 Level 8:17
Question:Кеинсйосй ичвротоп даЧпкоеобМахлл
  Answer:нет
    Time:  0.228000   0.000000   0.228000 (  0.237165)

 Level 8:18
Question:сМтоа
  Answer:нет
    Time:  0.228000   0.000000   0.228000 (  0.237308)

 Level 8:19
Question:рВункяозелуг б ат спвочу
  Answer:В разлуке чувство погубя,
    Time:  0.240000   0.000000   0.240000 (  0.247721)

 Level 8:20
Question:о янлст нсПевщстой роечяе тицао
  Answer:Прощался он, стоит святой чернец.
    Time:  0.252000   0.000000   0.252000 (  0.260839)

 Level 8:21
Question:нбеыияб д жы анеытзоежиоиМттр  аюи
  Answer:нет
    Time:  0.260000   0.004000   0.264000 (  0.271888)

 Level 8:22
Question:Ояпунбйаьит вуажеолдтсз
  Answer:нет
    Time:  0.288000   0.004000   0.292000 (  0.299360)

 Level 8:23
Question:оаудю смубйСя нсодхвсовб ььода т 
  Answer:нет
    Time:  0.300000   0.004000   0.304000 (  0.324492)

 Level 8:24
Question: тееяпаОнитиое нп
  Answer:Она манит, она поет;
    Time:  0.308000   0.004000   0.312000 (  0.330910)

 Level 8:25
Question: етвятевуПнЖшвеету у
  Answer:Путешествуя в Женеву,
    Time:  0.312000   0.004000   0.316000 (  0.336769)

 Level 8:26
Question:млгом КачжоуКыуи
  Answer:нет
    Time:  0.324000   0.004000   0.328000 (  0.350974)

 Level 8:27
Question:тяиодио есрсПнопр тт агр
  Answer:нет
    Time:  0.356000   0.004000   0.360000 (  0.382611)

 Level 8:28
Question:оов итод рвтПр тттсхоетои
  Answer:Портрет отводит от стихов.
    Time:  0.384000   0.004000   0.388000 (  0.409083)

 Level 8:29
Question:ьеве тыполСл уей  шшедюскей дпнщодао
  Answer:Сей пустошью владел еще покойный дед».
    Time:  0.388000   0.004000   0.392000 (  0.412836)

 Level 8:30
Question: р тыйдвгвзор тзыавтейВеоыре
  Answer:Взыграйте, ветры, взройте воды,
    Time:  0.400000   0.004000   0.404000 (  0.425353)

 Level 8:31
Question:кдел гпсавоаирт  аиН
  Answer:Не видал такого пира;
    Time:  0.420000   0.004000   0.424000 (  0.444779)

 Level 8:32
Question:кюражныьбяунзнлГе ула мек м  шчай
  Answer:Гляжу, как безумный, на черную шаль,
    Time:  0.424000   0.004000   0.428000 (  0.448441)

 Level 8:33
Question: жйеекярзноетнПбывви ме йеа
  Answer:Переживет мой век забвенный,
    Time:  0.428000   0.004000   0.432000 (  0.451089)

 Level 8:34
Question:яяоартнг Ме ок млеузетмтчняваае к
  Answer:Мечта знакомая вокруг меня летает;
    Time:  0.436000   0.004000   0.440000 (  0.458633)

 Level 8:35
Question:йорякеглыкинлхуапкрр Ч иулшыт  йбу
  Answer:Чу, пушки грянули! крылатых кораблей
    Time:  0.448000   0.004000   0.452000 (  0.469466)

 Level 8:36
Question:Комз лбанми ьянакое лвю
  Answer:Как изменяла мне любовь,
    Time:  0.460000   0.004000   0.464000 (  0.484129)

 Level 8:37
Question:ч  шрн погмПрогуо веомиее
  Answer:При громе пушечном, в огне
    Time:  0.472000   0.004000   0.476000 (  0.493018)

 Level 8:38
Question:лсо еНч  тмм аждошыйтне ьоо 
  Answer:нет
    Time:  0.504000   0.004000   0.508000 (  0.525500)

 Level 8:39
Question:е мжноовуо наккмиолПво
  Answer:нет
    Time:  0.556000   0.004000   0.560000 (  0.576499)

 Level 8:40
Question:горкеоепрюкиормо гСдк 
  Answer:С перегородкою коморки,
    Time:  0.596000   0.004000   0.600000 (  0.615542)

 Level 8:41
Question:р вс етцрожет даеодемпПмлеоеерп
  Answer:нет
    Time:  0.616000   0.004000   0.620000 (  0.634309)

 Level 8:42
Question: шорй лИаваопрр ммвтоя В
  Answer:И я твой мрамор вопрошал:
    Time:  0.664000   0.004000   0.668000 (  0.680592)

 Level 8:43
Question:лагрВснот яУуврргтоддябое ооы  ьс
  Answer:нет
    Time:  0.680000   0.004000   0.684000 (  0.698197)

 Level 8:44
Question:ех рОснлидинг товд сеайе
  Answer:нет
    Time:  0.732000   0.004000   0.736000 (  0.749406)

 Level 8:45
Question:оеВннй одлвс иачьеызлшс е
  Answer:нет
    Time:  0.784000   0.004000   0.788000 (  0.801829)

 Level 8:46
Question:ы дтпклй гУтазжнх тсауаои
  Answer:Уж потухал закат огнистый,
    Time:  0.828000   0.004000   0.832000 (  0.848486)

 Level 8:47
Question:сйерк нмтнкку н уоанатиау 
  Answer:нет
    Time:  0.864000   0.004000   0.868000 (  0.881545)

 Level 8:48
Question:юдлшу Ои мдйбуЯвгееысан 
  Answer:Я буду мыслию всегдашней
    Time:  0.868000   0.004000   0.872000 (  0.883990)

 Level 8:49
Question:олемИт  и овноос гинрдйоам 
  Answer:И с ним его товарищ молодой.
    Time:  0.872000   0.004000   0.876000 (  0.885393)

 Level 8:50
Question: ныыунееивтО В лоод й микко ревс
  Answer:О дни весны моей, вы скоро утекли.
    Time:  0.876000   0.004000   0.880000 (  0.888074)

 Level 8:51
Question:личсхотмибй йобгТ ирмова 
  Answer:Твой гроб стихами обмочил,
    Time:  0.900000   0.008000   0.908000 (  0.912773)

 Level 8:52
Question:кгб фоч иеимтр азлад хмаони троармлемзЯмзаыжо
  Answer:нет
    Time:  0.900000   0.008000   0.908000 (  0.913484)

 Level 8:53
Question:а ю р гнбц уитдтор  аА
  Answer:А царю он — друг и брат.
    Time:  0.904000   0.008000   0.912000 (  0.915747)

 Level 8:54
Question:туоабмезры н егхырнгоИ кн
  Answer:И стен, обрызганных кругом,
    Time:  0.908000   0.008000   0.916000 (  0.918603)

 Level 8:55
Question:Вас ойуетз тнм с немыдн еиьлел
  Answer:Во мне застыл ее минутный след.
    Time:  0.916000   0.008000   0.924000 (  0.929225)

 Level 8:56
Question:  рия тршзисаПпатта и  Дьеь
  Answer:нет
    Time:  0.964000   0.008000   0.972000 (  0.980890)

 Level 8:57
Question:огл овиюведИр д ьрснуовтВту
  Answer:Во грудь отверстую водвинул.
    Time:  0.972000   0.008000   0.980000 (  0.989863)

 Level 8:58
Question:сн ыеыыа агоца тнтрПнЧ 
  Answer:Что на Парнасе ты цыган,
    Time:  0.988000   0.012000   1.000000 (  1.011847)

 Level 8:59
Question:оочНанилмНлРл оед е
  Answer:нет
    Time:  1.012000   0.012000   1.024000 (  1.034547)

 Level 8:60
Question:млажеадмеиемнодс аые бнмлрвгзвдо аМлос 
  Answer:нет
    Time:  1.012000   0.012000   1.024000 (  1.037503)

 Level 8:61
Question:е ионшитпна  юлсоИ
  Answer:И толпою наши тени
    Time:  1.016000   0.012000   1.028000 (  1.043258)

 Level 8:62
Question:з у уавл ннниНр  з еднпыг оок й
  Answer:   Но дрогнул он — незапный звук
    Time:  1.056000   0.012000   1.068000 (  1.083717)

 Level 8:63
Question:вшслаисяПнкыладраияжнау  
  Answer:Пришла славянская дружина
    Time:  1.072000   0.012000   1.084000 (  1.101589)

 Level 8:64
Question:иатмоьунлЗууруд дюю члвгб еуу ебь
  Answer:Забуду ль гордую, мучительную деву,
    Time:  1.080000   0.012000   1.092000 (  1.111955)

 Level 8:65
Question:ча Езсереекигселке 
  Answer:Ее черкесские глаза,
    Time:  1.084000   0.012000   1.096000 (  1.116847)

 Level 8:66
Question: виоохйноио авмерРЗ лн
  Answer:Романов и Зернов лихой,
    Time:  1.088000   0.012000   1.100000 (  1.121208)

 Level 8:67
Question:о внййножуеТдлыырн ыно уыч тй явзотй
  Answer:нет
    Time:  1.100000   0.012000   1.112000 (  1.134175)

 Level 8:68
Question:сттс  лтьешанеудеЯ уосюн
  Answer:нет
    Time:  1.152000   0.012000   1.164000 (  1.184650)

 Level 8:69
Question:л жвотН ибоее омчмо о
  Answer:Но молчите ж обо всем.
    Time:  1.152000   0.012000   1.164000 (  1.185616)

 Level 8:70
Question:тгйы оанусмид окитиаейслир хчздбнйак
  Answer:Мой дидактический, благоразумный стих.
    Time:  1.160000   0.012000   1.172000 (  1.193695)

 Level 8:71
Question:  ч  о о Ну н д    чтк
  Answer:Но что          чудно —
    Time:  1.160000   0.012000   1.172000 (  1.194254)

 Level 8:72
Question:зордоаиттж  В и инсь 
  Answer:нет
    Time:  1.172000   0.012000   1.184000 (  1.206989)

 Level 8:73
Question:нсосео Си влУбя е ваио увтмьна хрглд т
  Answer:Устав от долгих бурь, я вовсе не внимал
    Time:  1.176000   0.012000   1.188000 (  1.209621)

 Level 8:74
Question: ВН  рнлрусие д  неатв еуког аовЧецол
  Answer:нет
    Time:  1.188000   0.012000   1.200000 (  1.221127)

 Level 8:75
Question:иян млоли тлче оо   юбт мн  я еЧи
  Answer:     Что я любил, что изменило мне.
    Time:  1.212000   0.012000   1.224000 (  1.247542)

 Level 8:76
Question:о враиоккологнп о п  оыйрвсаонтлыоскйт
  Answer:нет
    Time:  1.220000   0.012000   1.232000 (  1.255520)

 Level 8:77
Question: тстл оаг ебчрльиеОИбзауо
  Answer:И случай, бог изобретатель...
    Time:  1.248000   0.012000   1.260000 (  1.283703)

 Level 8:78
Question:рдй ойнитМр йМдлеем ыьмуйг у аошофев
  Answer:Мой друг Морфей, мой давный утешитель!
    Time:  1.256000   0.012000   1.268000 (  1.290649)

 Level 8:79
Question:вмтмоолр теУжж паеине сллии дита ып
  Answer:нет
    Time:  1.272000   0.012000   1.284000 (  1.307185)

 Level 8:80
Question:ье ьядз о    ыержБ итл ымБму
  Answer:     Быть может, милые друзья,
    Time:  1.276000   0.012000   1.288000 (  1.310048)

 Level 8:81
Question:ньыхеноа аБпраий юлзоз си
  Answer:нет
    Time:  1.328000   0.012000   1.340000 (  1.359685)

 Level 8:82
Question:Ккнл Яевньиереа ийм
  Answer:Я маленький Каверин,
    Time:  1.352000   0.012000   1.364000 (  1.383561)

 Level 8:83
Question:этяйопдйоа балобыеи нПдр 
  Answer:нет
    Time:  1.412000   0.012000   1.424000 (  1.442492)

 Level 8:84
Question:аеусшмиКисыз рт рклснвйн и б
  Answer:Как бури слышен зимний свист,
    Time:  1.440000   0.012000   1.452000 (  1.470154)

 Level 8:85
Question:слвоосе  опеетой троо
  Answer:нет
    Time:  1.468000   0.012000   1.480000 (  1.495654)

 Level 8:86
Question:  доМиеебгеоюеомйълвучрн ьмо 
  Answer:Мне дорого любви моей мученье,
    Time:  1.476000   0.012000   1.488000 (  1.505467)

 Level 8:87
Question:Ти этол паямнпиее од 
  Answer:То не для имени поэта
    Time:  1.484000   0.012000   1.496000 (  1.513286)

 Level 8:88
Question:ххн асхшнв лмахеиыптаи  Ии
  Answer:И в ваших пламенных стихах;
    Time:  1.500000   0.012000   1.512000 (  1.529695)

 Level 8:89
Question: н  а авеид   Мел чаипц ч з зуи
  Answer:нет
    Time:  1.548000   0.012000   1.560000 (  1.578250)

 Level 8:90
Question:дсасруа нем аудьасяИ лно
  Answer:нет
    Time:  1.608000   0.012000   1.620000 (  1.639116)

 Level 8:91
Question:чв  ииляа аюмв оь ьНыигелКиокбе рннс
  Answer:Как, ничего! Ни мысль, ни первая любовь!
    Time:  1.616000   0.012000   1.628000 (  1.647257)

 Level 8:92
Question:уаоьовейеск Сн нмю тце дито щау у о шчлг н й к
  Answer:нет
    Time:  1.620000   0.012000   1.632000 (  1.651642)

 Level 8:93
Question:рзео чиРлпа ниоиивутд
  Answer:Разводит опиум чернил
    Time:  1.644000   0.012000   1.656000 (  1.676496)

 Level 8:94
Question:ообпан тноя кнулЛ даее
  Answer:Луна, как бледное пятно,
    Time:  1.652000   0.012000   1.664000 (  1.687488)

 Level 8:95
Question:У тьыбнанвв   тжыа жеуьте
  Answer:Уж не бывать! уж не бывать!
    Time:  1.684000   0.012000   1.696000 (  1.719650)

 Level 8:96
Question:и илЯаае адвавд 
  Answer:— Я видала, видела
    Time:  1.688000   0.012000   1.700000 (  1.722595)

 Level 8:97
Question:езци Иы лыгитгнй хомубнул
  Answer:Из глубины глухой темницы.
    Time:  1.688000   0.012000   1.700000 (  1.725803)

 Level 8:98
Question:ьерымпйруснтьаноО есие бвО нп
  Answer:нет
    Time:  1.704000   0.012000   1.716000 (  1.741539)

 Level 8:99
Question:ее  л сиВаа  еие р уь флькДеВ
  Answer:нет
    Time:  1.764000   0.012000   1.776000 (  1.799967)

 Level 8:100
Question:яьоэаис с тойКж
  Answer:нет
    Time:  1.768000   0.012000   1.780000 (  1.803502)

 Level 8:101
Question: ьИра илгнотухвзюлва сисашу
  Answer:нет
    Time:  1.800000   0.012000   1.812000 (  1.834210)

 Level 8:102
Question: лаоджаоуа зи ки гг яксмру вшКае
  Answer:Когда за шашками сижу я в уголке,
    Time:  1.808000   0.012000   1.820000 (  1.843187)

 Level 8:103
Question:рынатнцросдСа йимбреое н
  Answer:нет
    Time:  1.860000   0.012000   1.872000 (  1.896160)

 Level 8:104
Question:те на р  втынз еооеоалтоВчзтрхеме
  Answer:В заветном золоте хранит ее черты
    Time:  1.876000   0.012000   1.888000 (  1.911904)

 Level 8:105
Question:  ньшр  ацоиеикнн опьв чот еС   
  Answer:нет
    Time:  1.912000   0.012000   1.924000 (  1.947158)

 Level 8:106
Question:ир ооы абн выИкше птл еосун
  Answer:И волны и суша покорны тебе;
    Time:  1.936000   0.012000   1.948000 (  1.971037)

 Level 8:107
Question:шиы вквеотенка тиру Тмп  ол
  Answer:нет
    Time:  1.984000   0.012000   1.996000 (  2.020326)

 Level 8:108
Question: ймтесювооанс уозСртмнри
  Answer:нет
    Time:  2.024000   0.012000   2.036000 (  2.059610)

 Level 8:109
Question:кпршииНвИао  р еуппу л
  Answer:И в руки шкиперу попал.
    Time:  2.072000   0.012000   2.084000 (  2.106234)

 Level 8:110
Question: вн лвйеонпзычыонМшота
  Answer:нет
    Time:  2.072000   0.012000   2.084000 (  2.106234)

 Level 8:111
Question:огИнхе евисд лаа лвкырк
  Answer:И ласки легковерных дев,
    Time:  2.088000   0.012000   2.100000 (  2.120463)

 Level 8:112
Question:е  га арзйс мшоуйсеВоисйрсл ру́енсодаьи у р  к тпа
  Answer:нет
    Time:  2.088000   0.012000   2.100000 (  2.121210)

 Level 8:113
Question:грефавг   уншмИарое
  Answer:И горе нашему врагу!
    Time:  2.100000   0.012000   2.112000 (  2.130366)

 Level 8:114
Question: асбят иос бДхлр о о вйоьш и ыжтгье ныс о  уть  р пдо
  Answer:         Дружно обнявшись с тобой, после игры отдыхать.
    Time:  2.100000   0.012000   2.112000 (  2.131091)

 Level 8:115
Question: еее дтикндйциьзИиазр л аоь с
  Answer:И до зари за мельницей сидеть.
    Time:  2.128000   0.012000   2.140000 (  2.162052)

 Level 8:116
Question:я йнуие лая иацвс втеИ жкжмаВн
  Answer:Венец желаниям! Итак, я вижу вас,
    Time:  2.132000   0.012000   2.144000 (  2.166663)

 Level 8:117
Question: акжуйженг у оеТнво рс
  Answer:Того уж верно не скажу,
    Time:  2.132000   0.012000   2.144000 (  2.168240)

 Level 8:118
Question:га ое сгрин оодлмпбозтуС
  Answer:Соблазн по городу гремит,
    Time:  2.156000   0.012000   2.168000 (  2.193079)

 Level 8:119
Question:ксто  м бн офВр ийоп   гоиймкс СекисироиКоа
  Answer:нет
    Time:  2.160000   0.012000   2.172000 (  2.199962)

 Level 8:120
Question:бя тныйеямио чиь вес бд найзелИпул
  Answer:нет
    Time:  2.172000   0.012000   2.184000 (  2.213676)

 Level 8:121
Question:до птлй з  иьмопвл внереырееыВпес те
  Answer:Во тьме, в пыли, в презренье поседелый,
    Time:  2.176000   0.012000   2.188000 (  2.219557)

 Level 8:122
Question:тКб еааз к овхсилагсы ет
  Answer:Как свет забыл его стихи!
    Time:  2.204000   0.012000   2.216000 (  2.248057)

 Level 8:123
Question:юннек оиор лссутц уньаспДвп
  Answer:нет
    Time:  2.224000   0.012000   2.236000 (  2.269460)

 Level 8:124
Question:Птичпхоеир тояо злмнави
  Answer:Почтив хозяина приветом
    Time:  2.244000   0.012000   2.256000 (  2.289164)

 Level 8:125
Question:онПожв се  е етийЯ 
  Answer:Я жених ее». — «Постой, —
    Time:  2.252000   0.012000   2.264000 (  2.293840)

 Level 8:126
Question:киержксеьрайячкшлПимег рПю 
  Answer:нет
    Time:  2.272000   0.012000   2.284000 (  2.312629)

 Level 8:127
Question:Стоеайе о елмвцчбнши
  Answer:нет
    Time:  2.292000   0.012000   2.304000 (  2.335045)

 Level 8:128
Question:нуегорил лбкюк В вр  мтюивопубео
  Answer:В венке любви к приюту гробовому
    Time:  2.304000   0.012000   2.316000 (  2.345968)

 Level 8:129
Question:лбпелаыйТе к авввоа
  Answer:нет
    Time:  2.328000   0.012000   2.340000 (  2.368332)

 Level 8:130
Question:ьвдлггьолтеиитлывн аяеБ тм омнзенхдыаеа
  Answer:нет
    Time:  2.332000   0.012000   2.344000 (  2.372335)

 Level 8:131
Question:те з   е ел  Нтор  в  
  Answer:         Не лезет в рот,
    Time:  2.332000   0.012000   2.344000 (  2.372836)

 Level 8:132
Question:вад й ислиабомркд Свса 
  Answer:Слева сад и барский дом.
    Time:  2.348000   0.012000   2.360000 (  2.388651)

 Level 8:133
Question:ицОсрнльгидапиаКке  ырт
  Answer:Ольга, крестница Киприды,
    Time:  2.376000   0.012000   2.388000 (  2.418143)

 Level 8:134
Question: оыр  еыджньвекпотВ ети
  Answer:нет
    Time:  2.424000   0.012000   2.436000 (  2.467442)

 Level 8:135
Question:аьвизбтсОяб елетлмнещедя
  Answer:нет
    Time:  2.468000   0.012000   2.480000 (  2.509262)

 Level 8:136
Question:и окыс лв ноор нПюедйеребош
  Answer:Пришел невод с одною рыбкой,
    Time:  2.492000   0.012000   2.504000 (  2.533379)

 Level 8:137
Question:дмудЗм д хяьлл оися  щнпаиууед 
  Answer:Здесь пищу я найду для дум моих,
    Time:  2.508000   0.012000   2.520000 (  2.549751)

 Level 8:138
Question: йносемелитЦпииеды ев
  Answer:Цветы последние милей
    Time:  2.532000   0.016000   2.548000 (  2.579148)

 Level 8:139
Question: и  осеСкр ешяаа  п
  Answer:нет
    Time:  2.536000   0.016000   2.552000 (  2.582133)

 Level 8:140
Question:арлдиныссй П т гиеьте
  Answer:Прелесть неги и стыда!
    Time:  2.540000   0.020000   2.560000 (  2.590883)

 Level 8:141
Question:пнеавямн пс оуСрдгив каожМ́мхвоно е
  Answer:нет
    Time:  2.548000   0.020000   2.568000 (  2.600313)

 Level 8:142
Question:П сйхнчрй выод уаоиаожлолнмр
  Answer:Прохлады сумрачной и влажной,
    Time:  2.560000   0.024000   2.584000 (  2.614293)

 Level 8:143
Question:  з бхо а раындхбдЯете ая ояилсрьне 
  Answer:Я не забыл себя, хоть рад, хотя не рад.
    Time:  2.564000   0.024000   2.588000 (  2.618399)

 Level 8:144
Question:одоееяжсег инолмменнНеб и лдлр
  Answer:Недорослем меня бедного женили;
    Time:  2.584000   0.024000   2.608000 (  2.637591)

 Level 8:145
Question:еп рнбнив евзылинм  ну мяеоеНоитж
  Answer:Но извини меня: мне было невтерпеж.
    Time:  2.588000   0.024000   2.612000 (  2.641509)

 Level 8:146
Question:нлозклт рможгмлжБв е еь уврау
  Answer:Блажен в златом кругу вельмож
    Time:  2.588000   0.028000   2.616000 (  2.643041)

 Level 8:147
Question:е помурнио  аЯюржпс л
  Answer:нет
    Time:  2.612000   0.028000   2.640000 (  2.666598)

 Level 8:148
Question: мБухеБоад утадс
  Answer:Бахус будет дома,
    Time:  2.616000   0.028000   2.644000 (  2.669991)

 Level 8:149
Question: на озаЕ цосясрвкюат 
  Answer:нет
    Time:  2.632000   0.028000   2.660000 (  2.692761)

 Level 8:150
Question:тйел ндилиане джйиоамнЖыеан ьто бм
  Answer:Желаний и надежд томительный обман...
    Time:  2.640000   0.028000   2.668000 (  2.703303)

 Level 8:151
Question:Вксаабоавв ля лг т шрб   
  Answer:     Ваш брак благословят.
    Time:  2.652000   0.028000   2.680000 (  2.722276)

 Level 8:152
Question:ивьтроаСщжь зйетеКяе ггиь нд сесобе пш 
  Answer:Князь Сергий жив еще — утешьтесь, господа.
    Time:  2.656000   0.028000   2.684000 (  2.726243)

 Level 8:153
Question:ПвтоааявстВосяяещр
  Answer:нет
    Time:  2.680000   0.028000   2.708000 (  2.749310)

 Level 8:154
Question:  маыо выиккйроИвюл лг 
  Answer:нет
    Time:  2.724000   0.028000   2.752000 (  2.792449)

 Level 8:155
Question:рсе иТо онАалАполнып
  Answer:нет
    Time:  2.756000   0.028000   2.784000 (  2.827985)

 Level 8:156
Question:сетнтрте ьапЧорв дяс
  Answer:нет
    Time:  2.788000   0.028000   2.816000 (  2.860244)

 Level 8:157
Question:дл оду всдх ы о нПау ьпю 
  Answer:нет
    Time:  2.808000   0.028000   2.836000 (  2.881899)

 Level 8:158
Question: ывваеОхс ыложонлд етауд гйзссе
  Answer:нет
    Time:  2.828000   0.028000   2.856000 (  2.901384)

 Level 8:159
Question:дьоплаолщевюоденС ыекпшд  суейтдй  е
  Answer:Сей пустошью владел еще покойный дед».
    Time:  2.832000   0.028000   2.860000 (  2.904848)

 Level 8:160
Question:штс мт ууаТяеаеве йбп
  Answer:Тебя пугает света шум,
    Time:  2.868000   0.028000   2.896000 (  2.940060)

 Level 8:161
Question:ееКеа г бонь ндлмнтусуевое 
  Answer:Когда б не смутное влеченье
    Time:  2.888000   0.028000   2.916000 (  2.958386)

 Level 8:162
Question: е лдаиаьи цеа ьвдлН
  Answer:— Не видала ль, девица,
    Time:  2.896000   0.028000   2.924000 (  2.967883)

 Level 8:163
Question:улйвязб ре еБВ сечьызчйоедпа тыювиын
  Answer:Беспечный, влюбчивый. Вы знаете, друзья,
    Time:  2.896000   0.028000   2.924000 (  2.970386)

 Level 8:164
Question:золюбни кгийИоцво вр 
  Answer:И любовниц робкий зов...
    Time:  2.908000   0.028000   2.936000 (  2.986377)

 Level 8:165
Question:омко ит асНиалукканв
  Answer:Накуковали нам тоску!
    Time:  2.912000   0.028000   2.940000 (  2.990713)

 Level 8:166
Question:р игле к а саоысмио плВосвнпеоеядсвл  л
  Answer:Все пало — под ярем склонились все главы.
    Time:  2.912000   0.032000   2.944000 (  2.994802)

 Level 8:167
Question:Теье дйепряеойыоситырсбтт в лссвирбе нрю
  Answer:Теснится средь толпы еврей сребролюбивый,
    Time:  2.916000   0.032000   2.948000 (  2.998330)

 Level 8:168
Question:еедоймоннебо  ежвПвосыте  в
  Answer:Подобные во всем твоей жене,
    Time:  2.944000   0.032000   2.976000 (  3.025609)

 Level 8:169
Question:цзложое отмбкя лазИ йс
  Answer:Из облак месяц золотой,
    Time:  2.956000   0.032000   2.988000 (  3.035578)

 Level 8:170
Question:н  дпст ли омвееиее теич  Итнинввиу
  Answer:И, очи опустив, не внемлет и не видит.
    Time:  2.964000   0.032000   2.996000 (  3.040792)

 Level 8:171
Question:тйокв бсой сИзтенырпсуо
  Answer:И безыскусной пестротой.
    Time:  2.980000   0.032000   3.012000 (  3.058540)

 Level 8:172
Question:бм теЗт чтйвла я миожеуе 
  Answer:За что твой муж тебя имел?
    Time:  2.992000   0.032000   3.024000 (  3.071061)

 Level 8:173
Question:аае р сои  мр иблетее  змк с ьнмИ
  Answer:нет
    Time:  3.012000   0.036000   3.048000 (  3.097858)

 Level 8:174
Question:рякы иУй я оонднедносселбод
  Answer:Уродился я, бедный недоносок,
    Time:  3.048000   0.040000   3.088000 (  3.136257)

 Level 8:175
Question:рхиподул югоушу оеСл
  Answer:Сулил хорошую погоду.
    Time:  3.052000   0.044000   3.096000 (  3.141451)

 Level 8:176
Question:Впвалаха хдлдноеу ьорнрмзы
  Answer:нет
    Time:  3.088000   0.044000   3.132000 (  3.176758)

 Level 8:177
Question:иолы ссссноитМв РБмлюв ароо
  Answer:Бранил Россию с Молоствовым,
    Time:  3.096000   0.044000   3.140000 (  3.186373)

 Level 8:178
Question:Иашьрз  нпЗооилврдаето
  Answer:И надзираешь торопливо
    Time:  3.112000   0.044000   3.156000 (  3.201625)

 Level 8:179
Question:жеувч Ниеой о чихятв
  Answer:нет
    Time:  3.132000   0.044000   3.176000 (  3.222486)

 Level 8:180
Question:ю йлй си оирол дм исстлнаж хзеоддые кОа  й
  Answer:   О люди! жалкий род, достойный слез и смеха!
    Time:  3.140000   0.044000   3.184000 (  3.229201)


Level 1:0   0.000000   0.000000   0.000000 (  0.000000)
Level 2:0   0.000000   0.000000   0.000000 (  0.000000)
Level 3:0   0.000000   0.000000   0.000000 (  0.000000)
Level 4:0   0.000000   0.000000   0.000000 (  0.000000)
Level 5:0   0.000000   0.000000   0.000000 (  0.000000)
Level 6:111   1.872000   0.048000   1.920000 (  2.073209)
Level 7:113   1.188000   0.044000   1.232000 (  1.254485)
Level 8:180   3.140000   0.044000   3.184000 (  3.229201)
