# Logfile created on 2017-12-29 02:27:02 +0300 by logger.rb/61378
 Level 7:1
Question:ансфма и иквааагс   ныоИкцрДлп
  Answer:И пал к ногам красавицы Дафнис
    Time:  0.016000   0.000000   0.016000 (  0.014849)

 Level 7:2
Question:р я ипСеашс  к  амо
  Answer:Спеши моя краса
    Time:  0.016000   0.000000   0.016000 (  0.016182)

 Level 7:3
Question:ооепрнНняиг аб́юь лмтео хсй
  Answer:нет
    Time:  0.036000   0.004000   0.040000 (  0.061256)

 Level 7:4
Question: яятидтОпсите
  Answer:От пятидесяти
    Time:  0.036000   0.004000   0.040000 (  0.061298)

 Level 7:5
Question:пВоил  мттироовнизя
  Answer:В митрополии звонят
    Time:  0.040000   0.004000   0.044000 (  0.065003)

 Level 7:6
Question:бЯил  рмо воыяаснаи
  Answer:Явилися мы рано оба
    Time:  0.040000   0.004000   0.044000 (  0.067134)

 Level 7:7
Question:нсииль дол   а сИш  ые 
  Answer:И сосны лишь да ели
    Time:  0.040000   0.004000   0.044000 (  0.070516)

 Level 7:8
Question:оАуетокипу с д шггвиащтд
  Answer:А погодушка свищет гудит
    Time:  0.060000   0.004000   0.064000 (  0.090680)

 Level 7:9
Question:ейчаЛоеетдоксиу снлиотл иекщвб  
  Answer:Лищинский околел отечеству беда
    Time:  0.068000   0.004000   0.072000 (  0.096293)

 Level 7:10
Question:  мдпкйоут лйигх моыдаИкоот нн оет
  Answer:И дней моих поток так долго мутный
    Time:  0.084000   0.004000   0.088000 (  0.112357)

 Level 7:11
Question:п л  слдюоС ноашоакесцуун
  Answer:Сушу на солнце под скалою
    Time:  0.084000   0.004000   0.088000 (  0.113005)

 Level 7:12
Question:вбгычдк ояоыур Кьо стар
  Answer:Как воды быстрого ручья
    Time:  0.104000   0.008000   0.112000 (  0.136834)

 Level 7:13
Question: аДреиуннд нваб яптв ьео агс
  Answer:Дубрав не видно степь нагая
    Time:  0.132000   0.008000   0.140000 (  0.162831)

 Level 7:14
Question:Кдоае азарвбюзионв укаПткл  лксака
  Answer:Под буркою казак Кавказа властелин
    Time:  0.140000   0.008000   0.148000 (  0.174477)

 Level 7:15
Question:спо уеерыв оы й йлмилуИнл
  Answer:И веселил порой унылый ум
    Time:  0.156000   0.008000   0.164000 (  0.189573)

 Level 7:16
Question:отлткнамн о ккицьоурии н еиИсоа 
  Answer:И наконец они от крика утомились
    Time:  0.164000   0.008000   0.172000 (  0.197740)

 Level 7:17
Question:иисржВШсньрекоалло еп    зпат
  Answer:Шептал Все призрак ложь и сон
    Time:  0.180000   0.012000   0.192000 (  0.218548)

 Level 7:18
Question:  яниСпзтиоууюрюатб
  Answer:Сию приятную заботу
    Time:  0.184000   0.012000   0.196000 (  0.227499)

 Level 7:19
Question:слоьпдкгтеиасвис уоРевллт о
  Answer:Расколов глупости свидетель
    Time:  0.192000   0.012000   0.204000 (  0.233795)

 Level 7:20
Question:уеуы сВз ятниеланьолговв йкиасй ндбкгнрд 
  Answer:нет
    Time:  0.192000   0.012000   0.204000 (  0.236145)

 Level 7:21
Question:ыенйиь в Етнн   кеедмВвясеаолетиры 
  Answer:Вы не милее в день святой Екатерины
    Time:  0.192000   0.012000   0.204000 (  0.237424)

 Level 7:22
Question:ке тотаитыайисгртЧр оБзн
  Answer:нет
    Time:  0.248000   0.012000   0.260000 (  0.299713)

 Level 7:23
Question:лунечнВд квисыяои ио
  Answer:Вы удивилися конечно
    Time:  0.264000   0.012000   0.276000 (  0.317890)

 Level 7:24
Question: линТзззсяноцтлнвелч а ои а   нкгууаас
  Answer:нет
    Time:  0.292000   0.012000   0.304000 (  0.347797)

 Level 7:25
Question:к зиагаашсайуд раылгд етьаРз
  Answer:Разгадаешь ли старый загадку
    Time:  0.308000   0.012000   0.320000 (  0.366413)

 Level 7:26
Question:нЛьеоа сцеенбиюодв уред мч 
  Answer:Любовь одна мучение сердец
    Time:  0.336000   0.012000   0.348000 (  0.396774)

 Level 7:27
Question:рЯузм ытяирояме а  зк
  Answer:Язык и ум теряя разом
    Time:  0.368000   0.012000   0.380000 (  0.430320)

 Level 7:28
Question:нтжо   нт яе еТымжайнгвоьос
  Answer:Тот же в нас огонь мятежный
    Time:  0.396000   0.016000   0.412000 (  0.464359)

 Level 7:29
Question:е иао у тоньлн пед  блжудго Соучажчь
  Answer:Сложу и буду ждать печально но чего
    Time:  0.408000   0.016000   0.424000 (  0.477096)

 Level 7:30
Question:гхоаррч ригрмии ылПб ухное мдроья и
  Answer:При мирных ли брегах родимого ручья
    Time:  0.412000   0.016000   0.428000 (  0.481194)

 Level 7:31
Question:пмтдр Тпяааем в  йей вРоыони 
  Answer:Твой Рим деревня ты мой папа
    Time:  0.432000   0.016000   0.448000 (  0.499488)

 Level 7:32
Question: ь ннеа инмрумое м отеяпОант
  Answer:О том упоминать я не намерен
    Time:  0.468000   0.016000   0.484000 (  0.535065)

 Level 7:33
Question: аадонюдсо тум Кудолоа онзмб к
  Answer:Как будто со мною задумал одно
    Time:  0.488000   0.020000   0.508000 (  0.559819)

 Level 7:34
Question:асаккеч иранмИлан оКб 
  Answer:Или на Красном кабачке
    Time:  0.504000   0.024000   0.528000 (  0.580160)

 Level 7:35
Question: аеоедббзИ ыкнн йилу е св  нл 
  Answer:И след улыбки незабвенной
    Time:  0.524000   0.024000   0.548000 (  0.600123)

 Level 7:36
Question:Т ежыбоезеавт кТвт ано 
  Answer:Тебе ж нет отзыва Таков
    Time:  0.560000   0.024000   0.584000 (  0.633284)

 Level 7:37
Question:яаи ж бпсвмнжсоатаойнеои кКь зтн лоо 
  Answer:Как жизнь о боже мой становится полна
    Time:  0.564000   0.024000   0.588000 (  0.636964)

 Level 7:38
Question:змл  оаоо нД еч тт еижнасп
  Answer:Дамис за то что нежно пел
    Time:  0.580000   0.024000   0.604000 (  0.655817)

 Level 7:39
Question: гроо иое лгПеаивддг
  Answer:Приди где голова его
    Time:  0.600000   0.024000   0.624000 (  0.678318)

 Level 7:40
Question:свю   ежудиымойтебрниджвинноеС нйлайр бе
  Answer:Семейственной любви и нежной дружбы ради
    Time:  0.604000   0.024000   0.628000 (  0.681566)

 Level 7:41
Question:ь и Иааоглмтнелоивсжна п  чит кчалмроунлиоуд
  Answer:Или жаль мне труда молчаливого спутника ночи
    Time:  0.604000   0.024000   0.628000 (  0.682602)

 Level 7:42
Question:а к аидикеумВнА
  Answer:В Академии наук
    Time:  0.604000   0.024000   0.628000 (  0.682803)

 Level 7:43
Question:тдяняиа  й иЛсннд уч  екжзсиаатотдыи м
  Answer:Летят за днями дни и каждый час уносит
    Time:  0.612000   0.024000   0.636000 (  0.690499)

 Level 7:44
Question:с днол йч меиноы удПкиеит 
  Answer:Под ним сидел и кот ученый
    Time:  0.676000   0.024000   0.700000 (  0.757548)

 Level 7:45
Question:анелдев ес ом лме чсеЗе
  Answer:Зачем не смел ее следов
    Time:  0.764000   0.024000   0.788000 (  0.931703)

 Level 7:46
Question: ынс е м сТрвесее и еьенапл
  Answer:Ты перенес а с ним веселье
    Time:  0.768000   0.024000   0.792000 (  0.933575)

 Level 7:47
Question:нл йееер  чееВеедиойсрдтопдон
  Answer:Все чередой идет определенной
    Time:  0.780000   0.024000   0.804000 (  0.957229)

 Level 7:48
Question:тй нвеецннС  тжерысобвеее
  Answer:Себе торжественный венец
    Time:  0.788000   0.024000   0.812000 (  0.966040)

 Level 7:49
Question: Упзет  шь рп лаяаяеДы б а оли
  Answer:У Депрео была лишь запятая
    Time:  0.812000   0.024000   0.836000 (  0.988700)

 Level 7:50
Question:т сыяе орвещсКовбнрв  ейоинз
  Answer:Крест веры в небо возносящий
    Time:  0.848000   0.024000   0.872000 (  1.024709)

 Level 7:51
Question:еизволйпнекевнсоеб  е ю нн Мл
  Answer:Мой пленник вовсе не любезен
    Time:  0.848000   0.024000   0.872000 (  1.024709)

 Level 7:52
Question:с са Меоньхыкернаемооб
  Answer:Мое собранье насекомых
    Time:  0.864000   0.024000   0.888000 (  1.040060)

 Level 7:53
Question:есйдои дкл ывху Нл муаоо
  Answer:Но сладок уху милой девы
    Time:  0.908000   0.024000   0.932000 (  1.084892)

 Level 7:54
Question:Бмемакйуднпдртвьша ляе ь е а
  Answer:Будешь плакать дай мне время
    Time:  0.912000   0.024000   0.936000 (  1.090485)

 Level 7:55
Question: акартснесепнкрыИ иывт 
  Answer:И прекрасны вы некстати
    Time:  0.928000   0.028000   0.956000 (  1.108277)

 Level 7:56
Question:топыннв  леоьрВэсшеуыы в
  Answer:Вновь слышу верные поэты
    Time:  0.936000   0.028000   0.964000 (  1.115681)

 Level 7:57
Question:юр ов енолил внотч юпбПни
  Answer:Приют любви он вечно полн
    Time:  0.964000   0.028000   0.992000 (  1.140614)

 Level 7:58
Question:юр ов енолил внотч юпбПни
  Answer:Приют любви он вечно полн
    Time:  0.992000   0.028000   1.020000 (  1.166339)

 Level 7:59
Question:юр ов енолил внотч юпбПни
  Answer:Приют любви он вечно полн
    Time:  1.024000   0.028000   1.052000 (  1.198294)

 Level 7:60
Question: осПйпчт в адеейы снроби
  Answer:Пойте песни в добрый час
    Time:  1.040000   0.028000   1.068000 (  1.214528)

 Level 7:61
Question: осПйпчт в адеейы снроби
  Answer:Пойте песни в добрый час
    Time:  1.048000   0.032000   1.080000 (  1.226179)

 Level 7:62
Question: тктсож Ниувосы хво еьон
  Answer:Но не стыжусь твоих оков
    Time:  1.072000   0.032000   1.104000 (  1.247006)

 Level 7:63
Question:рдс уомолпеев мм тодррсге  ен ымВньлотдхуу
  Answer:В простом углу моем средь медленных трудов
    Time:  1.072000   0.032000   1.104000 (  1.248511)

 Level 7:64
Question:рдс уомолпеев мм тодррсге  ен ымВньлотдхуу
  Answer:В простом углу моем средь медленных трудов
    Time:  1.072000   0.032000   1.104000 (  1.249877)

 Level 7:65
Question:рдс уомолпеев мм тодррсге  ен ымВньлотдхуу
  Answer:В простом углу моем средь медленных трудов
    Time:  1.072000   0.032000   1.104000 (  1.251315)

 Level 7:66
Question:тьоНаорачсдн я
  Answer:Ночная радость
    Time:  1.072000   0.032000   1.104000 (  1.253012)

 Level 7:67
Question:тьоНаорачсдн я
  Answer:Ночная радость
    Time:  1.072000   0.032000   1.104000 (  1.254839)

 Level 7:68
Question:тьоНаорачсдн я
  Answer:Ночная радость
    Time:  1.076000   0.032000   1.108000 (  1.256799)

 Level 7:69
Question: ксу на акавшДбмелеис
  Answer:Делибаш на всем скаку
    Time:  1.084000   0.032000   1.116000 (  1.263206)

 Level 7:70
Question:с оее жц иб нт кйтаобтраомсЧ
  Answer:Что с тобой скажи мне братец
    Time:  1.156000   0.032000   1.188000 (  1.334388)

 Level 7:71
Question:ттяр анзипьлкДиа сса ряаАдхкат к
  Answer:Для праздника Ахти какая страсть
    Time:  1.156000   0.032000   1.188000 (  1.334388)

 Level 7:72
Question:уауд ияабОзтевпнсй лжьт
  Answer:Оставя заблуждений путь
    Time:  1.168000   0.032000   1.200000 (  1.346011)

 Level 7:73
Question:ль Явлижес поир жеяена
  Answer:Я пережил свои желанья
    Time:  1.212000   0.032000   1.244000 (  1.389144)

 Level 7:74
Question:еоаьгзуЖндце лоеа ион бряпс  ниьжлпжр
  Answer:Желанья жизни огнь по сердцу пробежал
    Time:  1.216000   0.032000   1.248000 (  1.391868)

 Level 7:75
Question:дст обаыойлоД ырнжпйх виу
  Answer:Достойный дружбы и похвал
    Time:  1.256000   0.036000   1.292000 (  1.436644)

 Level 7:76
Question:б  иевтт силел леярИа
  Answer:И ветер бился и летал
    Time:  1.260000   0.036000   1.296000 (  1.438168)

 Level 7:77
Question:ejlinteé t lSe s iains up
  Answer:Si je n étais plus le tien
    Time:  1.260000   0.036000   1.296000 (  1.438292)

 Level 7:78
Question:бот жоьявркьаолИ сео оьнлн
  Answer:Иль только сон воображенья
    Time:  1.292000   0.036000   1.328000 (  1.473932)

 Level 7:79
Question: яналгнтужр Врто бьйкейтелауеыр о
  Answer:Вокруг тебя летает рой журнальный
    Time:  1.308000   0.036000   1.344000 (  1.490125)

 Level 7:80
Question:утеонлткПва 
  Answer:Плавно текут
    Time:  1.308000   0.036000   1.344000 (  1.490619)

 Level 7:81
Question:иседеятГааждаб цда твгнюж еолке п авр
  Answer:Где ждет певца любви жестокая награда
    Time:  1.312000   0.036000   1.348000 (  1.494575)

 Level 7:82
Question:й Эебпояедлтрри олфе
  Answer:Эллеферия пред тобой
    Time:  1.416000   0.036000   1.452000 (  1.598596)

 Level 7:83
Question:ьдо днтн каыОе рщоомсигяпв шлтассаол нан
  Answer:Опасность не страшна для мощного владыки
    Time:  1.416000   0.036000   1.452000 (  1.598596)

 Level 7:84
Question:Дм идт врееу гпоизсьреч и
  Answer:Други здесь почиет в мире
    Time:  1.420000   0.036000   1.456000 (  1.605818)

 Level 7:85
Question:лу псздие врох чтоенытВгпа
  Answer:В толпе застенчивых подруг
    Time:  1.444000   0.040000   1.484000 (  1.635942)

 Level 7:86
Question:г м   иар ояоубноо ю  огне  лдвг  Дьсе тт рнйусл еГ
  Answer:Грустен гуляю со мной доброго Дельвига нет
    Time:  1.448000   0.040000   1.488000 (  1.636798)

 Level 7:87
Question:ж трз унеааобпнедоНьамй м
  Answer:Не нам безумной подражать
    Time:  1.460000   0.040000   1.500000 (  1.649665)

 Level 7:88
Question:ялреаунбкНа ане
  Answer:Набеленная рука
    Time:  1.460000   0.040000   1.500000 (  1.650208)

 Level 7:89
Question:яедел яеы вяелот т сасвтодшвс  бдйордлдаЦь
  Answer:Цветешь для радостей для света для свободы
    Time:  1.460000   0.040000   1.500000 (  1.650579)

 Level 7:90
Question:йру дл кнльоыобкиЗбьос еат
  Answer:Застольный кубок и бордель
    Time:  1.476000   0.040000   1.516000 (  1.668675)

 Level 7:91
Question:ееновсеки  алПдзнрвстп мриы
  Answer:При светлом празднике весны
    Time:  1.484000   0.040000   1.524000 (  1.676277)

 Level 7:92
Question:внан ади сые кнтеТн
  Answer:Так в ненастные дни
    Time:  1.484000   0.040000   1.524000 (  1.676945)

 Level 7:93
Question:Коикк б йгом оивс ячд аа л кла к ун
  Answer:Как адский луч как молния богов
    Time:  1.500000   0.040000   1.540000 (  1.693725)

 Level 7:94
Question: едыймрн евеа сдисое нзчВчр моа
  Answer:В вечерний час над озером седым
    Time:  1.516000   0.040000   1.556000 (  1.709727)

 Level 7:95
Question: оьт сЧтркилико ойеетолпс
  Answer:Что только просит киселей
    Time:  1.520000   0.040000   1.560000 (  1.713774)

 Level 7:96
Question:улолПрплоцуипеуок мд
  Answer:нет
    Time:  1.580000   0.044000   1.624000 (  1.778282)

 Level 7:97
Question: окь алгод явовйдкниосКлсхнае
  Answer:Как сладкий голос вдохновенья
    Time:  1.584000   0.044000   1.628000 (  1.786059)

 Level 7:98
Question:ецег Адвдовеувп г Гусрут
  Answer:Где другу Августов певец
    Time:  1.592000   0.048000   1.640000 (  1.810449)

 Level 7:99
Question:т ньеа  цтдсбарябнуинр еываеОсше 
  Answer:Обиды не страшась не требуя венца
    Time:  1.612000   0.052000   1.664000 (  1.836124)

 Level 7:100
Question:о урм г отсивбисоыюлокС
  Answer:Столбом усы виски горою
    Time:  1.632000   0.052000   1.684000 (  1.858607)

 Level 7:101
Question:йма тоныМз  анрывныдерб ажой
  Answer:Мы рождены мой брат названый
    Time:  1.644000   0.052000   1.696000 (  1.870458)

 Level 7:102
Question:аЯ клл  уасЛлвлшии ууар
  Answer:Я Лилу слушал у клавира
    Time:  1.748000   0.052000   1.800000 (  1.975420)

 Level 7:103
Question:Нойев нниъсосзимйяеи
  Answer:Неизъяснимой синевой
    Time:  1.764000   0.056000   1.820000 (  1.995980)

 Level 7:104
Question:иуяей дт Е емлрнгуо
  Answer:Ее груди не утомляй
    Time:  1.772000   0.056000   1.828000 (  2.004068)

 Level 7:105
Question:вно гсеиеырд адо оттНуо с гл
  Answer:Не стыдно ли от друга своего
    Time:  1.788000   0.056000   1.844000 (  2.022554)

 Level 7:106
Question:и дпн  кворшыгуйр ймзеыоПабнснеуеныынтк
  Answer:Подкумка знойный брег пустынные вершины
    Time:  1.792000   0.056000   1.848000 (  2.025333)

 Level 7:107
Question:у уиомлрнв оТШиелтсреп
  Answer:Томсону Шиллеру привет
    Time:  1.800000   0.056000   1.856000 (  2.034845)

 Level 7:108
Question:ян ржаыи еут мтехнбсСетймзых
  Answer:Страстей безумных и мятежных
    Time:  1.808000   0.060000   1.868000 (  2.044861)

 Level 7:109
Question:ьИт м иелеьсчятнсопюмиок 
  Answer:Им поклониться честь имею
    Time:  1.820000   0.060000   1.880000 (  2.056249)

 Level 7:110
Question:нтнн беойяслывйщ дасыоСман
  Answer:Священный сладостный обман
    Time:  1.840000   0.060000   1.900000 (  2.097537)

 Level 7:111
Question:чхнвтежлсн ыооврд ауяси ьИ
  Answer:И встреч условных ожиданья
    Time:  1.856000   0.060000   1.916000 (  2.115267)

 Level 7:112
Question:клоозра ыдурвтнахюст Вь ямм
  Answer:Вздохнул оставя мрак тюрьмы
    Time:  1.872000   0.060000   1.932000 (  2.129851)

 Level 7:113
Question:н онПеяийш тон кдлвяьоыьсв
  Answer:Подняться к вольной вышине
    Time:  1.876000   0.060000   1.936000 (  2.135615)

 Level 7:114
Question:ймсгиИ  юе даоояслянм 
  Answer:И я смеюся над могилой
    Time:  1.888000   0.060000   1.948000 (  2.148294)

 Level 7:115
Question:тношнлнзауея ьае Вепнег
  Answer:Внезапно ангел утешенья
    Time:  1.892000   0.060000   1.952000 (  2.151079)

 Level 7:116
Question:тношнлнзауея ьае Вепнег
  Answer:Внезапно ангел утешенья
    Time:  1.896000   0.060000   1.956000 (  2.153780)

 Level 7:117
Question:тношнлнзауея ьае Вепнег
  Answer:Внезапно ангел утешенья
    Time:  1.900000   0.060000   1.960000 (  2.157940)

 Level 7:118
Question:шБ иьяио бнемвылюлл с жвозоиятНле
  Answer:Не оживлялися Безмолвно любишь ты
    Time:  1.916000   0.060000   1.976000 (  2.172625)

 Level 7:119
Question:  шубрео аяебптне У
  Answer:У неба я тебе прошу
    Time:  1.916000   0.060000   1.976000 (  2.174228)

 Level 7:120
Question:  шубрео аяебптне У
  Answer:У неба я тебе прошу
    Time:  1.916000   0.060000   1.976000 (  2.176052)

 Level 7:121
Question:  шубрео аяебптне У
  Answer:У неба я тебе прошу
    Time:  1.916000   0.060000   1.976000 (  2.177676)

 Level 8:1
Question:  аа о  лп а  е 
  Answer:опалена
    Time:  0.000000   0.000000   0.000000 (  0.000223)

 Level 8:2
Question:  аа о  лп а  е 
  Answer:опалена
    Time:  0.000000   0.000000   0.000000 (  0.000558)

 Level 8:3
Question:усбзд иомоый оивжетюП хбнят ра лшроиуяа
  Answer:Противу ямба хорея злобой ужасною дышит
    Time:  0.000000   0.000000   0.000000 (  0.001378)

 Level 8:4
Question:усбзд иомоый оивжетюП хбнят ра лшроиуяа
  Answer:Противу ямба хорея злобой ужасною дышит
    Time:  0.004000   0.000000   0.004000 (  0.002799)

 Level 8:5
Question:е ксаиажтквЦ
  Answer:нет
    Time:  0.008000   0.000000   0.008000 (  0.003811)

 Level 8:6
Question:е ксаиажтквЦ
  Answer:нет
    Time:  0.008000   0.000000   0.008000 (  0.005533)

 Level 8:7
Question:ичтметя к лежаб аь нзиСл я 
  Answer:Скажи не я ль тебя заметил
    Time:  0.036000   0.000000   0.036000 (  0.036342)

 Level 8:8
Question:у еохс еюг жбут ылоСтялоп рр
  Answer:С глупых лет брожу я сиротою
    Time:  0.064000   0.004000   0.068000 (  0.071407)

 Level 8:9
Question:у еохс еюг жбут ылоСтялоп рр
  Answer:С глупых лет брожу я сиротою
    Time:  0.104000   0.004000   0.108000 (  0.112696)

 Level 8:10
Question:у еохс еюг жбут ылоСтялоп рр
  Answer:С глупых лет брожу я сиротою
    Time:  0.128000   0.004000   0.132000 (  0.162780)

 Level 8:11
Question:яи гдоо   л нло И споенеД
  Answer:нет
    Time:  0.160000   0.004000   0.164000 (  0.197506)

 Level 8:12
Question:яи гдоо   л нло И споенеД
  Answer:нет
    Time:  0.184000   0.004000   0.188000 (  0.219863)

 Level 8:13
Question:яи гдоо   л нло И споенеД
  Answer:нет
    Time:  0.200000   0.008000   0.208000 (  0.240740)

 Level 8:14
Question:пеа  ймзю дебчныЛжтяИо
  Answer:И да почию безмятежный
    Time:  0.200000   0.008000   0.208000 (  0.242540)

 Level 8:15
Question:пеа  ймзю дебчныЛжтяИо
  Answer:И да почию безмятежный
    Time:  0.200000   0.008000   0.208000 (  0.244386)

 Level 8:16
Question:пеа  ймзю дебчныЛжтяИо
  Answer:И да почию безмятежный
    Time:  0.200000   0.008000   0.208000 (  0.246115)

 Level 8:17
Question:ссйоо турь йввоогоажрейакг
  Answer:нет
    Time:  0.264000   0.008000   0.272000 (  0.384336)

 Level 8:18
Question:сспрнтн   рлИеао уюие 
  Answer:нет
    Time:  0.264000   0.008000   0.272000 (  0.384336)

 Level 8:19
Question:сшэ ишзирллунойккСуечмйлнтвщннбеиув  ол уо ейвжксо
  Answer:нет
    Time:  0.264000   0.008000   0.272000 (  0.384566)

 Level 8:20
Question:зиьувгилнмчнтбдно Руу ао екпую улел
  Answer:Разумник получил ведь ленту голубую
    Time:  0.268000   0.008000   0.276000 (  0.385644)

 Level 8:21
Question:лв га сриссв  ъз оЯхх иятт всгнртото яуано
  Answer:нет
    Time:  0.276000   0.008000   0.284000 (  0.392557)

 Level 8:22
Question: ияун збмасй   пеялч елиьодйИыбнте
  Answer:И сяду близ тебя печальный и немой
    Time:  0.284000   0.008000   0.292000 (  0.406919)

 Level 8:23
Question:  осее С хннкоотморсв
  Answer:Со всех ко мне сторон
    Time:  0.288000   0.008000   0.296000 (  0.416602)

 Level 8:24
Question:бдпдг гоу онодтМрл олбоиел
  Answer:нет
    Time:  0.328000   0.008000   0.336000 (  0.496551)

 Level 8:25
Question: нйо неоу ойзюгпршокб длоДиою иыо
  Answer:Душою гордою и пылкой и незлобной
    Time:  0.348000   0.008000   0.356000 (  0.531950)

 Level 8:26
Question:у яонмдвии ькам бмублчиСн 
  Answer:С блядьми вином и чубуками
    Time:  0.348000   0.008000   0.356000 (  0.532141)

 Level 8:27
Question:ииевм рлряг еПкерсйчшкьюаже
  Answer:Привяжешь камергерский ключ
    Time:  0.352000   0.008000   0.360000 (  0.540201)

 Level 8:28
Question:стпуаюдыжмИвунилре алз иеас  в в
  Answer:нет
    Time:  0.368000   0.008000   0.376000 (  0.558782)

 Level 8:29
Question:орзвп й нне кекмзиайейрау в
  Answer:Узнай по крайней мере звуки
    Time:  0.392000   0.012000   0.404000 (  0.586761)

 Level 8:30
Question: ютхберанлтыСлхи
  Answer:Слабых хранителю
    Time:  0.392000   0.012000   0.404000 (  0.587041)

 Level 8:31
Question:аоаТнл  ве очТоемн в   оийнес рие етн зв
  Answer:нет
    Time:  0.400000   0.012000   0.412000 (  0.610634)

 Level 8:32
Question:тварвяо  иВыит паобтьшм
  Answer:нет
    Time:  0.456000   0.012000   0.468000 (  0.715890)

 Level 8:33
Question: а соос рехеонвонотг с
  Answer:На него со всех сторон
    Time:  0.460000   0.012000   0.472000 (  0.719021)

 Level 8:34
Question:х ав инеиыриых неежуиНлстн ое п чсблпйженсл 
  Answer:Ни плеч ни влажных уст ни персей белоснежных
    Time:  0.460000   0.012000   0.472000 (  0.720222)

 Level 8:35
Question:КзПи роюд нмсрниееоефлу
  Answer:Пред изумленною Киферой
    Time:  0.476000   0.012000   0.488000 (  0.739439)

 Level 8:36
Question:йбт р Тыагстдьодлчооеао ейр
  Answer:Тогда столь быстрой чередой
    Time:  0.476000   0.012000   0.488000 (  0.739439)

 Level 8:37
Question:m idsAptaseee avs ilnsug  
  Answer:Amis la vie est un passage
    Time:  0.476000   0.012000   0.488000 (  0.739612)

 Level 8:38
Question:лйНобяыоКо лтса мо иТ
  Answer:нет
    Time:  0.512000   0.012000   0.524000 (  0.772911)

 Level 8:39
Question: ис  тСон инач жазгьойвебмгя
  Answer:Смягчит за нас он божий гнев
    Time:  0.512000   0.012000   0.524000 (  0.774538)

 Level 8:40
Question:Умассоязл жозь   ыеюнвб
  Answer:Уж зазывал меня с собою
    Time:  0.528000   0.012000   0.540000 (  0.790104)

 Level 8:41
Question: аовм ибптИтдросслаооавгку о нлд
  Answer:И в подлости осанку благородства
    Time:  0.540000   0.012000   0.552000 (  0.799542)

 Level 8:42
Question: ла п ое у  а   
  Answer:опалена
    Time:  0.544000   0.012000   0.556000 (  0.799773)

 Level 8:43
Question:учеовпю свнмНсюнчтьраа уу
  Answer:Напрасно чувствую мученье
    Time:  0.548000   0.012000   0.560000 (  0.802503)

 Level 8:44
Question:уроиогиарбвипкктПраи
  Answer:нет
    Time:  0.596000   0.012000   0.608000 (  0.851428)

 Level 8:45
Question:чоисешхюр зВ  юавиркш хкймг оо олубь
  Answer:В больших очках и с резвою гремушкой
    Time:  0.604000   0.012000   0.616000 (  0.856717)

 Level 8:46
Question:пиИаи мчешо  улис дтуо ттмаяж
  Answer:И имя чуждое уста мои шептали
    Time:  0.608000   0.012000   0.620000 (  0.860427)

 Level 8:47
Question:бдзн  еЧв  рел т  яарао ь лтиуаы рбСшо
  Answer:Судья решил Чтоб не было разврата
    Time:  0.616000   0.012000   0.628000 (  0.869762)

 Level 8:48
Question:алн нфйе бСнйоатноыиеек
  Answer:Сей белокаменный фонтан
    Time:  0.644000   0.012000   0.656000 (  0.925811)

 Level 8:49
Question:хиеЖтхтнвсдое скдрыейу 
  Answer:Жестоких ветреных судей
    Time:  0.672000   0.012000   0.684000 (  0.950524)

 Level 8:50
Question:реыбхйаДой норийб атяое дйгтвтнс  
  Answer:Да сохранит тебя твой добрый гений
    Time:  0.676000   0.012000   0.688000 (  0.958910)

 Level 8:51
Question:о пУятмре ьвтатжЗзаоьт  гн
  Answer:Затоптать не может в грязь
    Time:  0.700000   0.012000   0.712000 (  0.982542)

 Level 8:52
Question:уннжубае л юеузуриИк
  Answer:И неизбежную разлуку
    Time:  0.716000   0.012000   0.728000 (  0.996399)

 Level 8:53
Question: о    отвсесб лоНпвпиьмло еипо с д еш
  Answer:Но подлости побольше спеси в нем
    Time:  0.724000   0.012000   0.736000 (  1.006209)

 Level 8:54
Question:о   гнокбтрсеьжеОситис сетиого уПрнмнчтсе
  Answer:Прибегнуть к строгости Они с ожесточеньем
    Time:  0.724000   0.012000   0.736000 (  1.008688)

 Level 8:55
Question:зенаерТб  уррв йынл ан
  Answer:Ты разрублен на войне
    Time:  0.744000   0.012000   0.756000 (  1.029075)

 Level 8:56
Question:уюаа и зртСте лтдахыькркя
  Answer:С тетрадью злых карикатур
    Time:  0.756000   0.012000   0.768000 (  1.037766)

 Level 8:57
Question:гл Ваеяб кзсаебве авслаюч
  Answer:нет
    Time:  0.808000   0.016000   0.824000 (  1.090960)

 Level 8:58
Question:юл в от очьтвнетСеен чвсмеаенлооявоисéормарьв
  Answer:нет
    Time:  0.808000   0.016000   0.824000 (  1.091153)

 Level 8:59
Question:ыиму лсо ву Нлйдмеяяйй
  Answer:Не удивляйся милый мой
    Time:  0.812000   0.016000   0.828000 (  1.095956)

 Level 8:60
Question:сдмонт и сВяЯм ьойрпи
  Answer:Я смириться подо мной
    Time:  0.828000   0.016000   0.844000 (  1.109989)

 Level 8:61
Question:еты рв оисрйнфжый ндСо
  Answer:нет
    Time:  0.856000   0.016000   0.872000 (  1.137027)

 Level 8:62
Question:евк а нркитомановпит  гИорз
  Answer:Итак в знак мирного привета
    Time:  0.856000   0.016000   0.872000 (  1.138955)

 Level 8:63
Question:и ч бмтжйнеыа зоядпюге
  Answer:И да почию безмятежный
    Time:  0.856000   0.016000   0.872000 (  1.140675)

 Level 8:64
Question:ыййиотжр е оркпнтВд хсоСае
  Answer:Выходит с прежней красотой
    Time:  0.860000   0.016000   0.876000 (  1.143543)

 Level 8:65
Question:тСмтша иыйвы ша кврлонпоой
  Answer:нет
    Time:  0.880000   0.024000   0.904000 (  1.173666)

 Level 8:66
Question:ндынанхйоа  зррпвдв мван илга сойуоИри
  Answer:И мразов ранний хлад опасный винограду
    Time:  0.888000   0.024000   0.912000 (  1.180797)

 Level 8:67
Question:  тсМй   й ма а оуписнолрашкс
  Answer:Мой сын послушай старика
    Time:  0.892000   0.024000   0.916000 (  1.183179)

 Level 8:68
Question:пльрриекбОннныпйах   ал тоы ентволсво
  Answer:От первых лет поклонник бранной славы
    Time:  0.896000   0.024000   0.920000 (  1.186483)

 Level 8:69
Question:гтеуОдВ яшя ою биврСЧо уодяргт  с
  Answer:нет
    Time:  0.920000   0.024000   0.944000 (  1.209444)

 Level 8:70
Question:ют и гпзх д ырор аеИунук  о
  Answer:нет
    Time:  0.968000   0.024000   0.992000 (  1.301478)

 Level 8:71
Question:окарогчлБзуваеыйяенмл
  Answer:нет
    Time:  1.000000   0.024000   1.024000 (  1.335652)

 Level 8:72
Question:илег лаьндриобнтаоетмсузк патон к иНа
  Answer:Никто на празднике блистательного мая
    Time:  1.004000   0.024000   1.028000 (  1.340188)

 Level 8:73
Question:iккsр иаSрау PteТrtтвхыат 
  Answer:Ты St -Priest в карикатурах
    Time:  1.028000   0.028000   1.056000 (  1.388910)

 Level 8:74
Question:мыжжыиенлт уеьяНотртк ы ыойрала
  Answer:Неутолимый жар открытые желанья
    Time:  1.032000   0.028000   1.060000 (  1.398143)

 Level 8:75
Question:тутс аниненаиклыМ аг
  Answer:нет
    Time:  1.052000   0.032000   1.084000 (  1.436716)

 Level 8:76
Question: ееьбрбНыоитватюмю  лве
  Answer:нет
    Time:  1.084000   0.032000   1.116000 (  1.470570)

 Level 8:77
Question: ь  ь лдпьат    шошмцамумбндрлщ ууиеяыеяуо Бв ок
  Answer:нет
    Time:  1.084000   0.032000   1.116000 (  1.471843)

 Level 8:78
Question:чт хттСрскряияо оас
  Answer:Со страху корячится
    Time:  1.100000   0.036000   1.136000 (  1.488779)

 Level 8:79
Question:ытортВеЕ фмиыбкс нплруаь 
  Answer:В куплеты рифмы набросать
    Time:  1.104000   0.036000   1.140000 (  1.492997)

 Level 8:80
Question:если цслоох зеегласг аа Мвдблвнвла о
  Answer:нет
    Time:  1.112000   0.036000   1.148000 (  1.510782)

 Level 8:81
Question:ето ынае в Нн ерье йквдон 
  Answer:Надобно ей новое корыто
    Time:  1.136000   0.044000   1.180000 (  1.544127)

 Level 8:82
Question:ыианагл тйам дКНпннмякуен
  Answer:Кагула памятник надменный
    Time:  1.136000   0.044000   1.180000 (  1.551579)

 Level 8:83
Question:мнаВнаОаюрв аз кТрхсии 
  Answer:Она Тарквинию с размаха
    Time:  1.140000   0.044000   1.184000 (  1.556348)

 Level 8:84
Question:п уе еПОтбоом днсчо а аоеов
  Answer:О чем поет Поет она свободу
    Time:  1.140000   0.044000   1.184000 (  1.556814)

 Level 8:85
Question:П ьлнуопоооноуякюш йеолвлвосрбксн
  Answer:нет
    Time:  1.156000   0.044000   1.200000 (  1.583092)

 Level 8:86
Question:онж итап  ы нВе е  ам ек др ка    к
  Answer:Вы так же как она пред нами
    Time:  1.188000   0.044000   1.232000 (  1.613537)

 Level 8:87
Question:млаБииимт в иранжддьо о ох
  Answer:нет
    Time:  1.240000   0.044000   1.284000 (  1.718956)

 Level 8:88
Question:упуыш  териххсгттсптора асПа
  Answer:Простых татар спешат супруги
    Time:  1.240000   0.044000   1.284000 (  1.720104)

 Level 8:89
Question:юсе юмойСйкплвз оеосо ак
  Answer:С своею прозою лакейской
    Time:  1.244000   0.044000   1.288000 (  1.728611)

 Level 8:90
Question: а йл  уеоМ дейиош тв 
  Answer:Младой души твоей
    Time:  1.244000   0.044000   1.288000 (  1.729072)

 Level 8:91
Question: опиысос усйтТялбо гвад
  Answer:Ты посвятила свой досуг
    Time:  1.264000   0.044000   1.308000 (  1.763025)

 Level 8:92
Question:рмюож  дВр ееонеду кяуоиздлм мдпсна м
  Answer:Владею днем моим с порядком дружен ум
    Time:  1.268000   0.044000   1.312000 (  1.767333)

 Level 8:93
Question:оиуфлунлтПоау лтаукп
  Answer:нет
    Time:  1.304000   0.044000   1.348000 (  1.803344)

 Level 8:94
Question:суеТтгпл оаоряп
  Answer:Тот перепугался
    Time:  1.304000   0.044000   1.348000 (  1.803672)

 Level 8:95
Question: йо овлмоысоемлНя п
  Answer:нет
    Time:  1.324000   0.044000   1.368000 (  1.824586)

 Level 8:96
Question:анррярлоОваснзвоке  тм
  Answer:Осквернял развратом он
    Time:  1.328000   0.044000   1.372000 (  1.827770)

 Level 8:97
Question:тьви урморПтнеюоеи дт
  Answer:Примите новую тетрадь
    Time:  1.352000   0.052000   1.404000 (  1.857273)

 Level 8:98
Question:моеажьын неесе на осоИхеи чтпнврсвркйл
  Answer:И мыслей творческих напрасное волненье
    Time:  1.356000   0.052000   1.408000 (  1.858545)

 Level 8:99
Question:еинлн еобИ ювеиыж р
  Answer:И речи нежные любви
    Time:  1.368000   0.052000   1.420000 (  1.872330)

 Level 8:100
Question: с асыеайорбои лне Мдмнснчл 
  Answer:Молчи бессмысленный народ
    Time:  1.388000   0.052000   1.440000 (  1.912725)

 Level 8:101
Question:ол  рчкн ца ягм ыюаТоктаек
  Answer:Ты наконец к ключам от рая
    Time:  1.396000   0.052000   1.448000 (  1.917475)

 Level 8:102
Question:у скюмаархаШаиуц ац
  Answer:нет
    Time:  1.408000   0.056000   1.464000 (  1.942618)

 Level 8:103
Question:шо  и псиВе    лс
  Answer:нет
    Time:  1.408000   0.056000   1.464000 (  1.944215)

 Level 8:104
Question:оюа сооллиоьбНты вв йв в р  Бс нлу
  Answer:Но Брут восстал вольнолюбивый
    Time:  1.416000   0.056000   1.472000 (  1.954782)

 Level 8:105
Question:пи соакндттйолрчДоыеднсо 
  Answer:Достопочтенный лорд Мидас
    Time:  1.436000   0.056000   1.492000 (  1.998960)

 Level 8:106
Question:д тосаос гтамыТ имторуо
  Answer:нет
    Time:  1.476000   0.056000   1.532000 (  2.041339)

 Level 8:107
Question:Фт роьантмДоПаое ркйВо леи вле еьтулрявн
  Answer:Давно Ферней умолк Приятель твой Вольтер
    Time:  1.480000   0.056000   1.536000 (  2.043172)

 Level 8:108
Question:оялоле ьнБвлсгвасоеогл
  Answer:нет
    Time:  1.520000   0.056000   1.576000 (  2.117764)

 Level 8:109
Question:  йеНввеияу охжчНио 
  Answer:Не вижу я твоих очей
    Time:  1.528000   0.056000   1.584000 (  2.123469)

 Level 8:110
Question:тбралас асаиО таынвмнпрр к
  Answer:нет
    Time:  1.572000   0.056000   1.628000 (  2.173273)

 Level 8:111
Question: п йрандрооывноа еосвУед
  Answer:нет
    Time:  1.608000   0.056000   1.664000 (  2.249366)

 Level 8:112
Question:елреоята содл зим пеа
  Answer:нет
    Time:  1.628000   0.056000   1.684000 (  2.292870)

 Level 8:113
Question:ес л пнвиоднрснма В еезьоа
  Answer:Вперил он на свое созданье
    Time:  1.648000   0.056000   1.704000 (  2.326797)

 Level 8:114
Question:те рлр  охяоеч втсые атсв
  Answer:нет
    Time:  1.676000   0.056000   1.732000 (  2.401712)

 Level 8:115
Question:зеокяиытнечбмйаИтдр м м 
  Answer:И бредит языком мечтаний
    Time:  1.724000   0.056000   1.780000 (  2.449674)

 Level 8:116
Question:юлйнношьвьсеа каепыйров Т  тно
  Answer:Твой шалью стан не покровенный
    Time:  1.744000   0.056000   1.800000 (  2.466798)

 Level 8:117
Question: св урихйкчдиисола дВеег
  Answer:В чаду веселий городских
    Time:  1.768000   0.056000   1.824000 (  2.512337)

 Level 8:118
Question:  анен нсор  отихбтданеиЧ
  Answer:Что с неба дни его хранит
    Time:  1.800000   0.056000   1.856000 (  2.540949)

 Level 8:119
Question:шлкт ьннмиааплуочна  меи
  Answer:нет
    Time:  1.848000   0.056000   1.904000 (  2.651864)

 Level 8:120
Question:егшии кТб онев ясвл  се аоышмлеурьз
  Answer:нет
    Time:  1.852000   0.064000   1.916000 (  2.710644)

 Level 8:121
Question:аИентн нолгонхбв и
  Answer:Их тени благовонны
    Time:  1.852000   0.072000   1.924000 (  2.751429)

result:71
