   Level 1:
     Total:  0.812000   0.020000   0.832000 (  0.608083)
   Average:  0.007186   0.000177   0.007363 (  0.006974)
     Count:100

   Level 2:
     Total:  0.812000   0.020000   0.832000 (  0.698083)
   Average:  0.007186   0.000177   0.007363 (  0.006974)
     Count:106

   Level 3:
     Total:  0.812000   0.020000   0.832000 (  0.788083)
   Average:  0.007186   0.000177   0.007363 (  0.006974)
     Count:113

    Level 4:
     Total:  0.768000   0.016000   0.784000 (  0.863500)
   Average:  0.006194   0.000129   0.006323 (  0.006964)
     Count:124

    Level 5:
     Total:  1.228000   0.044000   1.272000 (  1.480713)
   Average:  0.008026   0.000288   0.008314 (  0.009678)
     Count:153

    Level 6:
     Total:  1.228000   0.044000   1.272000 (  ?.480713)
   Average:  0.008026   0.000288   0.008314 (  0.009678)
     Count:106

    Level 7:
     Total:  1.784000   0.040000   1.824000 (  1.831888)
   Average:  0.016519   0.000370   0.016889 (  0.016962)
     Count:108

    Level 8:
     Total:  3.048000   0.064000   3.112000 (  3.343932)
   Average:  0.019792   0.000416   0.020208 (  0.021714)
     Count:154
