# Logfile created on 2017-12-28 22:45:06 +0300 by logger.rb/61378
I, [2017-12-28T22:45:32.229663 #9485]  INFO -- : Question:раврсЕтйислосрко опКиг у
I, [2017-12-28T22:45:32.230253 #9485]  INFO -- :    Level 7:
     Total:  0.000000   0.000000   0.000000 (  0.000000)
   Average:       NaN        NaN        NaN (       NaN)
     Count:0
I, [2017-12-28T22:45:32.247750 #9485]  INFO -- : Lvl 8/1:  0.020000   0.000000   0.020000 (  0.017312)

I, [2017-12-28T22:45:32.248164 #9485]  INFO -- :    Level 8:
     Total:  0.020000   0.000000   0.020000 (  0.017312)
   Average:  0.020000   0.000000   0.020000 (  0.017312)
     Count:1
I, [2017-12-28T22:45:32.248204 #9485]  INFO -- :   Answer:Его Красовский пропустил
I, [2017-12-28T22:45:46.674195 #9485]  INFO -- : Question:ловтрепн  еиеоинанмсо Гсн тердтыже
I, [2017-12-28T22:45:46.679983 #9485]  INFO -- : Lvl 8/2:  0.004000   0.000000   0.004000 (  0.004505)

I, [2017-12-28T22:45:46.680244 #9485]  INFO -- :    Level 8:
     Total:  0.024000   0.000000   0.024000 (  0.021817)
   Average:  0.012000   0.000000   0.012000 (  0.010909)
     Count:2
I, [2017-12-28T22:45:46.680285 #9485]  INFO -- :   Answer:Гнет ломит древеса исторженные пни
I, [2017-12-28T22:46:08.324894 #9485]  INFO -- : Question:ое оботН  тлгеоуо нзав йттвт лю иакср п г
I, [2017-12-28T22:46:08.326285 #9485]  INFO -- : Lvl 8/3:  0.000000   0.000000   0.000000 (  0.001096)

I, [2017-12-28T22:46:08.326477 #9485]  INFO -- :    Level 8:
     Total:  0.024000   0.000000   0.024000 (  0.022914)
   Average:  0.008000   0.000000   0.008000 (  0.007638)
     Count:3
I, [2017-12-28T22:46:08.326524 #9485]  INFO -- :   Answer:Но кто не любит вас тот во сто раз глупей
I, [2017-12-28T22:46:34.332990 #9485]  INFO -- : Question:имоачтмт йекуНи самлн
I, [2017-12-28T22:46:34.355412 #9485]  INFO -- : Lvl 8/4:  0.024000   0.000000   0.024000 (  0.021719)

I, [2017-12-28T22:46:34.356043 #9485]  INFO -- :    Level 8:
     Total:  0.048000   0.000000   0.048000 (  0.044632)
   Average:  0.012000   0.000000   0.012000 (  0.011158)
     Count:4
I, [2017-12-28T22:46:34.356087 #9485]  INFO -- :   Answer:нет
I, [2017-12-28T22:46:34.383572 #9485]  INFO -- : Question:н иьюГрю нос ваушй  инощмишйвунттк сдпб  мз ларуа
I, [2017-12-28T22:46:34.384376 #9485]  INFO -- : Lvl 8/5:  0.000000   0.000000   0.000000 (  0.000189)

I, [2017-12-28T22:46:34.384523 #9485]  INFO -- :    Level 8:
     Total:  0.048000   0.000000   0.048000 (  0.044821)
   Average:  0.009600   0.000000   0.009600 (  0.008964)
     Count:5
I, [2017-12-28T22:46:34.384557 #9485]  INFO -- :   Answer:Гордость внушающий нам шумный заступник любви
I, [2017-12-28T22:46:40.400705 #9485]  INFO -- : Question:Пгек ррсратоебгсооугк
I, [2017-12-28T22:46:40.401995 #9485]  INFO -- : Lvl 8/6:  0.000000   0.000000   0.000000 (  0.000639)

I, [2017-12-28T22:46:40.402209 #9485]  INFO -- :    Level 8:
     Total:  0.048000   0.000000   0.048000 (  0.045460)
   Average:  0.008000   0.000000   0.008000 (  0.007577)
     Count:6
I, [2017-12-28T22:46:40.402250 #9485]  INFO -- :   Answer:Петербургского округа
I, [2017-12-28T22:46:54.820894 #9485]  INFO -- : Question:ежемемтУ оыь енод ж бвти
I, [2017-12-28T22:46:54.853413 #9485]  INFO -- : Lvl 8/7:  0.028000   0.000000   0.028000 (  0.031915)

I, [2017-12-28T22:46:54.854731 #9485]  INFO -- :    Level 8:
     Total:  0.076000   0.000000   0.076000 (  0.077375)
   Average:  0.010857   0.000000   0.010857 (  0.011054)
     Count:7
I, [2017-12-28T22:46:54.854827 #9485]  INFO -- :   Answer:нет
I, [2017-12-28T22:47:15.439945 #9485]  INFO -- : Question:ое г онткаох ив еаслх твжсе ндырнао Внни
I, [2017-12-28T22:47:15.443660 #9485]  INFO -- : Lvl 8/8:  0.004000   0.000000   0.004000 (  0.002986)

I, [2017-12-28T22:47:15.443911 #9485]  INFO -- :    Level 8:
     Total:  0.080000   0.000000   0.080000 (  0.080360)
   Average:  0.010000   0.000000   0.010000 (  0.010045)
     Count:8
I, [2017-12-28T22:47:15.443972 #9485]  INFO -- :   Answer:В костер навалены он их зажег он всходит
I, [2017-12-28T22:47:37.331283 #9485]  INFO -- : Question: ждогаеКалитопнвсерпи ес 
I, [2017-12-28T22:47:37.332140 #9485]  INFO -- : Lvl 8/9:  0.000000   0.000000   0.000000 (  0.000604)

I, [2017-12-28T22:47:37.332287 #9485]  INFO -- :    Level 8:
     Total:  0.080000   0.000000   0.080000 (  0.080965)
   Average:  0.008889   0.000000   0.008889 (  0.008996)
     Count:9
I, [2017-12-28T22:47:37.332326 #9485]  INFO -- :   Answer:Как прежде посетили снова
I, [2017-12-28T22:48:05.079988 #9485]  INFO -- : Question:к рпвунео арз  Ж ияоард ырети олгчпотеХтнаюыНнв 
I, [2017-12-28T22:48:05.080979 #9485]  INFO -- : Lvl 8/10:  0.000000   0.000000   0.000000 (  0.000281)

I, [2017-12-28T22:48:05.081212 #9485]  INFO -- :    Level 8:
     Total:  0.080000   0.000000   0.080000 (  0.081246)
   Average:  0.008000   0.000000   0.008000 (  0.008125)
     Count:10
I, [2017-12-28T22:48:05.081264 #9485]  INFO -- :   Answer:Жертвенник Хоры поют Но в начале трапезы о други
I, [2017-12-28T22:48:05.132640 #9485]  INFO -- : Question:валоВнилрииек еицкни аижсижщ  тр
I, [2017-12-28T22:48:05.144021 #9485]  INFO -- : Lvl 8/11:  0.008000   0.004000   0.012000 (  0.010552)

I, [2017-12-28T22:48:05.144290 #9485]  INFO -- :    Level 8:
     Total:  0.088000   0.004000   0.092000 (  0.091798)
   Average:  0.008000   0.000364   0.008364 (  0.008345)
     Count:11
I, [2017-12-28T22:48:05.144331 #9485]  INFO -- :   Answer:нет
I, [2017-12-28T22:48:11.129339 #9485]  INFO -- : Question:оееш  намьдн оымуйсяТ
I, [2017-12-28T22:48:11.130905 #9485]  INFO -- : Lvl 8/12:  0.000000   0.000000   0.000000 (  0.000494)

I, [2017-12-28T22:48:11.131335 #9485]  INFO -- :    Level 8:
     Total:  0.088000   0.004000   0.092000 (  0.092292)
   Average:  0.007333   0.000333   0.007667 (  0.007691)
     Count:12
I, [2017-12-28T22:48:11.131379 #9485]  INFO -- :   Answer:Ты смеешься надо мной
I, [2017-12-28T22:48:29.446526 #9485]  INFO -- : Question:пзонБдаВщнрбр оеыыбае
I, [2017-12-28T22:48:29.469795 #9485]  INFO -- : Lvl 8/13:  0.024000   0.000000   0.024000 (  0.022951)

I, [2017-12-28T22:48:29.470382 #9485]  INFO -- :    Level 8:
     Total:  0.112000   0.004000   0.116000 (  0.115243)
   Average:  0.008615   0.000308   0.008923 (  0.008865)
     Count:13
I, [2017-12-28T22:48:29.470425 #9485]  INFO -- :   Answer:нет
I, [2017-12-28T22:48:37.886684 #9485]  INFO -- : Question:лы носбьамнаиаитм иву Ддй
I, [2017-12-28T22:48:37.890320 #9485]  INFO -- : Lvl 8/14:  0.004000   0.000000   0.004000 (  0.003408)

I, [2017-12-28T22:48:37.890464 #9485]  INFO -- :    Level 8:
     Total:  0.116000   0.004000   0.120000 (  0.118652)
   Average:  0.008286   0.000286   0.008571 (  0.008475)
     Count:14
I, [2017-12-28T22:48:37.890520 #9485]  INFO -- :   Answer:Давно ли тайными судьбами
I, [2017-12-28T22:48:58.390846 #9485]  INFO -- : Question: ьгюврКепцоердрасет н извьб
I, [2017-12-28T22:48:58.398224 #9485]  INFO -- : Lvl 8/15:  0.008000   0.000000   0.008000 (  0.006620)

I, [2017-12-28T22:48:58.398531 #9485]  INFO -- :    Level 8:
     Total:  0.124000   0.004000   0.128000 (  0.125272)
   Average:  0.008267   0.000267   0.008533 (  0.008351)
     Count:15
I, [2017-12-28T22:48:58.398600 #9485]  INFO -- :   Answer:К забвенью сердце приготовь
I, [2017-12-28T22:49:13.021245 #9485]  INFO -- : Question:им  Сземйиолк  алевроврыс
I, [2017-12-28T22:49:13.032399 #9485]  INFO -- : Lvl 8/16:  0.008000   0.000000   0.008000 (  0.010402)

I, [2017-12-28T22:49:13.032633 #9485]  INFO -- :    Level 8:
     Total:  0.132000   0.004000   0.136000 (  0.135674)
   Average:  0.008250   0.000250   0.008500 (  0.008480)
     Count:16
I, [2017-12-28T22:49:13.032683 #9485]  INFO -- :   Answer:Свели во мрак земли сырой
I, [2017-12-28T22:49:20.569116 #9485]  INFO -- : Question:овюсонЯ вщаеа спа а
I, [2017-12-28T22:49:20.572488 #9485]  INFO -- : Lvl 8/17:  0.000000   0.000000   0.000000 (  0.002991)

I, [2017-12-28T22:49:20.572774 #9485]  INFO -- :    Level 8:
     Total:  0.132000   0.004000   0.136000 (  0.138665)
   Average:  0.007765   0.000235   0.008000 (  0.008157)
     Count:17
I, [2017-12-28T22:49:20.572829 #9485]  INFO -- :   Answer:Я снова посещаю вас
I, [2017-12-28T22:49:29.904308 #9485]  INFO -- : Question:уо тнтаааархВвпС  и лФосе  н нлкий сдзмиыя    ло
I, [2017-12-28T22:49:29.906362 #9485]  INFO -- : Lvl 8/18:  0.000000   0.000000   0.000000 (  0.001743)

I, [2017-12-28T22:49:29.906579 #9485]  INFO -- :    Level 8:
     Total:  0.132000   0.004000   0.136000 (  0.140408)
   Average:  0.007333   0.000222   0.007556 (  0.007800)
     Count:18
I, [2017-12-28T22:49:29.906622 #9485]  INFO -- :   Answer:Сладостно Вакха и муз славил приятный Феон
I, [2017-12-28T22:49:56.261823 #9485]  INFO -- : Question:лн аОсетРуы атжька е ттгбш 
I, [2017-12-28T22:49:56.343955 #9485]  INFO -- : Lvl 8/19:  0.040000   0.000000   0.040000 (  0.081325)

I, [2017-12-28T22:49:56.345502 #9485]  INFO -- :    Level 8:
     Total:  0.172000   0.004000   0.176000 (  0.221733)
   Average:  0.009053   0.000211   0.009263 (  0.011670)
     Count:19
I, [2017-12-28T22:49:56.345604 #9485]  INFO -- :   Answer:нет
I, [2017-12-28T22:50:10.277768 #9485]  INFO -- : Question:нтвееевье оооннвсчмор неаовлмттюeчсьивяр  оСл
I, [2017-12-28T22:50:10.280620 #9485]  INFO -- : Lvl 8/20:  0.000000   0.000000   0.000000 (  0.000227)

I, [2017-12-28T22:50:10.280834 #9485]  INFO -- :    Level 8:
     Total:  0.172000   0.004000   0.176000 (  0.221960)
   Average:  0.008600   0.000200   0.008800 (  0.011098)
     Count:20
I, [2017-12-28T22:50:10.280927 #9485]  INFO -- :   Answer:нет
I, [2017-12-28T22:50:18.076873 #9485]  INFO -- : Question:злв жжбшлех чейриием иМе
I, [2017-12-28T22:50:18.092500 #9485]  INFO -- : Lvl 8/21:  0.016000   0.000000   0.016000 (  0.015278)

I, [2017-12-28T22:50:18.092790 #9485]  INFO -- :    Level 8:
     Total:  0.188000   0.004000   0.192000 (  0.237238)
   Average:  0.008952   0.000190   0.009143 (  0.011297)
     Count:21
I, [2017-12-28T22:50:18.092836 #9485]  INFO -- :   Answer:Меж лучших жребиев земли
I, [2017-12-28T22:50:51.342111 #9485]  INFO -- : Question:оой  едраНз сикомар дуууарк
I, [2017-12-28T22:50:51.362533 #9485]  INFO -- : Lvl 8/22:  0.020000   0.000000   0.020000 (  0.019674)

I, [2017-12-28T22:50:51.364588 #9485]  INFO -- :    Level 8:
     Total:  0.208000   0.004000   0.212000 (  0.256913)
   Average:  0.009455   0.000182   0.009636 (  0.011678)
     Count:22
I, [2017-12-28T22:50:51.364659 #9485]  INFO -- :   Answer:нет
I, [2017-12-28T22:50:51.408721 #9485]  INFO -- : Question:панотйПманос  лечыевп
I, [2017-12-28T22:50:51.412324 #9485]  INFO -- : Lvl 8/23:  0.004000   0.000000   0.004000 (  0.002894)

I, [2017-12-28T22:50:51.412542 #9485]  INFO -- :    Level 8:
     Total:  0.212000   0.004000   0.216000 (  0.259806)
   Average:  0.009217   0.000174   0.009391 (  0.011296)
     Count:23
I, [2017-12-28T22:50:51.412572 #9485]  INFO -- :   Answer:Повеса пламенный поэт
I, [2017-12-28T22:51:03.095127 #9485]  INFO -- : Question:онЧмсваоооа вдсигб  с хоти
I, [2017-12-28T22:51:03.137656 #9485]  INFO -- : Lvl 8/24:  0.044000   0.000000   0.044000 (  0.042170)

I, [2017-12-28T22:51:03.138631 #9485]  INFO -- :    Level 8:
     Total:  0.256000   0.004000   0.260000 (  0.301977)
   Average:  0.010667   0.000167   0.010833 (  0.012582)
     Count:24
I, [2017-12-28T22:51:03.138721 #9485]  INFO -- :   Answer:нет
I, [2017-12-28T22:51:23.491349 #9485]  INFO -- : Question:еривлйоЖфяеоЭ нй лиси 
I, [2017-12-28T22:51:23.496805 #9485]  INFO -- : Lvl 8/25:  0.004000   0.000000   0.004000 (  0.004558)

I, [2017-12-28T22:51:23.497114 #9485]  INFO -- :    Level 8:
     Total:  0.260000   0.004000   0.264000 (  0.306534)
   Average:  0.010400   0.000160   0.010560 (  0.012261)
     Count:25
I, [2017-12-28T22:51:23.497158 #9485]  INFO -- :   Answer:Живи со мной Эллеферия
I, [2017-12-28T22:51:38.282215 #9485]  INFO -- : Question:твылаотюбм вшнпт иыьчееПрылетоей ньень 
I, [2017-12-28T22:51:38.284696 #9485]  INFO -- : Lvl 8/26:  0.000000   0.000000   0.000000 (  0.002179)

I, [2017-12-28T22:51:38.284913 #9485]  INFO -- :    Level 8:
     Total:  0.260000   0.004000   0.264000 (  0.308713)
   Average:  0.010000   0.000154   0.010154 (  0.011874)
     Count:26
I, [2017-12-28T22:51:38.284952 #9485]  INFO -- :   Answer:нет
I, [2017-12-28T22:51:50.873210 #9485]  INFO -- : Question:рСькиь л и исаавлмеиукыраьнялнлс
I, [2017-12-28T22:51:50.891710 #9485]  INFO -- : Lvl 8/27:  0.012000   0.000000   0.012000 (  0.017781)

I, [2017-12-28T22:51:50.897892 #9485]  INFO -- :    Level 8:
     Total:  0.272000   0.004000   0.276000 (  0.326494)
   Average:  0.010074   0.000148   0.010222 (  0.012092)
     Count:27
I, [2017-12-28T22:51:50.898046 #9485]  INFO -- :   Answer:нет
I, [2017-12-28T22:52:16.426826 #9485]  INFO -- : Question:роано ооКагзсквкогдчокцси в уав 
I, [2017-12-28T22:52:16.435657 #9485]  INFO -- : Lvl 8/28:  0.000000   0.004000   0.004000 (  0.008118)

I, [2017-12-28T22:52:16.435903 #9485]  INFO -- :    Level 8:
     Total:  0.272000   0.008000   0.280000 (  0.334612)
   Average:  0.009714   0.000286   0.010000 (  0.011950)
     Count:28
I, [2017-12-28T22:52:16.435951 #9485]  INFO -- :   Answer:Как из чудного царства воскового
I, [2017-12-28T22:52:36.543156 #9485]  INFO -- : Question:бч ьвоюпукон тТу урыле ебиокютнлти 
I, [2017-12-28T22:52:36.546002 #9485]  INFO -- : Lvl 8/29:  0.004000   0.000000   0.004000 (  0.002498)

I, [2017-12-28T22:52:36.546187 #9485]  INFO -- :    Level 8:
     Total:  0.276000   0.008000   0.284000 (  0.337110)
   Average:  0.009517   0.000276   0.009793 (  0.011624)
     Count:29
I, [2017-12-28T22:52:36.546218 #9485]  INFO -- :   Answer:Текут ручьи любви текут полны тобою
I, [2017-12-28T22:52:48.600727 #9485]  INFO -- : Question:ык  алогМоеичьВквинлдет 
I, [2017-12-28T22:52:48.612732 #9485]  INFO -- : Lvl 8/30:  0.008000   0.000000   0.008000 (  0.011114)

I, [2017-12-28T22:52:48.613022 #9485]  INFO -- :    Level 8:
     Total:  0.284000   0.008000   0.292000 (  0.348224)
   Average:  0.009467   0.000267   0.009733 (  0.011607)
     Count:30
I, [2017-12-28T22:52:48.613067 #9485]  INFO -- :   Answer:Венки готовы Мальчик лей
I, [2017-12-28T22:52:54.746433 #9485]  INFO -- : Question:зуглыиуеоти нИцихл  гынбй
I, [2017-12-28T22:52:54.753585 #9485]  INFO -- : Lvl 8/31:  0.004000   0.000000   0.004000 (  0.006531)

I, [2017-12-28T22:52:54.753839 #9485]  INFO -- :    Level 8:
     Total:  0.288000   0.008000   0.296000 (  0.354755)
   Average:  0.009290   0.000258   0.009548 (  0.011444)
     Count:31
I, [2017-12-28T22:52:54.753878 #9485]  INFO -- :   Answer:Из глубины глухой темницы
I, [2017-12-28T22:53:38.045695 #9485]  INFO -- : Question:кеьсВеысе лдкае йиьолдебп
I, [2017-12-28T22:53:38.069544 #9485]  INFO -- : Lvl 8/32:  0.024000   0.000000   0.024000 (  0.023057)

I, [2017-12-28T22:53:38.070024 #9485]  INFO -- :    Level 8:
     Total:  0.312000   0.008000   0.320000 (  0.377812)
   Average:  0.009750   0.000250   0.010000 (  0.011807)
     Count:32
I, [2017-12-28T22:53:38.070070 #9485]  INFO -- :   Answer:нет
I, [2017-12-28T22:53:38.090563 #9485]  INFO -- : Question:сетайюдядмовбу а двгонь сауненелуо
I, [2017-12-28T22:53:38.095580 #9485]  INFO -- : Lvl 8/33:  0.004000   0.000000   0.004000 (  0.003938)

I, [2017-12-28T22:53:38.095863 #9485]  INFO -- :    Level 8:
     Total:  0.316000   0.008000   0.324000 (  0.381750)
   Average:  0.009576   0.000242   0.009818 (  0.011568)
     Count:33
I, [2017-12-28T22:53:38.095910 #9485]  INFO -- :   Answer:Повсюду следовать надменной убегая
I, [2017-12-28T22:53:47.031421 #9485]  INFO -- : Question:usihaaia ési aj nsm et Jie
I, [2017-12-28T22:53:47.136434 #9485]  INFO -- : Lvl 8/34:  0.052000   0.000000   0.052000 (  0.104603)

I, [2017-12-28T22:53:47.141942 #9485]  INFO -- :    Level 8:
     Total:  0.368000   0.008000   0.376000 (  0.486353)
   Average:  0.010824   0.000235   0.011059 (  0.014304)
     Count:34
I, [2017-12-28T22:53:47.142100 #9485]  INFO -- :   Answer:нет
I, [2017-12-28T22:54:01.606410 #9485]  INFO -- : Question:тоуаовнвволк  лел ааоапкррШ иняс
I, [2017-12-28T22:54:01.612724 #9485]  INFO -- : Lvl 8/35:  0.004000   0.000000   0.004000 (  0.005971)

I, [2017-12-28T22:54:01.613389 #9485]  INFO -- :    Level 8:
     Total:  0.372000   0.008000   0.380000 (  0.492324)
   Average:  0.010629   0.000229   0.010857 (  0.014066)
     Count:35
I, [2017-12-28T22:54:01.613435 #9485]  INFO -- :   Answer:Широкая волна плеснула в острова
I, [2017-12-28T22:54:14.308565 #9485]  INFO -- : Question:муйтрое оьгооП трпвлх
I, [2017-12-28T22:54:14.312887 #9485]  INFO -- : Lvl 8/36:  0.004000   0.000000   0.004000 (  0.003587)

I, [2017-12-28T22:54:14.313090 #9485]  INFO -- :    Level 8:
     Total:  0.376000   0.008000   0.384000 (  0.495911)
   Average:  0.010444   0.000222   0.010667 (  0.013775)
     Count:36
I, [2017-12-28T22:54:14.313137 #9485]  INFO -- :   Answer:Погулять верхом порой
I, [2017-12-28T22:54:35.731558 #9485]  INFO -- : Question:йриор д кноуО яьене сйсасгнтго снмва ор
I, [2017-12-28T22:54:35.734942 #9485]  INFO -- : Lvl 8/37:  0.004000   0.000000   0.004000 (  0.002989)

I, [2017-12-28T22:54:35.735232 #9485]  INFO -- :    Level 8:
     Total:  0.380000   0.008000   0.388000 (  0.498900)
   Average:  0.010270   0.000216   0.010486 (  0.013484)
     Count:37
I, [2017-12-28T22:54:35.735297 #9485]  INFO -- :   Answer:Останься век со мной на горестной груди
I, [2017-12-28T22:54:47.697803 #9485]  INFO -- : Question:еоды оу рвтпвинлу б  вытоьрннеототНк 
I, [2017-12-28T22:54:47.699296 #9485]  INFO -- : Lvl 8/38:  0.000000   0.000000   0.000000 (  0.000815)

I, [2017-12-28T22:54:47.699496 #9485]  INFO -- :    Level 8:
     Total:  0.380000   0.008000   0.388000 (  0.499715)
   Average:  0.010000   0.000211   0.010211 (  0.013150)
     Count:38
I, [2017-12-28T22:54:47.699547 #9485]  INFO -- :   Answer:Не трудно было мне отвыкнуть от пиров
I, [2017-12-28T22:54:53.774740 #9485]  INFO -- : Question:онимтсиог  д цьмврМ гюднйяеоеар ло
I, [2017-12-28T22:54:53.779469 #9485]  INFO -- : Lvl 8/39:  0.004000   0.000000   0.004000 (  0.004513)

I, [2017-12-28T22:54:53.779634 #9485]  INFO -- :    Level 8:
     Total:  0.384000   0.008000   0.392000 (  0.504228)
   Average:  0.009846   0.000205   0.010051 (  0.012929)
     Count:39
I, [2017-12-28T22:54:53.779669 #9485]  INFO -- :   Answer:Молюсь трем грациям в одной богине
I, [2017-12-28T22:55:28.250439 #9485]  INFO -- : Question:Замдо  ненеыйчймшау
I, [2017-12-28T22:55:28.255418 #9485]  INFO -- : Lvl 8/40:  0.004000   0.000000   0.004000 (  0.004198)

I, [2017-12-28T22:55:28.255701 #9485]  INFO -- :    Level 8:
     Total:  0.388000   0.008000   0.396000 (  0.508427)
   Average:  0.009700   0.000200   0.009900 (  0.012711)
     Count:40
I, [2017-12-28T22:55:28.255748 #9485]  INFO -- :   Answer:Замечанный ее душой
I, [2017-12-28T22:55:28.378290 #9485]  INFO -- : Question:о  л Чт  моогрт г   еио
I, [2017-12-28T22:55:28.381614 #9485]  INFO -- : Lvl 8/41:  0.000000   0.000000   0.000000 (  0.002477)

I, [2017-12-28T22:55:28.382029 #9485]  INFO -- :    Level 8:
     Total:  0.388000   0.008000   0.396000 (  0.510904)
   Average:  0.009463   0.000195   0.009659 (  0.012461)
     Count:41
I, [2017-12-28T22:55:28.382079 #9485]  INFO -- :   Answer:Что горит во мгле
I, [2017-12-28T22:55:36.011083 #9485]  INFO -- : Question: чЖ  еувтлнитенме олонр
I, [2017-12-28T22:55:36.012503 #9485]  INFO -- : Lvl 8/42:  0.000000   0.000000   0.000000 (  0.001142)

I, [2017-12-28T22:55:36.012675 #9485]  INFO -- :    Level 8:
     Total:  0.388000   0.008000   0.396000 (  0.512046)
   Average:  0.009238   0.000190   0.009429 (  0.012192)
     Count:42
I, [2017-12-28T22:55:36.012720 #9485]  INFO -- :   Answer:Живет на утлом он челне
I, [2017-12-28T22:55:47.532059 #9485]  INFO -- : Question:      Кьк агяла
I, [2017-12-28T22:55:47.533366 #9485]  INFO -- : Lvl 8/43:  0.000000   0.000000   0.000000 (  0.000580)

I, [2017-12-28T22:55:47.533571 #9485]  INFO -- :    Level 8:
     Total:  0.388000   0.008000   0.396000 (  0.512625)
   Average:  0.009023   0.000186   0.009209 (  0.011922)
     Count:43
I, [2017-12-28T22:55:47.533617 #9485]  INFO -- :   Answer:нет
I, [2017-12-28T22:56:26.568317 #9485]  INFO -- : Question: уксвезуио дм ы ллтЯ я яаТаотвебзйлрйн 
I, [2017-12-28T22:56:26.569513 #9485]  INFO -- : Lvl 8/44:  0.000000   0.000000   0.000000 (  0.000484)

I, [2017-12-28T22:56:26.569766 #9485]  INFO -- :    Level 8:
     Total:  0.388000   0.008000   0.396000 (  0.513110)
   Average:  0.008818   0.000182   0.009000 (  0.011662)
     Count:44
I, [2017-12-28T22:56:26.569808 #9485]  INFO -- :   Answer:Так видел я тебя мой тусклый взор узнал
I, [2017-12-28T22:56:26.628762 #9485]  INFO -- : Question:лаеажв
I, [2017-12-28T22:56:26.629641 #9485]  INFO -- : Lvl 8/45:  0.000000   0.000000   0.000000 (  0.000072)

I, [2017-12-28T22:56:26.629807 #9485]  INFO -- :    Level 8:
     Total:  0.388000   0.008000   0.396000 (  0.513182)
   Average:  0.008622   0.000178   0.008800 (  0.011404)
     Count:45
I, [2017-12-28T22:56:26.629848 #9485]  INFO -- :   Answer:Лежала
I, [2017-12-28T22:56:29.122213 #9485]  INFO -- : Question: Ср ве  виот  Перма едааж  
I, [2017-12-28T22:56:29.135263 #9485]  INFO -- : Lvl 8/46:  0.012000   0.000000   0.012000 (  0.012701)

I, [2017-12-28T22:56:29.135537 #9485]  INFO -- :    Level 8:
     Total:  0.400000   0.008000   0.408000 (  0.525883)
   Average:  0.008696   0.000174   0.008870 (  0.011432)
     Count:46
I, [2017-12-28T22:56:29.135580 #9485]  INFO -- :   Answer:Самодержавием Петра
I, [2017-12-28T22:56:56.579434 #9485]  INFO -- : Question:сойпеео т дТва лабьяз олслве
I, [2017-12-28T22:56:56.610512 #9485]  INFO -- : Lvl 8/47:  0.028000   0.000000   0.028000 (  0.030284)

I, [2017-12-28T22:56:56.611265 #9485]  INFO -- :    Level 8:
     Total:  0.428000   0.008000   0.436000 (  0.556167)
   Average:  0.009106   0.000170   0.009277 (  0.011833)
     Count:47
I, [2017-12-28T22:56:56.611326 #9485]  INFO -- :   Answer:нет
I, [2017-12-28T22:57:01.377620 #9485]  INFO -- : Question:рдне уП анеай тнЯечрик
I, [2017-12-28T22:57:01.389724 #9485]  INFO -- : Lvl 8/48:  0.008000   0.004000   0.012000 (  0.011738)

I, [2017-12-28T22:57:01.389986 #9485]  INFO -- :    Level 8:
     Total:  0.436000   0.012000   0.448000 (  0.567905)
   Average:  0.009083   0.000250   0.009333 (  0.011831)
     Count:48
I, [2017-12-28T22:57:01.390043 #9485]  INFO -- :   Answer:Я на Пречистенке найду
I, [2017-12-28T22:57:14.712778 #9485]  INFO -- : Question:уаавеу рдсндиКцка  
I, [2017-12-28T22:57:14.719959 #9485]  INFO -- : Lvl 8/49:  0.004000   0.004000   0.008000 (  0.005672)

I, [2017-12-28T22:57:14.720355 #9485]  INFO -- :    Level 8:
     Total:  0.440000   0.016000   0.456000 (  0.573577)
   Average:  0.008980   0.000327   0.009306 (  0.011706)
     Count:49
I, [2017-12-28T22:57:14.720407 #9485]  INFO -- :   Answer:Куда красна девица
I, [2017-12-28T22:57:41.519758 #9485]  INFO -- : Question:еывчВртыа зжИ еобоот б 
I, [2017-12-28T22:57:41.529540 #9485]  INFO -- : Lvl 8/50:  0.008000   0.000000   0.008000 (  0.009007)

I, [2017-12-28T22:57:41.529906 #9485]  INFO -- :    Level 8:
     Total:  0.448000   0.016000   0.464000 (  0.582584)
   Average:  0.008960   0.000320   0.009280 (  0.011652)
     Count:50
I, [2017-12-28T22:57:41.529956 #9485]  INFO -- :   Answer:И что ж Гербовые заботы
I, [2017-12-28T22:57:53.833300 #9485]  INFO -- : Question:  ниосков  тагНе    м о ум     
I, [2017-12-28T22:57:53.839303 #9485]  INFO -- : Lvl 8/51:  0.004000   0.000000   0.004000 (  0.005819)

I, [2017-12-28T22:57:53.839431 #9485]  INFO -- :    Level 8:
     Total:  0.452000   0.016000   0.468000 (  0.588403)
   Average:  0.008863   0.000314   0.009176 (  0.011537)
     Count:51
I, [2017-12-28T22:57:53.839461 #9485]  INFO -- :   Answer:нет
I, [2017-12-28T22:58:01.520532 #9485]  INFO -- : Question:мбыежмцалеооьцжум еТт    зугп рнаетое
I, [2017-12-28T22:58:01.522806 #9485]  INFO -- : Lvl 8/52:  0.004000   0.000000   0.004000 (  0.001945)

I, [2017-12-28T22:58:01.523098 #9485]  INFO -- :    Level 8:
     Total:  0.456000   0.016000   0.472000 (  0.590349)
   Average:  0.008769   0.000308   0.009077 (  0.011353)
     Count:52
I, [2017-12-28T22:58:01.523139 #9485]  INFO -- :   Answer:Там цензором уже не может быть глупец
I, [2017-12-28T22:58:46.562062 #9485]  INFO -- : Question:ш бмеКоуси яллиь
I, [2017-12-28T22:58:46.564411 #9485]  INFO -- : Lvl 8/53:  0.000000   0.000000   0.000000 (  0.001636)

I, [2017-12-28T22:58:46.564651 #9485]  INFO -- :    Level 8:
     Total:  0.456000   0.016000   0.472000 (  0.591985)
   Average:  0.008604   0.000302   0.008906 (  0.011170)
     Count:53
I, [2017-12-28T22:58:46.564683 #9485]  INFO -- :   Answer:Колеблясь и шумя
I, [2017-12-28T22:58:46.614076 #9485]  INFO -- : Question:лаши Пноеатм  а наоэ
I, [2017-12-28T22:58:46.614965 #9485]  INFO -- : Lvl 8/54:  0.000000   0.000000   0.000000 (  0.000237)

I, [2017-12-28T22:58:46.615127 #9485]  INFO -- :    Level 8:
     Total:  0.456000   0.016000   0.472000 (  0.592221)
   Average:  0.008444   0.000296   0.008741 (  0.010967)
     Count:54
I, [2017-12-28T22:58:46.615169 #9485]  INFO -- :   Answer:Поэта дома не нашли
I, [2017-12-28T22:59:10.580000 #9485]  INFO -- : Question: бвьудИаев  ес онз  ь итыа 
I, [2017-12-28T22:59:10.603380 #9485]  INFO -- : Lvl 8/55:  0.024000   0.000000   0.024000 (  0.023051)

I, [2017-12-28T22:59:10.604058 #9485]  INFO -- :    Level 8:
     Total:  0.480000   0.016000   0.496000 (  0.615272)
   Average:  0.008727   0.000291   0.009018 (  0.011187)
     Count:55
I, [2017-12-28T22:59:10.604107 #9485]  INFO -- :   Answer:нет
I, [2017-12-28T22:59:18.762565 #9485]  INFO -- : Question:ясуреиыноеа  еьп йонйяд нНзз жнол трлрг
I, [2017-12-28T22:59:18.763393 #9485]  INFO -- : Lvl 8/56:  0.000000   0.000000   0.000000 (  0.000516)

I, [2017-12-28T22:59:18.763557 #9485]  INFO -- :    Level 8:
     Total:  0.480000   0.016000   0.496000 (  0.615788)
   Average:  0.008571   0.000286   0.008857 (  0.010996)
     Count:56
I, [2017-12-28T22:59:18.763609 #9485]  INFO -- :   Answer:Неосторожный друг я знал нельзя при ней
I, [2017-12-28T22:59:24.813623 #9485]  INFO -- : Question:лымнм тсьи тВпен н оихатя е
I, [2017-12-28T22:59:24.828479 #9485]  INFO -- : Lvl 8/57:  0.016000   0.000000   0.016000 (  0.014468)

I, [2017-12-28T22:59:24.828859 #9485]  INFO -- :    Level 8:
     Total:  0.496000   0.016000   0.512000 (  0.630256)
   Average:  0.008702   0.000281   0.008982 (  0.011057)
     Count:57
I, [2017-12-28T22:59:24.828936 #9485]  INFO -- :   Answer:В них сияет пламень томный
I, [2017-12-28T22:59:36.084022 #9485]  INFO -- : Question:тОуИшодсмол лаяп инон
I, [2017-12-28T22:59:36.086086 #9485]  INFO -- : Lvl 8/58:  0.004000   0.000000   0.004000 (  0.001723)

I, [2017-12-28T22:59:36.086338 #9485]  INFO -- :    Level 8:
     Total:  0.500000   0.016000   0.516000 (  0.631979)
   Average:  0.008621   0.000276   0.008897 (  0.010896)
     Count:58
I, [2017-12-28T22:59:36.086385 #9485]  INFO -- :   Answer:Он малодушно посвятил
I, [2017-12-28T22:59:57.607023 #9485]  INFO -- : Question:й а ы н  жкскжсвубосРлц  о ох еводр
I, [2017-12-28T22:59:57.663007 #9485]  INFO -- : Lvl 8/59:  0.056000   0.000000   0.056000 (  0.055005)

I, [2017-12-28T22:59:57.663868 #9485]  INFO -- :    Level 8:
     Total:  0.556000   0.016000   0.572000 (  0.686984)
   Average:  0.009424   0.000271   0.009695 (  0.011644)
     Count:59
I, [2017-12-28T22:59:57.663926 #9485]  INFO -- :   Answer:нет
I, [2017-12-28T23:00:06.888275 #9485]  INFO -- : Question:шдиир ча саЯ хзлатоилсьаи с яптдол
I, [2017-12-28T23:00:06.896368 #9485]  INFO -- : Lvl 8/60:  0.008000   0.000000   0.008000 (  0.007726)

I, [2017-12-28T23:00:06.896670 #9485]  INFO -- :    Level 8:
     Total:  0.564000   0.016000   0.580000 (  0.694710)
   Average:  0.009400   0.000267   0.009667 (  0.011579)
     Count:60
I, [2017-12-28T23:00:06.896714 #9485]  INFO -- :   Answer:Я хладно пил из чаши сладострастья
I, [2017-12-28T23:00:14.529647 #9485]  INFO -- : Question:оатж Оотнунесбивд  мос 
I, [2017-12-28T23:00:14.533698 #9485]  INFO -- : Lvl 8/61:  0.004000   0.000000   0.004000 (  0.003301)

I, [2017-12-28T23:00:14.534002 #9485]  INFO -- :    Level 8:
     Total:  0.568000   0.016000   0.584000 (  0.698012)
   Average:  0.009311   0.000262   0.009574 (  0.011443)
     Count:61
I, [2017-12-28T23:00:14.534050 #9485]  INFO -- :   Answer:Он важно судит обо всем
I, [2017-12-28T23:00:52.239877 #9485]  INFO -- : Question:вПаирврмс н   оссаиояает 
I, [2017-12-28T23:00:52.281733 #9485]  INFO -- : Lvl 8/62:  0.040000   0.000000   0.040000 (  0.041209)

I, [2017-12-28T23:00:52.284157 #9485]  INFO -- :    Level 8:
     Total:  0.608000   0.016000   0.624000 (  0.739221)
   Average:  0.009806   0.000258   0.010065 (  0.011923)
     Count:62
I, [2017-12-28T23:00:52.284294 #9485]  INFO -- :   Answer:Посмотри вон вон играет
I, [2017-12-28T23:00:52.315097 #9485]  INFO -- : Question:с з лсиплдПевны ааиаеид л ял
I, [2017-12-28T23:00:52.341971 #9485]  INFO -- : Lvl 8/63:  0.024000   0.000000   0.024000 (  0.026045)

I, [2017-12-28T23:00:52.342579 #9485]  INFO -- :    Level 8:
     Total:  0.632000   0.016000   0.648000 (  0.765266)
   Average:  0.010032   0.000254   0.010286 (  0.012147)
     Count:63
I, [2017-12-28T23:00:52.342623 #9485]  INFO -- :   Answer:Писал для денег пил из славы
I, [2017-12-28T23:01:35.312278 #9485]  INFO -- : Question:оуо нСя аойгтбсртлзоа 
I, [2017-12-28T23:01:35.342383 #9485]  INFO -- : Lvl 8/64:  0.028000   0.000000   0.028000 (  0.029205)

I, [2017-12-28T23:01:35.343115 #9485]  INFO -- :    Level 8:
     Total:  0.660000   0.016000   0.676000 (  0.794471)
   Average:  0.010313   0.000250   0.010563 (  0.012414)
     Count:64
I, [2017-12-28T23:01:35.343176 #9485]  INFO -- :   Answer:Сторож гнался за тобой
I, [2017-12-28T23:01:35.366489 #9485]  INFO -- : Question:езеюрнм тгьи д са лею оосБннеи
I, [2017-12-28T23:01:35.372652 #9485]  INFO -- : Lvl 8/65:  0.004000   0.000000   0.004000 (  0.005416)

I, [2017-12-28T23:01:35.374427 #9485]  INFO -- :    Level 8:
     Total:  0.664000   0.016000   0.680000 (  0.799887)
   Average:  0.010215   0.000246   0.010462 (  0.012306)
     Count:65
I, [2017-12-28T23:01:35.374602 #9485]  INFO -- :   Answer:Блеснет ли день за синею горою
I, [2017-12-28T23:01:42.201622 #9485]  INFO -- : Question:тауксднеен д ЯаринПйе 
I, [2017-12-28T23:01:42.227430 #9485]  INFO -- : Lvl 8/66:  0.028000   0.000000   0.028000 (  0.025424)

I, [2017-12-28T23:01:42.228141 #9485]  INFO -- :    Level 8:
     Total:  0.692000   0.016000   0.708000 (  0.825311)
   Average:  0.010485   0.000242   0.010727 (  0.012505)
     Count:66
I, [2017-12-28T23:01:42.228200 #9485]  INFO -- :   Answer:Я на Пречистенке найду
I, [2017-12-28T23:01:50.375338 #9485]  INFO -- : Question:аоммеиоГиримимсыдтд н
I, [2017-12-28T23:01:50.391103 #9485]  INFO -- : Lvl 8/67:  0.016000   0.000000   0.016000 (  0.015526)

I, [2017-12-28T23:01:50.391300 #9485]  INFO -- :    Level 8:
     Total:  0.708000   0.016000   0.724000 (  0.840837)
   Average:  0.010567   0.000239   0.010806 (  0.012550)
     Count:67
I, [2017-12-28T23:01:50.391336 #9485]  INFO -- :   Answer:Гостеприимными домами
I, [2017-12-28T23:02:12.066779 #9485]  INFO -- : Question: Ед      еес            ьт не   г      з о   
I, [2017-12-28T23:02:12.069762 #9485]  INFO -- : Lvl 8/68:  0.004000   0.000000   0.004000 (  0.002295)

I, [2017-12-28T23:02:12.070023 #9485]  INFO -- :    Level 8:
     Total:  0.712000   0.016000   0.728000 (  0.843132)
   Average:  0.010471   0.000235   0.010706 (  0.012399)
     Count:68
I, [2017-12-28T23:02:12.070066 #9485]  INFO -- :   Answer:нет
I, [2017-12-28T23:02:31.079677 #9485]  INFO -- : Question:мыазнуй аддлосжуйоПак  шераекш 
I, [2017-12-28T23:02:31.080264 #9485]  INFO -- : Lvl 8/69:  0.000000   0.000000   0.000000 (  0.000310)

I, [2017-12-28T23:02:31.080502 #9485]  INFO -- :    Level 8:
     Total:  0.712000   0.016000   0.728000 (  0.843442)
   Average:  0.010319   0.000232   0.010551 (  0.012224)
     Count:69
I, [2017-12-28T23:02:31.080550 #9485]  INFO -- :   Answer:Послушай дедушка мне каждый раз
I, [2017-12-28T23:02:40.949462 #9485]  INFO -- : Question:нвыы  оИсадметыло нг 
I, [2017-12-28T23:02:40.956532 #9485]  INFO -- : Lvl 8/70:  0.004000   0.000000   0.004000 (  0.005437)

I, [2017-12-28T23:02:40.956814 #9485]  INFO -- :    Level 8:
     Total:  0.716000   0.016000   0.732000 (  0.848879)
   Average:  0.010229   0.000229   0.010457 (  0.012127)
     Count:70
I, [2017-12-28T23:02:40.956858 #9485]  INFO -- :   Answer:И там где волны сонны
I, [2017-12-28T23:02:53.309312 #9485]  INFO -- : Question:шдялкосахВ пау шот
I, [2017-12-28T23:02:53.312228 #9485]  INFO -- : Lvl 8/71:  0.000000   0.000000   0.000000 (  0.002608)

I, [2017-12-28T23:02:53.312546 #9485]  INFO -- :    Level 8:
     Total:  0.716000   0.016000   0.732000 (  0.851487)
   Average:  0.010085   0.000225   0.010310 (  0.011993)
     Count:71
I, [2017-12-28T23:02:53.312584 #9485]  INFO -- :   Answer:Вот холопская душа
I, [2017-12-28T23:03:12.551298 #9485]  INFO -- : Question:анргсоиви пбдызТоылтвйищл   отй
I, [2017-12-28T23:03:12.557696 #9485]  INFO -- : Lvl 8/72:  0.004000   0.000000   0.004000 (  0.005687)

I, [2017-12-28T23:03:12.557962 #9485]  INFO -- :    Level 8:
     Total:  0.720000   0.016000   0.736000 (  0.857175)
   Average:  0.010000   0.000222   0.010222 (  0.011905)
     Count:72
I, [2017-12-28T23:03:12.558004 #9485]  INFO -- :   Answer:Ты пригвоздил свой щит булатный
I, [2017-12-28T23:03:32.217878 #9485]  INFO -- : Question:мшаосШискШоаШ оавни хвшкйов х
I, [2017-12-28T23:03:32.221699 #9485]  INFO -- : Lvl 8/73:  0.004000   0.000000   0.004000 (  0.002981)

I, [2017-12-28T23:03:32.222933 #9485]  INFO -- :    Level 8:
     Total:  0.724000   0.016000   0.740000 (  0.860156)
   Average:  0.009918   0.000219   0.010137 (  0.011783)
     Count:73
I, [2017-12-28T23:03:32.223013 #9485]  INFO -- :   Answer:Шишков наш Шаховской Шихматов
I, [2017-12-28T23:03:42.847612 #9485]  INFO -- : Question:в яврноежо е  тдмоКвавьсичгме
I, [2017-12-28T23:03:42.852937 #9485]  INFO -- : Lvl 8/74:  0.004000   0.000000   0.004000 (  0.004436)

I, [2017-12-28T23:03:42.853390 #9485]  INFO -- :    Level 8:
     Total:  0.728000   0.016000   0.744000 (  0.864592)
   Average:  0.009838   0.000216   0.010054 (  0.011684)
     Count:74
I, [2017-12-28T23:03:42.853445 #9485]  INFO -- :   Answer:Когда ж вновь сядем вчетвером
I, [2017-12-28T23:03:55.227594 #9485]  INFO -- : Question:кобдидлоозу хинел йт цйааоы орлйл
I, [2017-12-28T23:03:55.236413 #9485]  INFO -- : Lvl 8/75:  0.008000   0.000000   0.008000 (  0.008445)

I, [2017-12-28T23:03:55.237749 #9485]  INFO -- :    Level 8:
     Total:  0.736000   0.016000   0.752000 (  0.873037)
   Average:  0.009813   0.000213   0.010027 (  0.011640)
     Count:75
I, [2017-12-28T23:03:55.237813 #9485]  INFO -- :   Answer:Молодец удалой ты разбойник лихой
I, [2017-12-28T23:04:11.725588 #9485]  INFO -- : Question:таатневиьи а обтсь нсшсмгчьяИбьз 
I, [2017-12-28T23:04:11.732847 #9485]  INFO -- : Lvl 8/76:  0.004000   0.000000   0.004000 (  0.003739)

I, [2017-12-28T23:04:11.734224 #9485]  INFO -- :    Level 8:
     Total:  0.740000   0.016000   0.756000 (  0.876776)
   Average:  0.009737   0.000211   0.009947 (  0.011537)
     Count:76
I, [2017-12-28T23:04:11.734300 #9485]  INFO -- :   Answer:И счастья тень забывшись обнимать
I, [2017-12-28T23:04:28.835314 #9485]  INFO -- : Question:rdiO na eenemtlednmed  oa t
I, [2017-12-28T23:04:28.842977 #9485]  INFO -- : Lvl 8/77:  0.008000   0.000000   0.008000 (  0.007373)

I, [2017-12-28T23:04:28.843203 #9485]  INFO -- :    Level 8:
     Total:  0.748000   0.016000   0.764000 (  0.884149)
   Average:  0.009714   0.000208   0.009922 (  0.011482)
     Count:77
I, [2017-12-28T23:04:28.843235 #9485]  INFO -- :   Answer:On attend le moment de dire
I, [2017-12-28T23:04:48.279478 #9485]  INFO -- : Question:сше е  тораанз еН е  ввбо ы  рьг
I, [2017-12-28T23:04:48.349418 #9485]  INFO -- : Lvl 8/78:  0.064000   0.004000   0.068000 (  0.069239)

I, [2017-12-28T23:04:48.350124 #9485]  INFO -- :    Level 8:
     Total:  0.812000   0.020000   0.832000 (  0.953389)
   Average:  0.010410   0.000256   0.010667 (  0.012223)
     Count:78
I, [2017-12-28T23:04:48.350179 #9485]  INFO -- :   Answer:нет
I, [2017-12-28T23:05:01.509909 #9485]  INFO -- : Question:воааИоусол б   пна ршнае ию
I, [2017-12-28T23:05:01.542369 #9485]  INFO -- : Lvl 8/79:  0.028000   0.000000   0.028000 (  0.032090)

I, [2017-12-28T23:05:01.543329 #9485]  INFO -- :    Level 8:
     Total:  0.840000   0.020000   0.860000 (  0.985478)
   Average:  0.010633   0.000253   0.010886 (  0.012474)
     Count:79
I, [2017-12-28T23:05:01.543461 #9485]  INFO -- :   Answer:И повисла она брату на шею
I, [2017-12-28T23:05:22.287596 #9485]  INFO -- : Question:олие ееНыынятг ж ив ь думунм
I, [2017-12-28T23:05:22.290381 #9485]  INFO -- : Lvl 8/80:  0.004000   0.000000   0.004000 (  0.002102)

I, [2017-12-28T23:05:22.290632 #9485]  INFO -- :    Level 8:
     Total:  0.844000   0.020000   0.864000 (  0.987580)
   Average:  0.010550   0.000250   0.010800 (  0.012345)
     Count:80
I, [2017-12-28T23:05:22.290676 #9485]  INFO -- :   Answer:Но где же вы минуты умиленья
I, [2017-12-28T23:05:37.619291 #9485]  INFO -- : Question:  поланаванрпевожзяМн
I, [2017-12-28T23:05:37.626854 #9485]  INFO -- : Lvl 8/81:  0.008000   0.000000   0.008000 (  0.007354)

I, [2017-12-28T23:05:37.627008 #9485]  INFO -- :    Level 8:
     Total:  0.852000   0.020000   0.872000 (  0.994934)
   Average:  0.010519   0.000247   0.010765 (  0.012283)
     Count:81
I, [2017-12-28T23:05:37.627038 #9485]  INFO -- :   Answer:Меня внезапно поражал
I, [2017-12-28T23:05:37.696338 #9485]  INFO -- : Question: щаеаевигмсинр инлМ р 
I, [2017-12-28T23:05:37.709560 #9485]  INFO -- : Lvl 8/82:  0.012000   0.000000   0.012000 (  0.012454)

I, [2017-12-28T23:05:37.709856 #9485]  INFO -- :    Level 8:
     Total:  0.864000   0.020000   0.884000 (  1.007389)
   Average:  0.010537   0.000244   0.010780 (  0.012285)
     Count:82
I, [2017-12-28T23:05:37.709904 #9485]  INFO -- :   Answer:Мне слаще мирра и вина
I, [2017-12-28T23:05:58.013126 #9485]  INFO -- : Question:жть с явтст цтьеодвм зьеБы е б н ае р
I, [2017-12-28T23:05:58.033507 #9485]  INFO -- : Lvl 8/83:  0.020000   0.000000   0.020000 (  0.019628)

I, [2017-12-28T23:05:58.034194 #9485]  INFO -- :    Level 8:
     Total:  0.884000   0.020000   0.904000 (  1.027016)
   Average:  0.010651   0.000241   0.010892 (  0.012374)
     Count:83
I, [2017-12-28T23:05:58.034252 #9485]  INFO -- :   Answer:нет
I, [2017-12-28T23:06:21.326411 #9485]  INFO -- : Question:ааО ятлпареснлнокб
I, [2017-12-28T23:06:21.355043 #9485]  INFO -- : Lvl 8/84:  0.028000   0.000000   0.028000 (  0.027926)

I, [2017-12-28T23:06:21.355720 #9485]  INFO -- :    Level 8:
     Total:  0.912000   0.020000   0.932000 (  1.054942)
   Average:  0.010857   0.000238   0.011095 (  0.012559)
     Count:84
I, [2017-12-28T23:06:21.355775 #9485]  INFO -- :   Answer:нет
I, [2017-12-28T23:06:34.189133 #9485]  INFO -- : Question:атиптрче ьахл ивисомз о эт  дыПлроо
I, [2017-12-28T23:06:34.190962 #9485]  INFO -- : Lvl 8/85:  0.000000   0.000000   0.000000 (  0.001457)

I, [2017-12-28T23:06:34.191198 #9485]  INFO -- :    Level 8:
     Total:  0.912000   0.020000   0.932000 (  1.056399)
   Average:  0.010729   0.000235   0.010965 (  0.012428)
     Count:85
I, [2017-12-28T23:06:34.191245 #9485]  INFO -- :   Answer:Приходит в мысль что если это проза
I, [2017-12-28T23:06:40.193284 #9485]  INFO -- : Question:т и исиеспот ов ьмас сездтхПьартиьй ко
I, [2017-12-28T23:06:40.202032 #9485]  INFO -- : Lvl 8/86:  0.008000   0.000000   0.008000 (  0.008024)

I, [2017-12-28T23:06:40.202307 #9485]  INFO -- :    Level 8:
     Total:  0.920000   0.020000   0.940000 (  1.064423)
   Average:  0.010698   0.000233   0.010930 (  0.012377)
     Count:86
I, [2017-12-28T23:06:40.202350 #9485]  INFO -- :   Answer:По прихоти своей скитаться здесь и там
I, [2017-12-28T23:07:15.762520 #9485]  INFO -- : Question: ыыузмб тПб алойанрла 
I, [2017-12-28T23:07:15.786352 #9485]  INFO -- : Lvl 8/87:  0.008000   0.000000   0.008000 (  0.023141)

I, [2017-12-28T23:07:15.787217 #9485]  INFO -- :    Level 8:
     Total:  0.928000   0.020000   0.948000 (  1.087564)
   Average:  0.010667   0.000230   0.010897 (  0.012501)
     Count:87
I, [2017-12-28T23:07:15.787275 #9485]  INFO -- :   Answer:Пойман был ты у забора
I, [2017-12-28T23:07:15.786686 #9485]  INFO -- : Question:идиы нИа нтве  онв д в
I, [2017-12-28T23:07:15.795471 #9485]  INFO -- : Lvl 8/88:  0.000000   0.000000   0.000000 (  0.007497)

I, [2017-12-28T23:07:15.795674 #9485]  INFO -- :    Level 8:
     Total:  0.928000   0.020000   0.948000 (  1.095061)
   Average:  0.010545   0.000227   0.010773 (  0.012444)
     Count:88
I, [2017-12-28T23:07:15.795705 #9485]  INFO -- :   Answer:И дива нет не вы один
I, [2017-12-28T23:07:21.211058 #9485]  INFO -- : Question:р И аиакввк и ннсаоежа
I, [2017-12-28T23:07:21.243526 #9485]  INFO -- : Lvl 8/89:  0.016000   0.000000   0.016000 (  0.032055)

I, [2017-12-28T23:07:21.244257 #9485]  INFO -- :    Level 8:
     Total:  0.944000   0.020000   0.964000 (  1.127116)
   Average:  0.010607   0.000225   0.010831 (  0.012664)
     Count:89
I, [2017-12-28T23:07:21.244319 #9485]  INFO -- :   Answer:И ужас как она ревнива
I, [2017-12-28T23:07:33.067075 #9485]  INFO -- : Question:е аы ш вейсйеч Ввеинзиржнле
I, [2017-12-28T23:07:33.076791 #9485]  INFO -- : Lvl 8/90:  0.008000   0.000000   0.008000 (  0.009353)

I, [2017-12-28T23:07:33.077065 #9485]  INFO -- :    Level 8:
     Total:  0.952000   0.020000   0.972000 (  1.136469)
   Average:  0.010578   0.000222   0.010800 (  0.012627)
     Count:90
I, [2017-12-28T23:07:33.077110 #9485]  INFO -- :   Answer:Веселый вечер в жизни нашей
I, [2017-12-28T23:07:53.352238 #9485]  INFO -- : Question:далуао и хТ еяпн мнег т  л
I, [2017-12-28T23:07:53.385668 #9485]  INFO -- : Lvl 8/91:  0.032000   0.000000   0.032000 (  0.033136)

I, [2017-12-28T23:07:53.386235 #9485]  INFO -- :    Level 8:
     Total:  0.984000   0.020000   1.004000 (  1.169606)
   Average:  0.010813   0.000220   0.011033 (  0.012853)
     Count:91
I, [2017-12-28T23:07:53.386278 #9485]  INFO -- :   Answer:нет
I, [2017-12-28T23:08:19.323176 #9485]  INFO -- : Question:еоотихьртпвеже арБ оплотхчсси нчы с Сд рту ыу
I, [2017-12-28T23:08:19.324047 #9485]  INFO -- : Lvl 8/92:  0.000000   0.000000   0.000000 (  0.000307)

I, [2017-12-28T23:08:19.324164 #9485]  INFO -- :    Level 8:
     Total:  0.984000   0.020000   1.004000 (  1.169913)
   Average:  0.010696   0.000217   0.010913 (  0.012716)
     Count:92
I, [2017-12-28T23:08:19.324195 #9485]  INFO -- :   Answer:Старый Будрыс хлопочет и спросить уж не хочет
I, [2017-12-28T23:08:43.499769 #9485]  INFO -- : Question: уржкьлржт уавкианлКе иаиеКщс
I, [2017-12-28T23:08:43.520502 #9485]  INFO -- : Lvl 8/93:  0.016000   0.000000   0.016000 (  0.019793)

I, [2017-12-28T23:08:43.521247 #9485]  INFO -- :    Level 8:
     Total:  1.000000   0.020000   1.020000 (  1.189706)
   Average:  0.010753   0.000215   0.010968 (  0.012793)
     Count:93
I, [2017-12-28T23:08:43.521306 #9485]  INFO -- :   Answer:нет
I, [2017-12-28T23:08:43.586977 #9485]  INFO -- : Question:  хн   ш жаякивеолхИ 
I, [2017-12-28T23:08:43.590452 #9485]  INFO -- : Lvl 8/94:  0.004000   0.000000   0.004000 (  0.002839)

I, [2017-12-28T23:08:43.590713 #9485]  INFO -- :    Level 8:
     Total:  1.004000   0.020000   1.024000 (  1.192545)
   Average:  0.010681   0.000213   0.010894 (  0.012687)
     Count:94
I, [2017-12-28T23:08:43.590763 #9485]  INFO -- :   Answer:нет
I, [2017-12-28T23:09:05.077352 #9485]  INFO -- : Question: рярл о бгБюоуяметокн
I, [2017-12-28T23:09:05.083324 #9485]  INFO -- : Lvl 8/95:  0.008000   0.000000   0.008000 (  0.004920)

I, [2017-12-28T23:09:05.083599 #9485]  INFO -- :    Level 8:
     Total:  1.012000   0.020000   1.032000 (  1.197465)
   Average:  0.010653   0.000211   0.010863 (  0.012605)
     Count:95
I, [2017-12-28T23:09:05.083647 #9485]  INFO -- :   Answer:Буря мглою небо кроет
I, [2017-12-28T23:09:30.146515 #9485]  INFO -- : Question:срДавжавамиыао нпет нО
I, [2017-12-28T23:09:30.149143 #9485]  INFO -- : Lvl 8/96:  0.004000   0.000000   0.004000 (  0.001987)

I, [2017-12-28T23:09:30.149447 #9485]  INFO -- :    Level 8:
     Total:  1.016000   0.020000   1.036000 (  1.199452)
   Average:  0.010583   0.000208   0.010792 (  0.012494)
     Count:96
I, [2017-12-28T23:09:30.149488 #9485]  INFO -- :   Answer:Она Державиным воспета
I, [2017-12-28T23:09:30.261264 #9485]  INFO -- : Question:оалкббнВ уерхасарлаи   
I, [2017-12-28T23:09:30.291712 #9485]  INFO -- : Lvl 8/97:  0.024000   0.004000   0.028000 (  0.029728)

I, [2017-12-28T23:09:30.292444 #9485]  INFO -- :    Level 8:
     Total:  1.040000   0.024000   1.064000 (  1.229180)
   Average:  0.010722   0.000247   0.010969 (  0.012672)
     Count:97
I, [2017-12-28T23:09:30.292503 #9485]  INFO -- :   Answer:нет
I, [2017-12-28T23:09:36.381596 #9485]  INFO -- : Question:щКыиуе  аасхмтк
I, [2017-12-28T23:09:36.384257 #9485]  INFO -- : Lvl 8/98:  0.004000   0.000000   0.004000 (  0.002331)

I, [2017-12-28T23:09:36.384540 #9485]  INFO -- :    Level 8:
     Total:  1.044000   0.024000   1.068000 (  1.231511)
   Average:  0.010653   0.000245   0.010898 (  0.012566)
     Count:98
I, [2017-12-28T23:09:36.384582 #9485]  INFO -- :   Answer:нет
I, [2017-12-28T23:10:18.066968 #9485]  INFO -- : Question: по  от сдо йрейкюНср в  ув  о а 
I, [2017-12-28T23:10:18.074529 #9485]  INFO -- : Lvl 8/99:  0.004000   0.000000   0.004000 (  0.007064)

I, [2017-12-28T23:10:18.074703 #9485]  INFO -- :    Level 8:
     Total:  1.048000   0.024000   1.072000 (  1.238576)
   Average:  0.010586   0.000242   0.010828 (  0.012511)
     Count:99
I, [2017-12-28T23:10:18.074736 #9485]  INFO -- :   Answer:Но русской правдою твоей
I, [2017-12-28T23:10:18.104945 #9485]  INFO -- : Question:о ал ёюзлспсаоаВзлутк  к
I, [2017-12-28T23:10:18.112638 #9485]  INFO -- : Lvl 8/100:  0.008000   0.000000   0.008000 (  0.006944)

I, [2017-12-28T23:10:18.112911 #9485]  INFO -- :    Level 8:
     Total:  1.056000   0.024000   1.080000 (  1.245520)
   Average:  0.010560   0.000240   0.010800 (  0.012455)
     Count:100
I, [2017-12-28T23:10:18.114031 #9485]  INFO -- :   Answer:Всё куплю сказало злато
I, [2017-12-28T23:10:30.805698 #9485]  INFO -- : Question:моюнм он опыйойлйгядерс оекууаВн
I, [2017-12-28T23:10:30.816751 #9485]  INFO -- : Lvl 8/101:  0.012000   0.000000   0.012000 (  0.010695)

I, [2017-12-28T23:10:30.817031 #9485]  INFO -- :    Level 8:
     Total:  1.068000   0.024000   1.092000 (  1.256215)
   Average:  0.010574   0.000238   0.010812 (  0.012438)
     Count:101
I, [2017-12-28T23:10:30.817074 #9485]  INFO -- :   Answer:нет
I, [2017-12-28T23:10:41.270440 #9485]  INFO -- : Question:ноелвИаы ыйонноыр шногвзй ргб
I, [2017-12-28T23:10:41.274070 #9485]  INFO -- : Lvl 8/102:  0.004000   0.000000   0.004000 (  0.003258)

I, [2017-12-28T23:10:41.274314 #9485]  INFO -- :    Level 8:
     Total:  1.072000   0.024000   1.096000 (  1.259473)
   Average:  0.010510   0.000235   0.010745 (  0.012348)
     Count:102
I, [2017-12-28T23:10:41.274356 #9485]  INFO -- :   Answer:И огненный волшебный разговор
I, [2017-12-28T23:10:58.420996 #9485]  INFO -- : Question:аымскн ьр  улдклокяш сщНмннуйьаро 
I, [2017-12-28T23:10:58.425701 #9485]  INFO -- : Lvl 8/103:  0.004000   0.000000   0.004000 (  0.003769)

I, [2017-12-28T23:10:58.425968 #9485]  INFO -- :    Level 8:
     Total:  1.076000   0.024000   1.100000 (  1.263242)
   Average:  0.010447   0.000233   0.010680 (  0.012264)
     Count:103
I, [2017-12-28T23:10:58.426011 #9485]  INFO -- :   Answer:На руль склонясь наш кормщик умный
I, [2017-12-28T23:11:12.622887 #9485]  INFO -- : Question:вдйркИ овоуиру  вгещоз 
I, [2017-12-28T23:11:12.634331 #9485]  INFO -- : Lvl 8/104:  0.012000   0.000000   0.012000 (  0.010753)

I, [2017-12-28T23:11:12.634592 #9485]  INFO -- :    Level 8:
     Total:  1.088000   0.024000   1.112000 (  1.273995)
   Average:  0.010462   0.000231   0.010692 (  0.012250)
     Count:104
I, [2017-12-28T23:11:12.634632 #9485]  INFO -- :   Answer:И вдруг из рощи вековой
I, [2017-12-28T23:11:21.995458 #9485]  INFO -- : Question:Онедгртееинзабу нТоба  
I, [2017-12-28T23:11:22.031219 #9485]  INFO -- : Lvl 8/105:  0.036000   0.000000   0.036000 (  0.035421)

I, [2017-12-28T23:11:22.031945 #9485]  INFO -- :    Level 8:
     Total:  1.124000   0.024000   1.148000 (  1.309416)
   Average:  0.010705   0.000229   0.010933 (  0.012471)
     Count:105
I, [2017-12-28T23:11:22.032006 #9485]  INFO -- :   Answer:нет
I, [2017-12-28T23:11:38.646121 #9485]  INFO -- : Question:а Т ыгл ерасятелейме рудбнИщенг мдснев
I, [2017-12-28T23:11:38.651285 #9485]  INFO -- : Lvl 8/106:  0.004000   0.000000   0.004000 (  0.004809)

I, [2017-12-28T23:11:38.651557 #9485]  INFO -- :    Level 8:
     Total:  1.128000   0.024000   1.152000 (  1.314225)
   Average:  0.010642   0.000226   0.010868 (  0.012398)
     Count:106
I, [2017-12-28T23:11:38.651619 #9485]  INFO -- :   Answer:нет
I, [2017-12-28T23:11:59.279057 #9485]  INFO -- : Question:тсюбХои л  юьяебилятв илдсл
I, [2017-12-28T23:11:59.285159 #9485]  INFO -- : Lvl 8/107:  0.008000   0.000000   0.008000 (  0.005317)

I, [2017-12-28T23:11:59.285490 #9485]  INFO -- :    Level 8:
     Total:  1.136000   0.024000   1.160000 (  1.319542)
   Average:  0.010617   0.000224   0.010841 (  0.012332)
     Count:107
I, [2017-12-28T23:11:59.285535 #9485]  INFO -- :   Answer:Хотел влюбиться и влюбился
I, [2017-12-28T23:12:23.673660 #9485]  INFO -- : Question:сгнвеабоз еаыоьчбкын 
I, [2017-12-28T23:12:23.681306 #9485]  INFO -- : Lvl 8/108:  0.008000   0.000000   0.008000 (  0.006850)

I, [2017-12-28T23:12:23.681577 #9485]  INFO -- :    Level 8:
     Total:  1.144000   0.024000   1.168000 (  1.326392)
   Average:  0.010593   0.000222   0.010815 (  0.012281)
     Count:108
I, [2017-12-28T23:12:23.681621 #9485]  INFO -- :   Answer:Его забавы бесконечны
I, [2017-12-28T23:12:35.671665 #9485]  INFO -- : Question:нит Нт ас  тя  ик рпа Ахф  
I, [2017-12-28T23:12:35.675626 #9485]  INFO -- : Lvl 8/109:  0.004000   0.000000   0.004000 (  0.003568)

I, [2017-12-28T23:12:35.675918 #9485]  INFO -- :    Level 8:
     Total:  1.148000   0.024000   1.172000 (  1.329960)
   Average:  0.010532   0.000220   0.010752 (  0.012201)
     Count:109
I, [2017-12-28T23:12:35.675963 #9485]  INFO -- :   Answer:На прах Афин катится
I, [2017-12-28T23:12:41.713758 #9485]  INFO -- : Question:точПдсрте оиьвлэы розла отпхис  и м
I, [2017-12-28T23:12:41.714477 #9485]  INFO -- : Lvl 8/110:  0.000000   0.000000   0.000000 (  0.000303)

I, [2017-12-28T23:12:41.714585 #9485]  INFO -- :    Level 8:
     Total:  1.148000   0.024000   1.172000 (  1.330263)
   Average:  0.010436   0.000218   0.010655 (  0.012093)
     Count:110
I, [2017-12-28T23:12:41.714624 #9485]  INFO -- :   Answer:Приходит в мысль что если это проза
I, [2017-12-28T23:12:57.551466 #9485]  INFO -- : Question:р нвн   от еовороаачц       Утг
I, [2017-12-28T23:12:57.572654 #9485]  INFO -- : Lvl 8/111:  0.020000   0.000000   0.020000 (  0.020894)

I, [2017-12-28T23:12:57.573306 #9485]  INFO -- :    Level 8:
     Total:  1.168000   0.024000   1.192000 (  1.351157)
   Average:  0.010523   0.000216   0.010739 (  0.012173)
     Count:111
I, [2017-12-28T23:12:57.573352 #9485]  INFO -- :   Answer:нет
I, [2017-12-28T23:13:15.221588 #9485]  INFO -- : Question:ео Кз    нопл п м рр яме и л
I, [2017-12-28T23:13:15.236028 #9485]  INFO -- : Lvl 8/112:  0.012000   0.000000   0.012000 (  0.013664)

I, [2017-12-28T23:13:15.236313 #9485]  INFO -- :    Level 8:
     Total:  1.180000   0.024000   1.204000 (  1.364820)
   Average:  0.010536   0.000214   0.010750 (  0.012186)
     Count:112
I, [2017-12-28T23:13:15.236360 #9485]  INFO -- :   Answer:нет
I, [2017-12-28T23:13:33.499859 #9485]  INFO -- : Question:лея ьИыт б нмооавнивз нево иучзвыва
I, [2017-12-28T23:13:33.502458 #9485]  INFO -- : Lvl 8/113:  0.000000   0.000000   0.000000 (  0.002310)

I, [2017-12-28T23:13:33.502636 #9485]  INFO -- :    Level 8:
     Total:  1.180000   0.024000   1.204000 (  1.367131)
   Average:  0.010442   0.000212   0.010655 (  0.012099)
     Count:113
I, [2017-12-28T23:13:33.502668 #9485]  INFO -- :   Answer:И вновь тебя зовут заманчивые волны
I, [2017-12-28T23:13:41.760893 #9485]  INFO -- : Question:ькот  птоьхБтуоле игчлоыоз л
I, [2017-12-28T23:13:41.789495 #9485]  INFO -- : Lvl 8/114:  0.028000   0.000000   0.028000 (  0.027767)

I, [2017-12-28T23:13:41.790223 #9485]  INFO -- :    Level 8:
     Total:  1.208000   0.024000   1.232000 (  1.394898)
   Average:  0.010596   0.000211   0.010807 (  0.012236)
     Count:114
I, [2017-12-28T23:13:41.790308 #9485]  INFO -- :   Answer:нет
I, [2017-12-28T23:14:00.194750 #9485]  INFO -- : Question:иаама ке памнито  н и ыЗм 
I, [2017-12-28T23:14:00.214847 #9485]  INFO -- : Lvl 8/115:  0.020000   0.000000   0.020000 (  0.019771)

I, [2017-12-28T23:14:00.215109 #9485]  INFO -- :    Level 8:
     Total:  1.228000   0.024000   1.252000 (  1.414669)
   Average:  0.010678   0.000209   0.010887 (  0.012301)
     Count:115
I, [2017-12-28T23:14:00.215151 #9485]  INFO -- :   Answer:нет
I, [2017-12-28T23:14:20.852349 #9485]  INFO -- : Question:бмю оЯо иоанщ е
I, [2017-12-28T23:14:20.853419 #9485]  INFO -- : Lvl 8/116:  0.000000   0.000000   0.000000 (  0.000484)

I, [2017-12-28T23:14:20.853594 #9485]  INFO -- :    Level 8:
     Total:  1.228000   0.024000   1.252000 (  1.415153)
   Average:  0.010586   0.000207   0.010793 (  0.012200)
     Count:116
I, [2017-12-28T23:14:20.853647 #9485]  INFO -- :   Answer:Я много обещаю
I, [2017-12-28T23:14:45.358320 #9485]  INFO -- : Question: ск  ей жлпрВеиваноссйовеенуор
I, [2017-12-28T23:14:45.365273 #9485]  INFO -- : Lvl 8/117:  0.008000   0.000000   0.008000 (  0.006129)

I, [2017-12-28T23:14:45.365537 #9485]  INFO -- :    Level 8:
     Total:  1.236000   0.024000   1.260000 (  1.421282)
   Average:  0.010564   0.000205   0.010769 (  0.012148)
     Count:117
I, [2017-12-28T23:14:45.365579 #9485]  INFO -- :   Answer:В журнал совсем не европейский
I, [2017-12-28T23:14:47.407382 #9485]  INFO -- : Question:ер д впанвВжойрааиыдеЭси
I, [2017-12-28T23:14:47.414099 #9485]  INFO -- : Lvl 8/118:  0.004000   0.000000   0.004000 (  0.006377)

I, [2017-12-28T23:14:47.414362 #9485]  INFO -- :    Level 8:
     Total:  1.240000   0.024000   1.264000 (  1.427659)
   Average:  0.010508   0.000203   0.010712 (  0.012099)
     Count:118
I, [2017-12-28T23:14:47.414404 #9485]  INFO -- :   Answer:Вражда свирепой Эвмениды
I, [2017-12-28T23:14:53.467757 #9485]  INFO -- : Question:т татсждб унуб Пьаиалеро е
I, [2017-12-28T23:14:53.480454 #9485]  INFO -- : Lvl 8/119:  0.012000   0.000000   0.012000 (  0.012348)

I, [2017-12-28T23:14:53.480728 #9485]  INFO -- :    Level 8:
     Total:  1.252000   0.024000   1.276000 (  1.440007)
   Average:  0.010521   0.000202   0.010723 (  0.012101)
     Count:119
I, [2017-12-28T23:14:53.480773 #9485]  INFO -- :   Answer:Пожалуй будь себе татарин
I, [2017-12-28T23:15:07.006840 #9485]  INFO -- : Question: к ллцпрДпииист о влеоерия глкиуе
I, [2017-12-28T23:15:07.012579 #9485]  INFO -- : Lvl 8/120:  0.004000   0.000000   0.004000 (  0.004364)

I, [2017-12-28T23:15:07.012798 #9485]  INFO -- :    Level 8:
     Total:  1.256000   0.024000   1.280000 (  1.444371)
   Average:  0.010467   0.000200   0.010667 (  0.012036)
     Count:120
I, [2017-12-28T23:15:07.012846 #9485]  INFO -- :   Answer:Диявол прилетел к лицу его приник
I, [2017-12-28T23:15:28.554599 #9485]  INFO -- : Question:лк нйлтаТонсаШмвобиап оыоигыь мх
I, [2017-12-28T23:15:28.561157 #9485]  INFO -- : Lvl 8/121:  0.008000   0.000000   0.008000 (  0.006025)

I, [2017-12-28T23:15:28.561447 #9485]  INFO -- :    Level 8:
     Total:  1.264000   0.024000   1.288000 (  1.450395)
   Average:  0.010446   0.000198   0.010645 (  0.011987)
     Count:121
I, [2017-12-28T23:15:28.561489 #9485]  INFO -- :   Answer:Так писывал Шихматов богомольный
I, [2017-12-28T23:15:48.640592 #9485]  INFO -- : Question:аосз  Ррвунстсивт  онапе турДсляяеинлслд 
I, [2017-12-28T23:15:48.642794 #9485]  INFO -- : Lvl 8/122:  0.004000   0.000000   0.004000 (  0.001511)

I, [2017-12-28T23:15:48.643022 #9485]  INFO -- :    Level 8:
     Total:  1.268000   0.024000   1.292000 (  1.451906)
   Average:  0.010393   0.000197   0.010590 (  0.011901)
     Count:122
I, [2017-12-28T23:15:48.643085 #9485]  INFO -- :   Answer:Разостлан Дунул ветр поднялся свист и рев
I, [2017-12-28T23:15:58.980738 #9485]  INFO -- : Question:нсеть учй  квомоПиозкос
I, [2017-12-28T23:15:59.005563 #9485]  INFO -- : Lvl 8/123:  0.024000   0.000000   0.024000 (  0.024523)

I, [2017-12-28T23:15:59.006188 #9485]  INFO -- :    Level 8:
     Total:  1.292000   0.024000   1.316000 (  1.476429)
   Average:  0.010504   0.000195   0.010699 (  0.012003)
     Count:123
I, [2017-12-28T23:15:59.006231 #9485]  INFO -- :   Answer:нет
I, [2017-12-28T23:16:07.887968 #9485]  INFO -- : Question:  оо епьаеАсвльпватр  уж
I, [2017-12-28T23:16:07.897580 #9485]  INFO -- : Lvl 8/124:  0.004000   0.004000   0.008000 (  0.009285)

I, [2017-12-28T23:16:07.897884 #9485]  INFO -- :    Level 8:
     Total:  1.296000   0.028000   1.324000 (  1.485714)
   Average:  0.010452   0.000226   0.010677 (  0.011982)
     Count:124
I, [2017-12-28T23:16:07.897961 #9485]  INFO -- :   Answer:А вам в постель уже пора
I, [2017-12-28T23:16:15.555147 #9485]  INFO -- : Question:евисвна еинденазазам  нйтартОна  ч
I, [2017-12-28T23:16:15.563970 #9485]  INFO -- : Lvl 8/125:  0.008000   0.000000   0.008000 (  0.007997)

I, [2017-12-28T23:16:15.564258 #9485]  INFO -- :    Level 8:
     Total:  1.304000   0.028000   1.332000 (  1.493711)
   Average:  0.010432   0.000224   0.010656 (  0.011950)
     Count:125
I, [2017-12-28T23:16:15.564303 #9485]  INFO -- :   Answer:Он ей свидание на завтра назначает
I, [2017-12-28T23:16:36.570881 #9485]  INFO -- : Question:сичротПви йре огвеаиводВ 
I, [2017-12-28T23:16:36.591541 #9485]  INFO -- : Lvl 8/126:  0.016000   0.004000   0.020000 (  0.020456)

I, [2017-12-28T23:16:36.591872 #9485]  INFO -- :    Level 8:
     Total:  1.320000   0.032000   1.352000 (  1.514167)
   Average:  0.010476   0.000254   0.010730 (  0.012017)
     Count:126
I, [2017-12-28T23:16:36.591910 #9485]  INFO -- :   Answer:нет
I, [2017-12-28T23:16:58.170608 #9485]  INFO -- : Question:И  оен ядхижмолмгзетый«аб
I, [2017-12-28T23:16:58.207386 #9485]  INFO -- : Lvl 8/127:  0.032000   0.000000   0.032000 (  0.036023)

I, [2017-12-28T23:16:58.208192 #9485]  INFO -- :    Level 8:
     Total:  1.352000   0.032000   1.384000 (  1.550190)
   Average:  0.010646   0.000252   0.010898 (  0.012206)
     Count:127
I, [2017-12-28T23:16:58.208248 #9485]  INFO -- :   Answer:нет
I, [2017-12-28T23:17:19.507438 #9485]  INFO -- : Question:ылтоур а  Пчпскентиш
I, [2017-12-28T23:17:19.508834 #9485]  INFO -- : Lvl 8/128:  0.000000   0.000000   0.000000 (  0.000967)

I, [2017-12-28T23:17:19.508948 #9485]  INFO -- :    Level 8:
     Total:  1.352000   0.032000   1.384000 (  1.551157)
   Average:  0.010563   0.000250   0.010813 (  0.012118)
     Count:128
I, [2017-12-28T23:17:19.508980 #9485]  INFO -- :   Answer:При стуке полных чаш
I, [2017-12-28T23:17:40.092560 #9485]  INFO -- : Question:аеекь о генунпеуаи лтсВн
I, [2017-12-28T23:17:40.094859 #9485]  INFO -- : Lvl 8/129:  0.000000   0.000000   0.000000 (  0.000900)

I, [2017-12-28T23:17:40.095161 #9485]  INFO -- :    Level 8:
     Total:  1.352000   0.032000   1.384000 (  1.552057)
   Average:  0.010481   0.000248   0.010729 (  0.012031)
     Count:129
I, [2017-12-28T23:17:40.095204 #9485]  INFO -- :   Answer:Веселье нега нас покинут
I, [2017-12-28T23:17:40.154821 #9485]  INFO -- : Question:ее мсцзе  де имнирнаилаМ
I, [2017-12-28T23:17:40.164409 #9485]  INFO -- : Lvl 8/130:  0.012000   0.000000   0.012000 (  0.008738)

I, [2017-12-28T23:17:40.164718 #9485]  INFO -- :    Level 8:
     Total:  1.364000   0.032000   1.396000 (  1.560795)
   Average:  0.010492   0.000246   0.010738 (  0.012006)
     Count:130
I, [2017-12-28T23:17:40.164762 #9485]  INFO -- :   Answer:Мне ум и сердце занимали
I, [2017-12-28T23:18:13.588654 #9485]  INFO -- : Question: кео нК мяпникзвя св алесаТ
I, [2017-12-28T23:18:13.600135 #9485]  INFO -- : Lvl 8/131:  0.008000   0.000000   0.008000 (  0.010580)

I, [2017-12-28T23:18:13.600404 #9485]  INFO -- :    Level 8:
     Total:  1.372000   0.032000   1.404000 (  1.571374)
   Average:  0.010473   0.000244   0.010718 (  0.011995)
     Count:131
I, [2017-12-28T23:18:13.600448 #9485]  INFO -- :   Answer:Как взвился как понес меня
I, [2017-12-28T23:18:13.624788 #9485]  INFO -- : Question:тх вкснч ои с ёекех есау  иквиеуЖн
I, [2017-12-28T23:18:13.629088 #9485]  INFO -- : Lvl 8/132:  0.004000   0.000000   0.004000 (  0.003442)

I, [2017-12-28T23:18:13.629428 #9485]  INFO -- :    Level 8:
     Total:  1.376000   0.032000   1.408000 (  1.574816)
   Average:  0.010424   0.000242   0.010667 (  0.011930)
     Count:132
I, [2017-12-28T23:18:13.629543 #9485]  INFO -- :   Answer:Живёхонек все так же сух и скучен
I, [2017-12-28T23:18:38.006811 #9485]  INFO -- : Question: тняиею брсньтоорсыгбарПйооп хлу
I, [2017-12-28T23:18:38.012758 #9485]  INFO -- : Lvl 8/133:  0.004000   0.000000   0.004000 (  0.004943)

I, [2017-12-28T23:18:38.013029 #9485]  INFO -- :    Level 8:
     Total:  1.380000   0.032000   1.412000 (  1.579759)
   Average:  0.010376   0.000241   0.010617 (  0.011878)
     Count:133
I, [2017-12-28T23:18:38.013083 #9485]  INFO -- :   Answer:Пятьсот рублей проигранных тобою
I, [2017-12-28T23:18:49.531524 #9485]  INFO -- : Question:еоддбдтойЧымйыак е е елнр
I, [2017-12-28T23:18:49.545079 #9485]  INFO -- : Lvl 8/134:  0.012000   0.000000   0.012000 (  0.013200)

I, [2017-12-28T23:18:49.545473 #9485]  INFO -- :    Level 8:
     Total:  1.392000   0.032000   1.424000 (  1.592959)
   Average:  0.010388   0.000239   0.010627 (  0.011888)
     Count:134
I, [2017-12-28T23:18:49.545524 #9485]  INFO -- :   Answer:Черты далекой бедной девы
I, [2017-12-28T23:18:55.641065 #9485]  INFO -- : Question:бин жТ   шоолмаис  япиамекытаеььвтн
I, [2017-12-28T23:18:55.644968 #9485]  INFO -- : Lvl 8/135:  0.000000   0.000000   0.000000 (  0.003573)

I, [2017-12-28T23:18:55.645637 #9485]  INFO -- :    Level 8:
     Total:  1.392000   0.032000   1.424000 (  1.596532)
   Average:  0.010311   0.000237   0.010548 (  0.011826)
     Count:135
I, [2017-12-28T23:18:55.645681 #9485]  INFO -- :   Answer:Ты помнишь ли скажи ебена твоя мать
I, [2017-12-28T23:19:10.479820 #9485]  INFO -- : Question:сстькыкс тдп окрйос Иоолет
I, [2017-12-28T23:19:10.486791 #9485]  INFO -- : Lvl 8/136:  0.004000   0.000000   0.004000 (  0.006113)

I, [2017-12-28T23:19:10.487058 #9485]  INFO -- :    Level 8:
     Total:  1.396000   0.032000   1.428000 (  1.602644)
   Average:  0.010265   0.000235   0.010500 (  0.011784)
     Count:136
I, [2017-12-28T23:19:10.487149 #9485]  INFO -- :   Answer:И сколько детской простоты
I, [2017-12-28T23:19:26.991815 #9485]  INFO -- : Question:еноедьЕекис им лр тен я Вйыввтыоае 
I, [2017-12-28T23:19:26.992592 #9485]  INFO -- : Lvl 8/137:  0.000000   0.000000   0.000000 (  0.000498)

I, [2017-12-28T23:19:26.992748 #9485]  INFO -- :    Level 8:
     Total:  1.396000   0.032000   1.428000 (  1.603142)
   Average:  0.010190   0.000234   0.010423 (  0.011702)
     Count:137
I, [2017-12-28T23:19:26.992802 #9485]  INFO -- :   Answer:Вы не милее в день святой Екатерины
I, [2017-12-28T23:19:39.443303 #9485]  INFO -- : Question:н удыеьтйЧыархп  жйнс еочлене н  и
I, [2017-12-28T23:19:39.456750 #9485]  INFO -- : Lvl 8/138:  0.012000   0.000000   0.012000 (  0.013088)

I, [2017-12-28T23:19:39.457028 #9485]  INFO -- :    Level 8:
     Total:  1.408000   0.032000   1.440000 (  1.616230)
   Average:  0.010203   0.000232   0.010435 (  0.011712)
     Count:138
I, [2017-12-28T23:19:39.457070 #9485]  INFO -- :   Answer:нет
I, [2017-12-28T23:19:55.320848 #9485]  INFO -- : Question:дЯсиыбв ы ойоо  тзмрн оинс к
I, [2017-12-28T23:19:55.360352 #9485]  INFO -- : Lvl 8/139:  0.036000   0.000000   0.036000 (  0.038750)

I, [2017-12-28T23:19:55.361161 #9485]  INFO -- :    Level 8:
     Total:  1.444000   0.032000   1.476000 (  1.654980)
   Average:  0.010388   0.000230   0.010619 (  0.011906)
     Count:139
I, [2017-12-28T23:19:55.361257 #9485]  INFO -- :   Answer:нет
I, [2017-12-28T23:20:10.235931 #9485]  INFO -- : Question:пибеГт юеаанГус кеттарШ
I, [2017-12-28T23:20:10.305460 #9485]  INFO -- : Lvl 8/140:  0.064000   0.004000   0.068000 (  0.068616)

I, [2017-12-28T23:20:10.306368 #9485]  INFO -- :    Level 8:
     Total:  1.508000   0.036000   1.544000 (  1.723596)
   Average:  0.010771   0.000257   0.011029 (  0.012311)
     Count:140
I, [2017-12-28T23:20:10.306437 #9485]  INFO -- :   Answer:нет
I, [2017-12-28T23:20:27.351641 #9485]  INFO -- : Question:иои хнуогГп исДтбрл  
I, [2017-12-28T23:20:27.366198 #9485]  INFO -- : Lvl 8/141:  0.016000   0.000000   0.016000 (  0.014198)

I, [2017-12-28T23:20:27.366491 #9485]  INFO -- :    Level 8:
     Total:  1.524000   0.036000   1.560000 (  1.737793)
   Average:  0.010809   0.000255   0.011064 (  0.012325)
     Count:141
I, [2017-12-28T23:20:27.366535 #9485]  INFO -- :   Answer:нет
I, [2017-12-28T23:20:35.646278 #9485]  INFO -- : Question: тсмяеж иоИьказип ннт
I, [2017-12-28T23:20:35.648173 #9485]  INFO -- : Lvl 8/142:  0.000000   0.000000   0.000000 (  0.001576)

I, [2017-12-28T23:20:35.648497 #9485]  INFO -- :    Level 8:
     Total:  1.524000   0.036000   1.560000 (  1.739369)
   Average:  0.010732   0.000254   0.010986 (  0.012249)
     Count:142
I, [2017-12-28T23:20:35.648545 #9485]  INFO -- :   Answer:И покамест жизни нить
I, [2017-12-28T23:20:50.757813 #9485]  INFO -- : Question:âa ir rgeunc h M spioouue tnomeoDnn 
I, [2017-12-28T23:20:50.760091 #9485]  INFO -- : Lvl 8/143:  0.000000   0.000000   0.000000 (  0.001554)

I, [2017-12-28T23:20:50.760308 #9485]  INFO -- :    Level 8:
     Total:  1.524000   0.036000   1.560000 (  1.740924)
   Average:  0.010657   0.000252   0.010909 (  0.012174)
     Count:143
I, [2017-12-28T23:20:50.760342 #9485]  INFO -- :   Answer:Mais pour une grâce oh mon Dieu non1
I, [2017-12-28T23:21:05.833359 #9485]  INFO -- : Question:я сл беав лч гаьрссдзЗю и ыт
I, [2017-12-28T23:21:05.836736 #9485]  INFO -- : Lvl 8/144:  0.004000   0.000000   0.004000 (  0.003046)

I, [2017-12-28T23:21:05.836988 #9485]  INFO -- :    Level 8:
     Total:  1.528000   0.036000   1.564000 (  1.743970)
   Average:  0.010611   0.000250   0.010861 (  0.012111)
     Count:144
I, [2017-12-28T23:21:05.837025 #9485]  INFO -- :   Answer:Здесь ею счастлив был я раз
I, [2017-12-28T23:21:25.299520 #9485]  INFO -- : Question:вяиелчу  аСизтклнрйббоо лкю тсбнновиы еп
I, [2017-12-28T23:21:25.301232 #9485]  INFO -- : Lvl 8/145:  0.004000   0.000000   0.004000 (  0.000995)

I, [2017-12-28T23:21:25.301439 #9485]  INFO -- :    Level 8:
     Total:  1.532000   0.036000   1.568000 (  1.744965)
   Average:  0.010566   0.000248   0.010814 (  0.012034)
     Count:145
I, [2017-12-28T23:21:25.301479 #9485]  INFO -- :   Answer:Счастлив кто близ тебя любовник упоенный
I, [2017-12-28T23:21:41.880165 #9485]  INFO -- : Question: лго соиотьотму беяинХ
I, [2017-12-28T23:21:41.890385 #9485]  INFO -- : Lvl 8/146:  0.012000   0.000000   0.012000 (  0.009364)

I, [2017-12-28T23:21:41.890870 #9485]  INFO -- :    Level 8:
     Total:  1.544000   0.036000   1.580000 (  1.754329)
   Average:  0.010575   0.000247   0.010822 (  0.012016)
     Count:146
I, [2017-12-28T23:21:41.890922 #9485]  INFO -- :   Answer:Хочет он молиться богу
I, [2017-12-28T23:22:00.931287 #9485]  INFO -- : Question:а иал езанасшгии
I, [2017-12-28T23:22:00.933366 #9485]  INFO -- : Lvl 8/147:  0.000000   0.000000   0.000000 (  0.001791)

I, [2017-12-28T23:22:00.933605 #9485]  INFO -- :    Level 8:
     Total:  1.544000   0.036000   1.580000 (  1.756120)
   Average:  0.010503   0.000245   0.010748 (  0.011946)
     Count:147
I, [2017-12-28T23:22:00.933645 #9485]  INFO -- :   Answer:Ваши синие глаза
