# Logfile created on 2017-12-29 23:50:41 +0300 by logger.rb/61378
  INFO ---------------------------------------------------------------------------
  INFO START 2017-12-29 23:50:41 +0300 cap production deploy
  INFO ---------------------------------------------------------------------------
  INFO ---------------------------------------------------------------------------
  INFO START 2017-12-30 00:15:11 +0300 cap production deploy
  INFO ---------------------------------------------------------------------------
 DEBUG [2e9eaec0] Running [ -d ~/.rvm ] as dev@82.202.204.108
 DEBUG [2e9eaec0] Command: [ -d ~/.rvm ]
 DEBUG [2e9eaec0] Finished in 5.656 seconds with exit status 0 (successful).
 DEBUG [1794a2f5] Running ~/.rvm/bin/rvm version as dev@82.202.204.108
 DEBUG [1794a2f5] Command: ~/.rvm/bin/rvm version
 DEBUG [1794a2f5] 	rvm 1.29.3 (latest) by Michal Papis, Piotr Kuczynski, Wayne E. Seguin [https://rvm.io]
 DEBUG [1794a2f5] Finished in 0.256 seconds with exit status 0 (successful).
 DEBUG [87c84382] Running ~/.rvm/bin/rvm current as dev@82.202.204.108
 DEBUG [87c84382] Command: ~/.rvm/bin/rvm current
 DEBUG [87c84382] 	ruby-2.5.0
 DEBUG [87c84382] Finished in 0.277 seconds with exit status 0 (successful).
 DEBUG [ad1c7f5e] Running ~/.rvm/bin/rvm default do ruby --version as dev@82.202.204.108
 DEBUG [ad1c7f5e] Command: ~/.rvm/bin/rvm default do ruby --version
 DEBUG [ad1c7f5e] 	ruby 2.5.0p0 (2017-12-25 revision 61468) [x86_64-linux]
 DEBUG [ad1c7f5e] Finished in 0.409 seconds with exit status 0 (successful).
  INFO [40594257] Running /usr/bin/env mkdir -p /tmp as dev@82.202.204.108
 DEBUG [40594257] Command: /usr/bin/env mkdir -p /tmp
  INFO [40594257] Finished in 0.043 seconds with exit status 0 (successful).
 DEBUG Uploading /tmp/git-ssh-pushkin-contest-bot-production-dev.sh 0.0%
  INFO Uploading /tmp/git-ssh-pushkin-contest-bot-production-dev.sh 100.0%
  INFO [7a953299] Running /usr/bin/env chmod 700 /tmp/git-ssh-pushkin-contest-bot-production-dev.sh as dev@82.202.204.108
 DEBUG [7a953299] Command: /usr/bin/env chmod 700 /tmp/git-ssh-pushkin-contest-bot-production-dev.sh
  INFO [7a953299] Finished in 0.044 seconds with exit status 0 (successful).
  INFO [a4e97794] Running /usr/bin/env git ls-remote git@github.com:dmlaziuk/pushkin-contest-bot.git HEAD as dev@82.202.204.108
 DEBUG [a4e97794] Command: ( export GIT_ASKPASS="/bin/echo" GIT_SSH="/tmp/git-ssh-pushkin-contest-bot-production-dev.sh" ; /usr/bin/env git ls-remote git@github.com:dmlaziuk/pushkin-contest-bot.git HEAD )
 DEBUG [a4e97794] 	Permission denied (publickey).
 DEBUG [a4e97794] 	fatal: Could not read from remote repository.

Please make sure you have the correct access rights
and the repository exists.
